#
# A fatal error has been detected by the Java Runtime Environment:
#
#  EXCEPTION_ACCESS_VIOLATION (0xc0000005) at pc=0x0000000069f16f4d, pid=12700, tid=10776
#
# JRE version: Java(TM) SE Runtime Environment (10.0+39) (build 10-ea+39)
# Java VM: Java HotSpot(TM) 64-Bit Server VM (10-ea+39, mixed mode, tiered, compressed oops, g1 gc, windows-amd64)
# Problematic frame:
# V  [jvm.dll+0x2f6f4d]
#
# No core dump will be written. Minidumps are not enabled by default on client versions of Windows
#
# If you would like to submit a bug report, please visit:
#   http://bugreport.java.com/bugreport/crash.jsp
#

---------------  S U M M A R Y ------------

Command Line: -Dfile.encoding=Cp1252 com.dezzy.skorp3.Skorp3

Host: Intel(R) Core(TM) i7-6500U CPU @ 2.50GHz, 4 cores, 11G,  Windows 10 , 64 bit Build 16299 (10.0.16299.15)
Time: Wed Apr 04 15:46:57 2018 Eastern Daylight Time elapsed time: 4 seconds (0d 0h 0m 4s)

---------------  T H R E A D  ---------------

Current thread (0x0000026a21f98000):  GCTaskThread "GC Thread#0" [stack: 0x0000007274500000,0x0000007274600000] [id=10776]

Stack: [0x0000007274500000,0x0000007274600000],  sp=0x00000072745ff9c0,  free space=1022k
Native frames: (J=compiled Java code, j=interpreted, Vv=VM code, C=native code)
V  [jvm.dll+0x2f6f4d]
V  [jvm.dll+0x2bfa3e]
V  [jvm.dll+0x2f7a2e]
V  [jvm.dll+0x2c91b4]
V  [jvm.dll+0x6dea50]
V  [jvm.dll+0x59eb40]
C  [msvcr120.dll+0x24f7f]
C  [msvcr120.dll+0x25126]
C  [KERNEL32.DLL+0x11fe4]
C  [ntdll.dll+0x6efc1]


siginfo: EXCEPTION_ACCESS_VIOLATION (0xc0000005), reading address 0x0000000000000000


Register to memory mapping:

RIP=0x0000000069f16f4d jvm.dll
RAX=0x0000000000000001 is an unknown value
RBX=0x0000000000000000 is an unknown value
RCX=0x0000000000000000 is an unknown value
RDX=0x00000000000070cb is an unknown value
RSP=0x00000072745ff9c0 is an unknown value
RBP=0x0000000000000000 is an unknown value
RSI=0x0000026a47b40da0 is an unknown value
RDI=0x0000000701a5a8c8 is pointing into object: 0x0000000701a5a8b8
[Ljava.lang.Object; 
{0x0000000701a5a8b8} - klass: 'java/lang/Object'[]
 - length: 10
R8 =0x0000000000000003 is an unknown value
R9 =0x00000007c006cc50 is pointing into metadata
R10=0x000000000000000c is an unknown value
R11=0x0000000701fb66d8 is an oop
[Ljava.lang.ref.SoftReference; 
{0x0000000701fb66d8} - klass: 'java/lang/ref/SoftReference'[]
 - length: 20
R12=0x0000000000000003 is an unknown value
R13=0x0000000000000000 is an unknown value
R14=0x0000000000000000 is an unknown value
R15=0x000000070cb02af8 is pointing into object: 0x000000070cb02ac0
[D 
{0x000000070cb02ac0} - klass: {type array double}
 - length: 8


Registers:
RAX=0x0000000000000001, RBX=0x0000000000000000, RCX=0x0000000000000000, RDX=0x00000000000070cb
RSP=0x00000072745ff9c0, RBP=0x0000000000000000, RSI=0x0000026a47b40da0, RDI=0x0000000701a5a8c8
R8 =0x0000000000000003, R9 =0x00000007c006cc50, R10=0x000000000000000c, R11=0x0000000701fb66d8
R12=0x0000000000000003, R13=0x0000000000000000, R14=0x0000000000000000, R15=0x000000070cb02af8
RIP=0x0000000069f16f4d, EFLAGS=0x0000000000010246

Top of Stack: (sp=0x00000072745ff9c0)
0x00000072745ff9c0:   0000000000000001 0000026a47b40da0
0x00000072745ff9d0:   0000026a47b40da0 0000026a46de9940
0x00000072745ff9e0:   0000026a21f91098 000000006a208201
0x00000072745ff9f0:   0000026a21f7bd80 0000000000000000
0x00000072745ffa00:   0000000000000001 0000000000000009
0x00000072745ffa10:   0000000701a5b470 0000000000000000
0x00000072745ffa20:   0000026a21fa0928 0000000000000000
0x00000072745ffa30:   0000026a1fe79060 0000026a47b40da0
0x00000072745ffa40:   0000026a22044ac0 0000000069edfa3e
0x00000072745ffa50:   0000026a47b40d01 0000000000000201
0x00000072745ffa60:   0000000000000000 0000000000000000
0x00000072745ffa70:   0000026a21fa0920 0000000069f17a2e
0x00000072745ffa80:   0000000000002655 0000000000000001
0x00000072745ffa90:   0000026a47b40da0 0000026a21f946c0
0x00000072745ffaa0:   000000006a3d5590 0000000000000000
0x00000072745ffab0:   0000026a21f8ea70 0000026a47b40da0 

Instructions: (pc=0x0000000069f16f4d)
0x0000000069f16f2d:   75 37 40 0f b6 cd f6 d1 84 c8 75 0d 4c 8b f5 49
0x0000000069f16f3d:   c1 ee 03 41 83 e6 0f eb 13 48 8b cd 48 83 e1 fd
0x0000000069f16f4d:   8b 11 48 c1 ea 03 83 e2 0f 44 8b f2 44 3b b6 6c
0x0000000069f16f5d:   01 00 00 73 04 b3 01 eb 0c 48 0f be c8 0f b6 9c 



---------------  P R O C E S S  ---------------

Threads class SMR info:
_java_thread_list=0x0000026a493c06a0, length=15, elements={
0x0000026a46138000, 0x0000026a46142000, 0x0000026a46194000, 0x0000026a46196000,
0x0000026a461a1000, 0x0000026a4590b800, 0x0000026a461d0800, 0x0000026a4590e800,
0x0000026a4633f000, 0x0000026a46345800, 0x0000026a468aa800, 0x0000026a46df4000,
0x0000026a46de5800, 0x0000026a47a3b800, 0x0000026a21f80800
}

Java Threads: ( => current thread )
  0x0000026a46138000 JavaThread "Reference Handler" daemon [_thread_blocked, id=8284, stack(0x0000007275100000,0x0000007275200000)]
  0x0000026a46142000 JavaThread "Finalizer" daemon [_thread_blocked, id=3952, stack(0x0000007275200000,0x0000007275300000)]
  0x0000026a46194000 JavaThread "Signal Dispatcher" daemon [_thread_blocked, id=3956, stack(0x0000007275400000,0x0000007275500000)]
  0x0000026a46196000 JavaThread "Attach Listener" daemon [_thread_blocked, id=13296, stack(0x0000007275500000,0x0000007275600000)]
  0x0000026a461a1000 JavaThread "C2 CompilerThread0" daemon [_thread_blocked, id=6996, stack(0x0000007275600000,0x0000007275700000)]
  0x0000026a4590b800 JavaThread "C2 CompilerThread1" daemon [_thread_blocked, id=1832, stack(0x0000007275700000,0x0000007275800000)]
  0x0000026a461d0800 JavaThread "C1 CompilerThread2" daemon [_thread_blocked, id=7128, stack(0x0000007275800000,0x0000007275900000)]
  0x0000026a4590e800 JavaThread "Sweeper thread" daemon [_thread_blocked, id=11336, stack(0x0000007275900000,0x0000007275a00000)]
  0x0000026a4633f000 JavaThread "Service Thread" daemon [_thread_blocked, id=12500, stack(0x0000007275a00000,0x0000007275b00000)]
  0x0000026a46345800 JavaThread "Common-Cleaner" daemon [_thread_blocked, id=10756, stack(0x0000007275b00000,0x0000007275c00000)]
  0x0000026a468aa800 JavaThread "Java2D Disposer" daemon [_thread_blocked, id=9744, stack(0x0000007275f00000,0x0000007276000000)]
  0x0000026a46df4000 JavaThread "AWT-Shutdown" [_thread_blocked, id=7076, stack(0x0000007276000000,0x0000007276100000)]
  0x0000026a46de5800 JavaThread "AWT-Windows" daemon [_thread_blocked, id=1496, stack(0x0000007276100000,0x0000007276200000)]
  0x0000026a47a3b800 JavaThread "AWT-EventQueue-0" [_thread_blocked, id=1888, stack(0x0000007276200000,0x0000007276300000)]
  0x0000026a21f80800 JavaThread "DestroyJavaVM" [_thread_blocked, id=3364, stack(0x0000007274400000,0x0000007274500000)]

Other Threads:
  0x0000026a45907800 VMThread "VM Thread" [stack: 0x0000007275000000,0x0000007275100000] [id=11000]
  0x0000026a46346800 WatcherThread [stack: 0x0000007275c00000,0x0000007275d00000] [id=10772]
=>0x0000026a21f98000 GCTaskThread "GC Thread#0" [stack: 0x0000007274500000,0x0000007274600000] [id=10776]
  0x0000026a21f9a800 GCTaskThread "GC Thread#1" [stack: 0x0000007274600000,0x0000007274700000] [id=760]
  0x0000026a21f9d000 GCTaskThread "GC Thread#2" [stack: 0x0000007274700000,0x0000007274800000] [id=6152]
  0x0000026a21f9f800 GCTaskThread "GC Thread#3" [stack: 0x0000007274800000,0x0000007274900000] [id=9720]
  0x0000026a2203f800 ConcurrentGCThread "G1 Main Marker" [stack: 0x0000007274900000,0x0000007274a00000] [id=10004]
  0x0000026a22043800 ConcurrentGCThread "G1 Conc#0" [stack: 0x0000007274a00000,0x0000007274b00000] [id=10576]
  0x0000026a457b0800 ConcurrentGCThread "G1 Refine#0" [stack: 0x0000007274b00000,0x0000007274c00000] [id=6356]
  0x0000026a457b3800 ConcurrentGCThread "G1 Refine#1" [stack: 0x0000007274c00000,0x0000007274d00000] [id=7812]
  0x0000026a457b6000 ConcurrentGCThread "G1 Refine#2" [stack: 0x0000007274d00000,0x0000007274e00000] [id=13120]
  0x0000026a457b8000 ConcurrentGCThread "G1 Refine#3" [stack: 0x0000007274e00000,0x0000007274f00000] [id=4000]
  0x0000026a457bc000 ConcurrentGCThread "G1 Young RemSet Sampling" [stack: 0x0000007274f00000,0x0000007275000000] [id=4352]

Threads with active compile tasks:

VM state:at safepoint (normal execution)

VM Mutex/Monitor currently owned by a thread:  ([mutex/lock_event])
[0x0000026a21f7ecd0] Threads_lock - owner thread: 0x0000026a45907800
[0x0000026a21f7d800] Heap_lock - owner thread: 0x0000026a47a3b800

Heap address: 0x0000000701a00000, size: 3046 MB, Compressed Oops mode: Zero based, Oop shift amount: 3
Narrow klass base: 0x0000000000000000, Narrow klass shift: 3
Compressed class space size: 1073741824 Address: 0x00000007c0000000

Heap:
 garbage-first heap   total 196608K, used 19214K [0x0000000701a00000, 0x00000007c0000000)
  region size 1024K, 14 young (14336K), 2 survivors (2048K)
 Metaspace       used 18921K, capacity 19328K, committed 19712K, reserved 1067008K
  class space    used 2101K, capacity 2284K, committed 2304K, reserved 1048576K
Heap Regions: E=young(eden), S=young(survivor), O=old, HS=humongous(starts), HC=humongous(continues), CS=collection set, F=free, A=archive, TS=gc time stamp, AC=allocation context, TAMS=top-at-mark-start (previous, next)
|   0|0x0000000701a00000, 0x0000000701b00000, 0x0000000701b00000|100%| O|  |TS  2|AC  0|TAMS 0x0000000701a00000, 0x0000000701a00000|
|   1|0x0000000701b00000, 0x0000000701c00000, 0x0000000701c00000|100%|HS|  |TS  0|AC  0|TAMS 0x0000000701b00000, 0x0000000701b00000|
|   2|0x0000000701c00000, 0x0000000701d00000, 0x0000000701d00000|100%|HC|  |TS  0|AC  0|TAMS 0x0000000701c00000, 0x0000000701c00000|
|   3|0x0000000701d00000, 0x0000000701e00000, 0x0000000701e00000|100%|HC|  |TS  0|AC  0|TAMS 0x0000000701d00000, 0x0000000701d00000|
|   4|0x0000000701e00000, 0x0000000701f00000, 0x0000000701f00000|100%|HC|  |TS  0|AC  0|TAMS 0x0000000701e00000, 0x0000000701e00000|
|   5|0x0000000701f00000, 0x0000000702000000, 0x0000000702000000|100%| O|  |TS  2|AC  0|TAMS 0x0000000701f00000, 0x0000000701f00000|
|   6|0x0000000702000000, 0x00000007020c0130, 0x0000000702100000| 75%| O|  |TS  2|AC  0|TAMS 0x0000000702000000, 0x0000000702000000|
|   7|0x0000000702100000, 0x0000000702100000, 0x0000000702200000|  0%| F|  |TS  0|AC  0|TAMS 0x0000000702100000, 0x0000000702100000|
|   8|0x0000000702200000, 0x0000000702200000, 0x0000000702300000|  0%| F|  |TS  0|AC  0|TAMS 0x0000000702200000, 0x0000000702200000|
|   9|0x0000000702300000, 0x0000000702300000, 0x0000000702400000|  0%| F|  |TS  0|AC  0|TAMS 0x0000000702300000, 0x0000000702300000|
|  10|0x0000000702400000, 0x0000000702400000, 0x0000000702500000|  0%| F|  |TS  0|AC  0|TAMS 0x0000000702400000, 0x0000000702400000|
|  11|0x0000000702500000, 0x0000000702500000, 0x0000000702600000|  0%| F|  |TS  0|AC  0|TAMS 0x0000000702500000, 0x0000000702500000|
|  12|0x0000000702600000, 0x0000000702600000, 0x0000000702700000|  0%| F|  |TS  0|AC  0|TAMS 0x0000000702600000, 0x0000000702600000|
|  13|0x0000000702700000, 0x0000000702700000, 0x0000000702800000|  0%| F|  |TS  0|AC  0|TAMS 0x0000000702700000, 0x0000000702700000|
|  14|0x0000000702800000, 0x0000000702800000, 0x0000000702900000|  0%| F|  |TS  0|AC  0|TAMS 0x0000000702800000, 0x0000000702800000|
|  15|0x0000000702900000, 0x0000000702900000, 0x0000000702a00000|  0%| F|  |TS  0|AC  0|TAMS 0x0000000702900000, 0x0000000702900000|
|  16|0x0000000702a00000, 0x0000000702a00000, 0x0000000702b00000|  0%| F|  |TS  0|AC  0|TAMS 0x0000000702a00000, 0x0000000702a00000|
|  17|0x0000000702b00000, 0x0000000702b00000, 0x0000000702c00000|  0%| F|  |TS  0|AC  0|TAMS 0x0000000702b00000, 0x0000000702b00000|
|  18|0x0000000702c00000, 0x0000000702c00000, 0x0000000702d00000|  0%| F|  |TS  0|AC  0|TAMS 0x0000000702c00000, 0x0000000702c00000|
|  19|0x0000000702d00000, 0x0000000702d00000, 0x0000000702e00000|  0%| F|  |TS  0|AC  0|TAMS 0x0000000702d00000, 0x0000000702d00000|
|  20|0x0000000702e00000, 0x0000000702e00000, 0x0000000702f00000|  0%| F|  |TS  0|AC  0|TAMS 0x0000000702e00000, 0x0000000702e00000|
|  21|0x0000000702f00000, 0x0000000702f00000, 0x0000000703000000|  0%| F|  |TS  0|AC  0|TAMS 0x0000000702f00000, 0x0000000702f00000|
|  22|0x0000000703000000, 0x0000000703000000, 0x0000000703100000|  0%| F|  |TS  0|AC  0|TAMS 0x0000000703000000, 0x0000000703000000|
|  23|0x0000000703100000, 0x0000000703100000, 0x0000000703200000|  0%| F|  |TS  0|AC  0|TAMS 0x0000000703100000, 0x0000000703100000|
|  24|0x0000000703200000, 0x0000000703200000, 0x0000000703300000|  0%| F|  |TS  0|AC  0|TAMS 0x0000000703200000, 0x0000000703200000|
|  25|0x0000000703300000, 0x0000000703300000, 0x0000000703400000|  0%| F|  |TS  0|AC  0|TAMS 0x0000000703300000, 0x0000000703300000|
|  26|0x0000000703400000, 0x0000000703400000, 0x0000000703500000|  0%| F|  |TS  0|AC  0|TAMS 0x0000000703400000, 0x0000000703400000|
|  27|0x0000000703500000, 0x0000000703500000, 0x0000000703600000|  0%| F|  |TS  0|AC  0|TAMS 0x0000000703500000, 0x0000000703500000|
|  28|0x0000000703600000, 0x0000000703600000, 0x0000000703700000|  0%| F|  |TS  0|AC  0|TAMS 0x0000000703600000, 0x0000000703600000|
|  29|0x0000000703700000, 0x0000000703700000, 0x0000000703800000|  0%| F|  |TS  0|AC  0|TAMS 0x0000000703700000, 0x0000000703700000|
|  30|0x0000000703800000, 0x0000000703800000, 0x0000000703900000|  0%| F|  |TS  0|AC  0|TAMS 0x0000000703800000, 0x0000000703800000|
|  31|0x0000000703900000, 0x0000000703900000, 0x0000000703a00000|  0%| F|  |TS  0|AC  0|TAMS 0x0000000703900000, 0x0000000703900000|
|  32|0x0000000703a00000, 0x0000000703a00000, 0x0000000703b00000|  0%| F|  |TS  0|AC  0|TAMS 0x0000000703a00000, 0x0000000703a00000|
|  33|0x0000000703b00000, 0x0000000703b00000, 0x0000000703c00000|  0%| F|  |TS  0|AC  0|TAMS 0x0000000703b00000, 0x0000000703b00000|
|  34|0x0000000703c00000, 0x0000000703c00000, 0x0000000703d00000|  0%| F|  |TS  0|AC  0|TAMS 0x0000000703c00000, 0x0000000703c00000|
|  35|0x0000000703d00000, 0x0000000703d00000, 0x0000000703e00000|  0%| F|  |TS  0|AC  0|TAMS 0x0000000703d00000, 0x0000000703d00000|
|  36|0x0000000703e00000, 0x0000000703e00000, 0x0000000703f00000|  0%| F|  |TS  0|AC  0|TAMS 0x0000000703e00000, 0x0000000703e00000|
|  37|0x0000000703f00000, 0x0000000703f00000, 0x0000000704000000|  0%| F|  |TS  0|AC  0|TAMS 0x0000000703f00000, 0x0000000703f00000|
|  38|0x0000000704000000, 0x0000000704000000, 0x0000000704100000|  0%| F|  |TS  0|AC  0|TAMS 0x0000000704000000, 0x0000000704000000|
|  39|0x0000000704100000, 0x0000000704100000, 0x0000000704200000|  0%| F|  |TS  0|AC  0|TAMS 0x0000000704100000, 0x0000000704100000|
|  40|0x0000000704200000, 0x0000000704200000, 0x0000000704300000|  0%| F|  |TS  0|AC  0|TAMS 0x0000000704200000, 0x0000000704200000|
|  41|0x0000000704300000, 0x0000000704300000, 0x0000000704400000|  0%| F|  |TS  0|AC  0|TAMS 0x0000000704300000, 0x0000000704300000|
|  42|0x0000000704400000, 0x0000000704400000, 0x0000000704500000|  0%| F|  |TS  0|AC  0|TAMS 0x0000000704400000, 0x0000000704400000|
|  43|0x0000000704500000, 0x0000000704500000, 0x0000000704600000|  0%| F|  |TS  0|AC  0|TAMS 0x0000000704500000, 0x0000000704500000|
|  44|0x0000000704600000, 0x0000000704600000, 0x0000000704700000|  0%| F|  |TS  0|AC  0|TAMS 0x0000000704600000, 0x0000000704600000|
|  45|0x0000000704700000, 0x0000000704700000, 0x0000000704800000|  0%| F|  |TS  0|AC  0|TAMS 0x0000000704700000, 0x0000000704700000|
|  46|0x0000000704800000, 0x0000000704800000, 0x0000000704900000|  0%| F|  |TS  0|AC  0|TAMS 0x0000000704800000, 0x0000000704800000|
|  47|0x0000000704900000, 0x0000000704900000, 0x0000000704a00000|  0%| F|  |TS  0|AC  0|TAMS 0x0000000704900000, 0x0000000704900000|
|  48|0x0000000704a00000, 0x0000000704a00000, 0x0000000704b00000|  0%| F|  |TS  0|AC  0|TAMS 0x0000000704a00000, 0x0000000704a00000|
|  49|0x0000000704b00000, 0x0000000704b00000, 0x0000000704c00000|  0%| F|  |TS  0|AC  0|TAMS 0x0000000704b00000, 0x0000000704b00000|
|  50|0x0000000704c00000, 0x0000000704c00000, 0x0000000704d00000|  0%| F|  |TS  0|AC  0|TAMS 0x0000000704c00000, 0x0000000704c00000|
|  51|0x0000000704d00000, 0x0000000704d00000, 0x0000000704e00000|  0%| F|  |TS  0|AC  0|TAMS 0x0000000704d00000, 0x0000000704d00000|
|  52|0x0000000704e00000, 0x0000000704e00000, 0x0000000704f00000|  0%| F|  |TS  0|AC  0|TAMS 0x0000000704e00000, 0x0000000704e00000|
|  53|0x0000000704f00000, 0x0000000704f00000, 0x0000000705000000|  0%| F|  |TS  0|AC  0|TAMS 0x0000000704f00000, 0x0000000704f00000|
|  54|0x0000000705000000, 0x0000000705000000, 0x0000000705100000|  0%| F|  |TS  0|AC  0|TAMS 0x0000000705000000, 0x0000000705000000|
|  55|0x0000000705100000, 0x0000000705100000, 0x0000000705200000|  0%| F|  |TS  0|AC  0|TAMS 0x0000000705100000, 0x0000000705100000|
|  56|0x0000000705200000, 0x0000000705200000, 0x0000000705300000|  0%| F|  |TS  0|AC  0|TAMS 0x0000000705200000, 0x0000000705200000|
|  57|0x0000000705300000, 0x0000000705300000, 0x0000000705400000|  0%| F|  |TS  0|AC  0|TAMS 0x0000000705300000, 0x0000000705300000|
|  58|0x0000000705400000, 0x0000000705400000, 0x0000000705500000|  0%| F|  |TS  0|AC  0|TAMS 0x0000000705400000, 0x0000000705400000|
|  59|0x0000000705500000, 0x0000000705500000, 0x0000000705600000|  0%| F|  |TS  0|AC  0|TAMS 0x0000000705500000, 0x0000000705500000|
|  60|0x0000000705600000, 0x0000000705600000, 0x0000000705700000|  0%| F|  |TS  0|AC  0|TAMS 0x0000000705600000, 0x0000000705600000|
|  61|0x0000000705700000, 0x0000000705700000, 0x0000000705800000|  0%| F|  |TS  0|AC  0|TAMS 0x0000000705700000, 0x0000000705700000|
|  62|0x0000000705800000, 0x0000000705800000, 0x0000000705900000|  0%| F|  |TS  0|AC  0|TAMS 0x0000000705800000, 0x0000000705800000|
|  63|0x0000000705900000, 0x0000000705900000, 0x0000000705a00000|  0%| F|  |TS  0|AC  0|TAMS 0x0000000705900000, 0x0000000705900000|
|  64|0x0000000705a00000, 0x0000000705a00000, 0x0000000705b00000|  0%| F|  |TS  0|AC  0|TAMS 0x0000000705a00000, 0x0000000705a00000|
|  65|0x0000000705b00000, 0x0000000705b00000, 0x0000000705c00000|  0%| F|  |TS  0|AC  0|TAMS 0x0000000705b00000, 0x0000000705b00000|
|  66|0x0000000705c00000, 0x0000000705c00000, 0x0000000705d00000|  0%| F|  |TS  0|AC  0|TAMS 0x0000000705c00000, 0x0000000705c00000|
|  67|0x0000000705d00000, 0x0000000705d00000, 0x0000000705e00000|  0%| F|  |TS  0|AC  0|TAMS 0x0000000705d00000, 0x0000000705d00000|
|  68|0x0000000705e00000, 0x0000000705e00000, 0x0000000705f00000|  0%| F|  |TS  0|AC  0|TAMS 0x0000000705e00000, 0x0000000705e00000|
|  69|0x0000000705f00000, 0x0000000705f00000, 0x0000000706000000|  0%| F|  |TS  0|AC  0|TAMS 0x0000000705f00000, 0x0000000705f00000|
|  70|0x0000000706000000, 0x0000000706000000, 0x0000000706100000|  0%| F|  |TS  0|AC  0|TAMS 0x0000000706000000, 0x0000000706000000|
|  71|0x0000000706100000, 0x0000000706100000, 0x0000000706200000|  0%| F|  |TS  0|AC  0|TAMS 0x0000000706100000, 0x0000000706100000|
|  72|0x0000000706200000, 0x0000000706200000, 0x0000000706300000|  0%| F|  |TS  0|AC  0|TAMS 0x0000000706200000, 0x0000000706200000|
|  73|0x0000000706300000, 0x0000000706300000, 0x0000000706400000|  0%| F|  |TS  0|AC  0|TAMS 0x0000000706300000, 0x0000000706300000|
|  74|0x0000000706400000, 0x0000000706400000, 0x0000000706500000|  0%| F|  |TS  0|AC  0|TAMS 0x0000000706400000, 0x0000000706400000|
|  75|0x0000000706500000, 0x0000000706500000, 0x0000000706600000|  0%| F|  |TS  0|AC  0|TAMS 0x0000000706500000, 0x0000000706500000|
|  76|0x0000000706600000, 0x0000000706600000, 0x0000000706700000|  0%| F|  |TS  0|AC  0|TAMS 0x0000000706600000, 0x0000000706600000|
|  77|0x0000000706700000, 0x0000000706700000, 0x0000000706800000|  0%| F|  |TS  0|AC  0|TAMS 0x0000000706700000, 0x0000000706700000|
|  78|0x0000000706800000, 0x0000000706800000, 0x0000000706900000|  0%| F|  |TS  0|AC  0|TAMS 0x0000000706800000, 0x0000000706800000|
|  79|0x0000000706900000, 0x0000000706900000, 0x0000000706a00000|  0%| F|  |TS  0|AC  0|TAMS 0x0000000706900000, 0x0000000706900000|
|  80|0x0000000706a00000, 0x0000000706a00000, 0x0000000706b00000|  0%| F|  |TS  0|AC  0|TAMS 0x0000000706a00000, 0x0000000706a00000|
|  81|0x0000000706b00000, 0x0000000706b00000, 0x0000000706c00000|  0%| F|  |TS  0|AC  0|TAMS 0x0000000706b00000, 0x0000000706b00000|
|  82|0x0000000706c00000, 0x0000000706c00000, 0x0000000706d00000|  0%| F|  |TS  0|AC  0|TAMS 0x0000000706c00000, 0x0000000706c00000|
|  83|0x0000000706d00000, 0x0000000706d00000, 0x0000000706e00000|  0%| F|  |TS  0|AC  0|TAMS 0x0000000706d00000, 0x0000000706d00000|
|  84|0x0000000706e00000, 0x0000000706e00000, 0x0000000706f00000|  0%| F|  |TS  0|AC  0|TAMS 0x0000000706e00000, 0x0000000706e00000|
|  85|0x0000000706f00000, 0x0000000706f00000, 0x0000000707000000|  0%| F|  |TS  0|AC  0|TAMS 0x0000000706f00000, 0x0000000706f00000|
|  86|0x0000000707000000, 0x0000000707000000, 0x0000000707100000|  0%| F|  |TS  0|AC  0|TAMS 0x0000000707000000, 0x0000000707000000|
|  87|0x0000000707100000, 0x0000000707100000, 0x0000000707200000|  0%| F|  |TS  0|AC  0|TAMS 0x0000000707100000, 0x0000000707100000|
|  88|0x0000000707200000, 0x0000000707200000, 0x0000000707300000|  0%| F|  |TS  0|AC  0|TAMS 0x0000000707200000, 0x0000000707200000|
|  89|0x0000000707300000, 0x0000000707300000, 0x0000000707400000|  0%| F|  |TS  0|AC  0|TAMS 0x0000000707300000, 0x0000000707300000|
|  90|0x0000000707400000, 0x0000000707400000, 0x0000000707500000|  0%| F|  |TS  0|AC  0|TAMS 0x0000000707400000, 0x0000000707400000|
|  91|0x0000000707500000, 0x0000000707500000, 0x0000000707600000|  0%| F|  |TS  0|AC  0|TAMS 0x0000000707500000, 0x0000000707500000|
|  92|0x0000000707600000, 0x0000000707600000, 0x0000000707700000|  0%| F|  |TS  0|AC  0|TAMS 0x0000000707600000, 0x0000000707600000|
|  93|0x0000000707700000, 0x0000000707700000, 0x0000000707800000|  0%| F|  |TS  0|AC  0|TAMS 0x0000000707700000, 0x0000000707700000|
|  94|0x0000000707800000, 0x0000000707800000, 0x0000000707900000|  0%| F|  |TS  0|AC  0|TAMS 0x0000000707800000, 0x0000000707800000|
|  95|0x0000000707900000, 0x0000000707900000, 0x0000000707a00000|  0%| F|  |TS  0|AC  0|TAMS 0x0000000707900000, 0x0000000707900000|
|  96|0x0000000707a00000, 0x0000000707a00000, 0x0000000707b00000|  0%| F|  |TS  0|AC  0|TAMS 0x0000000707a00000, 0x0000000707a00000|
|  97|0x0000000707b00000, 0x0000000707b00000, 0x0000000707c00000|  0%| F|  |TS  0|AC  0|TAMS 0x0000000707b00000, 0x0000000707b00000|
|  98|0x0000000707c00000, 0x0000000707c00000, 0x0000000707d00000|  0%| F|  |TS  0|AC  0|TAMS 0x0000000707c00000, 0x0000000707c00000|
|  99|0x0000000707d00000, 0x0000000707d00000, 0x0000000707e00000|  0%| F|  |TS  0|AC  0|TAMS 0x0000000707d00000, 0x0000000707d00000|
| 100|0x0000000707e00000, 0x0000000707e00000, 0x0000000707f00000|  0%| F|  |TS  0|AC  0|TAMS 0x0000000707e00000, 0x0000000707e00000|
| 101|0x0000000707f00000, 0x0000000707f00000, 0x0000000708000000|  0%| F|  |TS  0|AC  0|TAMS 0x0000000707f00000, 0x0000000707f00000|
| 102|0x0000000708000000, 0x0000000708000000, 0x0000000708100000|  0%| F|  |TS  0|AC  0|TAMS 0x0000000708000000, 0x0000000708000000|
| 103|0x0000000708100000, 0x0000000708100000, 0x0000000708200000|  0%| F|  |TS  0|AC  0|TAMS 0x0000000708100000, 0x0000000708100000|
| 104|0x0000000708200000, 0x0000000708200000, 0x0000000708300000|  0%| F|  |TS  0|AC  0|TAMS 0x0000000708200000, 0x0000000708200000|
| 105|0x0000000708300000, 0x0000000708300000, 0x0000000708400000|  0%| F|  |TS  0|AC  0|TAMS 0x0000000708300000, 0x0000000708300000|
| 106|0x0000000708400000, 0x0000000708400000, 0x0000000708500000|  0%| F|  |TS  0|AC  0|TAMS 0x0000000708400000, 0x0000000708400000|
| 107|0x0000000708500000, 0x0000000708500000, 0x0000000708600000|  0%| F|  |TS  0|AC  0|TAMS 0x0000000708500000, 0x0000000708500000|
| 108|0x0000000708600000, 0x0000000708600000, 0x0000000708700000|  0%| F|  |TS  0|AC  0|TAMS 0x0000000708600000, 0x0000000708600000|
| 109|0x0000000708700000, 0x0000000708700000, 0x0000000708800000|  0%| F|  |TS  0|AC  0|TAMS 0x0000000708700000, 0x0000000708700000|
| 110|0x0000000708800000, 0x0000000708800000, 0x0000000708900000|  0%| F|  |TS  0|AC  0|TAMS 0x0000000708800000, 0x0000000708800000|
| 111|0x0000000708900000, 0x0000000708900000, 0x0000000708a00000|  0%| F|  |TS  0|AC  0|TAMS 0x0000000708900000, 0x0000000708900000|
| 112|0x0000000708a00000, 0x0000000708a00000, 0x0000000708b00000|  0%| F|  |TS  0|AC  0|TAMS 0x0000000708a00000, 0x0000000708a00000|
| 113|0x0000000708b00000, 0x0000000708b00000, 0x0000000708c00000|  0%| F|  |TS  0|AC  0|TAMS 0x0000000708b00000, 0x0000000708b00000|
| 114|0x0000000708c00000, 0x0000000708c00000, 0x0000000708d00000|  0%| F|  |TS  0|AC  0|TAMS 0x0000000708c00000, 0x0000000708c00000|
| 115|0x0000000708d00000, 0x0000000708d00000, 0x0000000708e00000|  0%| F|  |TS  0|AC  0|TAMS 0x0000000708d00000, 0x0000000708d00000|
| 116|0x0000000708e00000, 0x0000000708e00000, 0x0000000708f00000|  0%| F|  |TS  0|AC  0|TAMS 0x0000000708e00000, 0x0000000708e00000|
| 117|0x0000000708f00000, 0x0000000708f00000, 0x0000000709000000|  0%| F|  |TS  0|AC  0|TAMS 0x0000000708f00000, 0x0000000708f00000|
| 118|0x0000000709000000, 0x0000000709000000, 0x0000000709100000|  0%| F|  |TS  0|AC  0|TAMS 0x0000000709000000, 0x0000000709000000|
| 119|0x0000000709100000, 0x0000000709100000, 0x0000000709200000|  0%| F|  |TS  0|AC  0|TAMS 0x0000000709100000, 0x0000000709100000|
| 120|0x0000000709200000, 0x0000000709200000, 0x0000000709300000|  0%| F|  |TS  0|AC  0|TAMS 0x0000000709200000, 0x0000000709200000|
| 121|0x0000000709300000, 0x0000000709300000, 0x0000000709400000|  0%| F|  |TS  0|AC  0|TAMS 0x0000000709300000, 0x0000000709300000|
| 122|0x0000000709400000, 0x0000000709400000, 0x0000000709500000|  0%| F|  |TS  0|AC  0|TAMS 0x0000000709400000, 0x0000000709400000|
| 123|0x0000000709500000, 0x0000000709500000, 0x0000000709600000|  0%| F|  |TS  0|AC  0|TAMS 0x0000000709500000, 0x0000000709500000|
| 124|0x0000000709600000, 0x0000000709600000, 0x0000000709700000|  0%| F|  |TS  0|AC  0|TAMS 0x0000000709600000, 0x0000000709600000|
| 125|0x0000000709700000, 0x0000000709700000, 0x0000000709800000|  0%| F|  |TS  0|AC  0|TAMS 0x0000000709700000, 0x0000000709700000|
| 126|0x0000000709800000, 0x0000000709800000, 0x0000000709900000|  0%| F|  |TS  0|AC  0|TAMS 0x0000000709800000, 0x0000000709800000|
| 127|0x0000000709900000, 0x0000000709900000, 0x0000000709a00000|  0%| F|  |TS  0|AC  0|TAMS 0x0000000709900000, 0x0000000709900000|
| 128|0x0000000709a00000, 0x0000000709a00000, 0x0000000709b00000|  0%| F|  |TS  0|AC  0|TAMS 0x0000000709a00000, 0x0000000709a00000|
| 129|0x0000000709b00000, 0x0000000709b00000, 0x0000000709c00000|  0%| F|  |TS  0|AC  0|TAMS 0x0000000709b00000, 0x0000000709b00000|
| 130|0x0000000709c00000, 0x0000000709c00000, 0x0000000709d00000|  0%| F|  |TS  0|AC  0|TAMS 0x0000000709c00000, 0x0000000709c00000|
| 131|0x0000000709d00000, 0x0000000709d00000, 0x0000000709e00000|  0%| F|  |TS  0|AC  0|TAMS 0x0000000709d00000, 0x0000000709d00000|
| 132|0x0000000709e00000, 0x0000000709e00000, 0x0000000709f00000|  0%| F|  |TS  0|AC  0|TAMS 0x0000000709e00000, 0x0000000709e00000|
| 133|0x0000000709f00000, 0x0000000709f00000, 0x000000070a000000|  0%| F|  |TS  0|AC  0|TAMS 0x0000000709f00000, 0x0000000709f00000|
| 134|0x000000070a000000, 0x000000070a000000, 0x000000070a100000|  0%| F|  |TS  0|AC  0|TAMS 0x000000070a000000, 0x000000070a000000|
| 135|0x000000070a100000, 0x000000070a100000, 0x000000070a200000|  0%| F|  |TS  0|AC  0|TAMS 0x000000070a100000, 0x000000070a100000|
| 136|0x000000070a200000, 0x000000070a200000, 0x000000070a300000|  0%| F|  |TS  0|AC  0|TAMS 0x000000070a200000, 0x000000070a200000|
| 137|0x000000070a300000, 0x000000070a300000, 0x000000070a400000|  0%| F|  |TS  0|AC  0|TAMS 0x000000070a300000, 0x000000070a300000|
| 138|0x000000070a400000, 0x000000070a400000, 0x000000070a500000|  0%| F|  |TS  0|AC  0|TAMS 0x000000070a400000, 0x000000070a400000|
| 139|0x000000070a500000, 0x000000070a500000, 0x000000070a600000|  0%| F|  |TS  0|AC  0|TAMS 0x000000070a500000, 0x000000070a500000|
| 140|0x000000070a600000, 0x000000070a600000, 0x000000070a700000|  0%| F|  |TS  0|AC  0|TAMS 0x000000070a600000, 0x000000070a600000|
| 141|0x000000070a700000, 0x000000070a700000, 0x000000070a800000|  0%| F|  |TS  0|AC  0|TAMS 0x000000070a700000, 0x000000070a700000|
| 142|0x000000070a800000, 0x000000070a800000, 0x000000070a900000|  0%| F|  |TS  0|AC  0|TAMS 0x000000070a800000, 0x000000070a800000|
| 143|0x000000070a900000, 0x000000070a900000, 0x000000070aa00000|  0%| F|  |TS  0|AC  0|TAMS 0x000000070a900000, 0x000000070a900000|
| 144|0x000000070aa00000, 0x000000070aa00000, 0x000000070ab00000|  0%| F|  |TS  0|AC  0|TAMS 0x000000070aa00000, 0x000000070aa00000|
| 145|0x000000070ab00000, 0x000000070ab00000, 0x000000070ac00000|  0%| F|  |TS  0|AC  0|TAMS 0x000000070ab00000, 0x000000070ab00000|
| 146|0x000000070ac00000, 0x000000070ac00000, 0x000000070ad00000|  0%| F|  |TS  0|AC  0|TAMS 0x000000070ac00000, 0x000000070ac00000|
| 147|0x000000070ad00000, 0x000000070ad00000, 0x000000070ae00000|  0%| F|  |TS  0|AC  0|TAMS 0x000000070ad00000, 0x000000070ad00000|
| 148|0x000000070ae00000, 0x000000070ae00000, 0x000000070af00000|  0%| F|  |TS  0|AC  0|TAMS 0x000000070ae00000, 0x000000070ae00000|
| 149|0x000000070af00000, 0x000000070af00000, 0x000000070b000000|  0%| F|  |TS  0|AC  0|TAMS 0x000000070af00000, 0x000000070af00000|
| 150|0x000000070b000000, 0x000000070b000000, 0x000000070b100000|  0%| F|  |TS  0|AC  0|TAMS 0x000000070b000000, 0x000000070b000000|
| 151|0x000000070b100000, 0x000000070b100000, 0x000000070b200000|  0%| F|  |TS  0|AC  0|TAMS 0x000000070b100000, 0x000000070b100000|
| 152|0x000000070b200000, 0x000000070b200000, 0x000000070b300000|  0%| F|  |TS  0|AC  0|TAMS 0x000000070b200000, 0x000000070b200000|
| 153|0x000000070b300000, 0x000000070b300000, 0x000000070b400000|  0%| F|  |TS  0|AC  0|TAMS 0x000000070b300000, 0x000000070b300000|
| 154|0x000000070b400000, 0x000000070b400000, 0x000000070b500000|  0%| F|  |TS  0|AC  0|TAMS 0x000000070b400000, 0x000000070b400000|
| 155|0x000000070b500000, 0x000000070b500000, 0x000000070b600000|  0%| F|  |TS  0|AC  0|TAMS 0x000000070b500000, 0x000000070b500000|
| 156|0x000000070b600000, 0x000000070b600000, 0x000000070b700000|  0%| F|  |TS  0|AC  0|TAMS 0x000000070b600000, 0x000000070b600000|
| 157|0x000000070b700000, 0x000000070b700000, 0x000000070b800000|  0%| F|  |TS  0|AC  0|TAMS 0x000000070b700000, 0x000000070b700000|
| 158|0x000000070b800000, 0x000000070b800000, 0x000000070b900000|  0%| F|  |TS  0|AC  0|TAMS 0x000000070b800000, 0x000000070b800000|
| 159|0x000000070b900000, 0x000000070b900000, 0x000000070ba00000|  0%| F|  |TS  0|AC  0|TAMS 0x000000070b900000, 0x000000070b900000|
| 160|0x000000070ba00000, 0x000000070ba00000, 0x000000070bb00000|  0%| F|  |TS  0|AC  0|TAMS 0x000000070ba00000, 0x000000070ba00000|
| 161|0x000000070bb00000, 0x000000070bb00000, 0x000000070bc00000|  0%| F|  |TS  0|AC  0|TAMS 0x000000070bb00000, 0x000000070bb00000|
| 162|0x000000070bc00000, 0x000000070bc00000, 0x000000070bd00000|  0%| F|  |TS  0|AC  0|TAMS 0x000000070bc00000, 0x000000070bc00000|
| 163|0x000000070bd00000, 0x000000070bd00000, 0x000000070be00000|  0%| F|  |TS  0|AC  0|TAMS 0x000000070bd00000, 0x000000070bd00000|
| 164|0x000000070be00000, 0x000000070be00000, 0x000000070bf00000|  0%| F|  |TS  0|AC  0|TAMS 0x000000070be00000, 0x000000070be00000|
| 165|0x000000070bf00000, 0x000000070bf00000, 0x000000070c000000|  0%| F|  |TS  0|AC  0|TAMS 0x000000070bf00000, 0x000000070bf00000|
| 166|0x000000070c000000, 0x000000070c000000, 0x000000070c100000|  0%| F|  |TS  0|AC  0|TAMS 0x000000070c000000, 0x000000070c000000|
| 167|0x000000070c100000, 0x000000070c100000, 0x000000070c200000|  0%| F|  |TS  0|AC  0|TAMS 0x000000070c100000, 0x000000070c100000|
| 168|0x000000070c200000, 0x000000070c200000, 0x000000070c300000|  0%| F|  |TS  0|AC  0|TAMS 0x000000070c200000, 0x000000070c200000|
| 169|0x000000070c300000, 0x000000070c300000, 0x000000070c400000|  0%| F|  |TS  0|AC  0|TAMS 0x000000070c300000, 0x000000070c300000|
| 170|0x000000070c400000, 0x000000070c400000, 0x000000070c500000|  0%| F|  |TS  0|AC  0|TAMS 0x000000070c400000, 0x000000070c400000|
| 171|0x000000070c500000, 0x000000070c500000, 0x000000070c600000|  0%| F|  |TS  0|AC  0|TAMS 0x000000070c500000, 0x000000070c500000|
| 172|0x000000070c600000, 0x000000070c600000, 0x000000070c700000|  0%| F|  |TS  0|AC  0|TAMS 0x000000070c600000, 0x000000070c600000|
| 173|0x000000070c700000, 0x000000070c700000, 0x000000070c800000|  0%| F|  |TS  0|AC  0|TAMS 0x000000070c700000, 0x000000070c700000|
| 174|0x000000070c800000, 0x000000070c800000, 0x000000070c900000|  0%| F|  |TS  0|AC  0|TAMS 0x000000070c800000, 0x000000070c800000|
| 175|0x000000070c900000, 0x000000070c900000, 0x000000070ca00000|  0%| F|  |TS  0|AC  0|TAMS 0x000000070c900000, 0x000000070c900000|
| 176|0x000000070ca00000, 0x000000070cb00000, 0x000000070cb00000|100%| E|CS|TS  1|AC  0|TAMS 0x000000070ca00000, 0x000000070ca00000|
| 177|0x000000070cb00000, 0x000000070cc00000, 0x000000070cc00000|100%| E|CS|TS  1|AC  0|TAMS 0x000000070cb00000, 0x000000070cb00000|
| 178|0x000000070cc00000, 0x000000070cc3af20, 0x000000070cd00000| 23%| S|  |TS  2|AC  0|TAMS 0x000000070cc00000, 0x000000070cc00000|
| 179|0x000000070cd00000, 0x000000070ce00000, 0x000000070ce00000|100%| S|  |TS  2|AC  0|TAMS 0x000000070cd00000, 0x000000070cd00000|
| 180|0x000000070ce00000, 0x000000070cf00000, 0x000000070cf00000|100%| E|CS|TS  1|AC  0|TAMS 0x000000070ce00000, 0x000000070ce00000|
| 181|0x000000070cf00000, 0x000000070d000000, 0x000000070d000000|100%| E|CS|TS  1|AC  0|TAMS 0x000000070cf00000, 0x000000070cf00000|
| 182|0x000000070d000000, 0x000000070d100000, 0x000000070d100000|100%| E|CS|TS  1|AC  0|TAMS 0x000000070d000000, 0x000000070d000000|
| 183|0x000000070d100000, 0x000000070d200000, 0x000000070d200000|100%| E|CS|TS  1|AC  0|TAMS 0x000000070d100000, 0x000000070d100000|
| 184|0x000000070d200000, 0x000000070d300000, 0x000000070d300000|100%| E|CS|TS  1|AC  0|TAMS 0x000000070d200000, 0x000000070d200000|
| 185|0x000000070d300000, 0x000000070d400000, 0x000000070d400000|100%| E|CS|TS  1|AC  0|TAMS 0x000000070d300000, 0x000000070d300000|
| 186|0x000000070d400000, 0x000000070d500000, 0x000000070d500000|100%| E|CS|TS  1|AC  0|TAMS 0x000000070d400000, 0x000000070d400000|
| 187|0x000000070d500000, 0x000000070d600000, 0x000000070d600000|100%| E|CS|TS  1|AC  0|TAMS 0x000000070d500000, 0x000000070d500000|
| 188|0x000000070d600000, 0x000000070d700000, 0x000000070d700000|100%| E|CS|TS  1|AC  0|TAMS 0x000000070d600000, 0x000000070d600000|
| 189|0x000000070d700000, 0x000000070d800000, 0x000000070d800000|100%| E|CS|TS  1|AC  0|TAMS 0x000000070d700000, 0x000000070d700000|
| 190|0x000000070d800000, 0x000000070d900000, 0x000000070d900000|100%| E|CS|TS  1|AC  0|TAMS 0x000000070d800000, 0x000000070d800000|
| 191|0x000000070d900000, 0x000000070da00000, 0x000000070da00000|100%| E|CS|TS  1|AC  0|TAMS 0x000000070d900000, 0x000000070d900000|

Card table byte_map: [0x0000026a3c8a0000,0x0000026a3cea0000] byte_map_base: 0x0000026a39093000

Marking Bits (Prev, Next): (CMBitMap*) 0x0000026a2203daa0, (CMBitMap*) 0x0000026a2203dad8
 Prev Bits: [0x0000026a3d4a0000, 0x0000026a40438000)
 Next Bits: [0x0000026a40440000, 0x0000026a433d8000)

Polling page: 0x0000026a1dcf0000

CodeHeap 'non-profiled nmethods': size=120064Kb used=604Kb max_used=604Kb free=119459Kb
 bounds [0x0000026a34d60000, 0x0000026a34fd0000, 0x0000026a3c2a0000]
CodeHeap 'profiled nmethods': size=120000Kb used=3049Kb max_used=3049Kb free=116951Kb
 bounds [0x0000026a2d830000, 0x0000026a2db30000, 0x0000026a34d60000]
CodeHeap 'non-nmethods': size=5696Kb used=1196Kb max_used=1223Kb free=4499Kb
 bounds [0x0000026a2d2a0000, 0x0000026a2d510000, 0x0000026a2d830000]
 total_blobs=2525 nmethods=1664 adapters=471
 compilation: enabled

Compilation events (10 events):
Event: 4.287 Thread 0x0000026a461d0800 1661       3       java.io.PrintStream::print (9 bytes)
Event: 4.288 Thread 0x0000026a461d0800 nmethod 1661 0x0000026a2db28c10 code [0x0000026a2db28de0, 0x0000026a2db29090]
Event: 4.303 Thread 0x0000026a461d0800 1662       3       java.util.concurrent.locks.AbstractQueuedSynchronizer$ConditionObject::signalAll (33 bytes)
Event: 4.303 Thread 0x0000026a461d0800 nmethod 1662 0x0000026a2db29190 code [0x0000026a2db29380, 0x0000026a2db29710]
Event: 4.305 Thread 0x0000026a461a1000 1663  s    4       java.io.BufferedOutputStream::flush (12 bytes)
Event: 4.307 Thread 0x0000026a461a1000 nmethod 1663 0x0000026a34df6c10 code [0x0000026a34df6dc0, 0x0000026a34df7188]
Event: 4.312 Thread 0x0000026a461d0800 1664       3       sun.java2d.SunGraphics2D::invalidatePipe (41 bytes)
Event: 4.312 Thread 0x0000026a461d0800 nmethod 1664 0x0000026a2db29890 code [0x0000026a2db29a60, 0x0000026a2db29e18]
Event: 4.319 Thread 0x0000026a461d0800 1665       3       sun.java2d.pipe.Region::clipScale (41 bytes)
Event: 4.320 Thread 0x0000026a461d0800 nmethod 1665 0x0000026a2db29e90 code [0x0000026a2db2a080, 0x0000026a2db2a350]

GC Heap History (3 events):
Event: 1.226 GC heap before
{Heap before GC invocations=0 (full 0):
 garbage-first heap   total 196608K, used 14336K [0x0000000701a00000, 0x00000007c0000000)
  region size 1024K, 14 young (14336K), 0 survivors (0K)
 Metaspace       used 13429K, capacity 13662K, committed 14080K, reserved 1062912K
  class space    used 1315K, capacity 1434K, committed 1536K, reserved 1048576K
}
Event: 1.230 GC heap after
{Heap after GC invocations=1 (full 0):
 garbage-first heap   total 196608K, used 2830K [0x0000000701a00000, 0x00000007c0000000)
  region size 1024K, 2 young (2048K), 2 survivors (2048K)
 Metaspace       used 13429K, capacity 13662K, committed 14080K, reserved 1062912K
  class space    used 1315K, capacity 1434K, committed 1536K, reserved 1048576K
}
Event: 4.328 GC heap before
{Heap before GC invocations=1 (full 0):
 garbage-first heap   total 196608K, used 19214K [0x0000000701a00000, 0x00000007c0000000)
  region size 1024K, 14 young (14336K), 2 survivors (2048K)
 Metaspace       used 18921K, capacity 19328K, committed 19712K, reserved 1067008K
  class space    used 2101K, capacity 2284K, committed 2304K, reserved 1048576K
}

Deoptimization events (8 events):
Event: 0.129 Thread 0x0000026a21f80800 Uncommon trap: reason=unstable_if action=reinterpret pc=0x0000026a34d63e98 method=java.lang.String.hashCode()I @ 14 c2
Event: 0.600 Thread 0x0000026a21f80800 Uncommon trap: reason=unstable_if action=reinterpret pc=0x0000026a34d863b4 method=java.lang.StringUTF16.compress([CI[BII)I @ 20 c2
Event: 1.211 Thread 0x0000026a21f80800 Uncommon trap: reason=unstable_if action=reinterpret pc=0x0000026a34d94b00 method=java.util.concurrent.ConcurrentHashMap.get(Ljava/lang/Object;)Ljava/lang/Object; @ 76 c2
Event: 1.690 Thread 0x0000026a21f80800 Uncommon trap: reason=unstable_if action=reinterpret pc=0x0000026a34da4258 method=java.util.HashMap.hash(Ljava/lang/Object;)I @ 1 c2
Event: 1.690 Thread 0x0000026a21f80800 Uncommon trap: reason=unstable_if action=reinterpret pc=0x0000026a34da6f90 method=java.util.HashMap.hash(Ljava/lang/Object;)I @ 1 c2
Event: 1.699 Thread 0x0000026a46de5800 Uncommon trap: reason=class_check action=maybe_recompile pc=0x0000026a34da17d8 method=java.util.HashMap.putVal(ILjava/lang/Object;Ljava/lang/Object;ZZ)Ljava/lang/Object; @ 203 c2
Event: 1.699 Thread 0x0000026a46de5800 Uncommon trap: reason=class_check action=maybe_recompile pc=0x0000026a34da17d8 method=java.util.HashMap.putVal(ILjava/lang/Object;Ljava/lang/Object;ZZ)Ljava/lang/Object; @ 203 c2
Event: 1.699 Thread 0x0000026a46de5800 Uncommon trap: reason=class_check action=maybe_recompile pc=0x0000026a34da17d8 method=java.util.HashMap.putVal(ILjava/lang/Object;Ljava/lang/Object;ZZ)Ljava/lang/Object; @ 203 c2

Classes redefined (0 events):
No events

Internal exceptions (10 events):
Event: 4.305 Thread 0x0000026a47a3b800 Exception <a 'java/lang/ClassCastException'{0x000000070ced2df8}> (0x000000070ced2df8) thrown at [t:/workspace/open/src/hotspot/share/prims/jvm.cpp, line 1303]
Event: 4.312 Thread 0x0000026a47a3b800 Exception <a 'java/lang/ClassCastException'{0x000000070cedf7d8}: [D cannot be cast to com.dezzy.skorp3.field3D.Entity3D> (0x000000070cedf7d8) thrown at [t:/workspace/open/src/hotspot/share/interpreter/interpreterRuntime.cpp, line 387]
Event: 4.312 Thread 0x0000026a47a3b800 Exception <a 'java/lang/ClassCastException'{0x000000070cedf7d8}> (0x000000070cedf7d8) thrown at [t:/workspace/open/src/hotspot/share/prims/jvm.cpp, line 1303]
Event: 4.312 Thread 0x0000026a47a3b800 Exception <a 'java/lang/ClassCastException'{0x000000070cedf7d8}> (0x000000070cedf7d8) thrown at [t:/workspace/open/src/hotspot/share/prims/jvm.cpp, line 1303]
Event: 4.320 Thread 0x0000026a47a3b800 Exception <a 'java/lang/ClassCastException'{0x000000070ceebee8}: [D cannot be cast to com.dezzy.skorp3.field3D.Entity3D> (0x000000070ceebee8) thrown at [t:/workspace/open/src/hotspot/share/interpreter/interpreterRuntime.cpp, line 387]
Event: 4.320 Thread 0x0000026a47a3b800 Exception <a 'java/lang/ClassCastException'{0x000000070ceebee8}> (0x000000070ceebee8) thrown at [t:/workspace/open/src/hotspot/share/prims/jvm.cpp, line 1303]
Event: 4.320 Thread 0x0000026a47a3b800 Exception <a 'java/lang/ClassCastException'{0x000000070ceebee8}> (0x000000070ceebee8) thrown at [t:/workspace/open/src/hotspot/share/prims/jvm.cpp, line 1303]
Event: 4.328 Thread 0x0000026a47a3b800 Exception <a 'java/lang/ClassCastException'{0x000000070cef8840}: [D cannot be cast to com.dezzy.skorp3.field3D.Entity3D> (0x000000070cef8840) thrown at [t:/workspace/open/src/hotspot/share/interpreter/interpreterRuntime.cpp, line 387]
Event: 4.328 Thread 0x0000026a47a3b800 Exception <a 'java/lang/ClassCastException'{0x000000070cef8840}> (0x000000070cef8840) thrown at [t:/workspace/open/src/hotspot/share/prims/jvm.cpp, line 1303]
Event: 4.328 Thread 0x0000026a47a3b800 Exception <a 'java/lang/ClassCastException'{0x000000070cef8840}> (0x000000070cef8840) thrown at [t:/workspace/open/src/hotspot/share/prims/jvm.cpp, line 1303]

Events (10 events):
Event: 1.805 Executing VM operation: RevokeBias done
Event: 1.805 Executing VM operation: RevokeBias
Event: 1.805 Executing VM operation: RevokeBias done
Event: 1.805 Executing VM operation: RevokeBias
Event: 1.805 Executing VM operation: RevokeBias done
Event: 4.062 Executing VM operation: BulkRevokeBias
Event: 4.062 Executing VM operation: BulkRevokeBias done
Event: 4.229 Executing VM operation: BulkRevokeBias
Event: 4.229 Executing VM operation: BulkRevokeBias done
Event: 4.328 Executing VM operation: G1IncCollectionPause


Dynamic libraries:
0x00007ff793590000 - 0x00007ff7935ce000 	C:\Program Files\Java\jdk-10\bin\javaw.exe
0x00007ffaa0be0000 - 0x00007ffaa0dc0000 	C:\WINDOWS\SYSTEM32\ntdll.dll
0x00007ffa9e6d0000 - 0x00007ffa9e77e000 	C:\WINDOWS\System32\KERNEL32.DLL
0x00007ffa9de40000 - 0x00007ffa9e0a6000 	C:\WINDOWS\System32\KERNELBASE.dll
0x00007ffaa0aa0000 - 0x00007ffaa0b41000 	C:\WINDOWS\System32\ADVAPI32.dll
0x00007ffaa0460000 - 0x00007ffaa04fd000 	C:\WINDOWS\System32\msvcrt.dll
0x00007ffaa03a0000 - 0x00007ffaa03fb000 	C:\WINDOWS\System32\sechost.dll
0x00007ffa9e470000 - 0x00007ffa9e58f000 	C:\WINDOWS\System32\RPCRT4.dll
0x00007ffa9e780000 - 0x00007ffa9e90f000 	C:\WINDOWS\System32\USER32.dll
0x00007ffa9da50000 - 0x00007ffa9da70000 	C:\WINDOWS\System32\win32u.dll
0x00007ffa9ecb0000 - 0x00007ffa9ecd8000 	C:\WINDOWS\System32\GDI32.dll
0x00007ffa9cfe0000 - 0x00007ffa9d173000 	C:\WINDOWS\System32\gdi32full.dll
0x00007ffa9da70000 - 0x00007ffa9db0b000 	C:\WINDOWS\System32\msvcp_win.dll
0x00007ffa9d950000 - 0x00007ffa9da46000 	C:\WINDOWS\System32\ucrtbase.dll
0x00007ffa92740000 - 0x00007ffa929a9000 	C:\WINDOWS\WinSxS\amd64_microsoft.windows.common-controls_6595b64144ccf1df_6.0.16299.309_none_15cfd4c4935e6b11\COMCTL32.dll
0x00007ffa9e0b0000 - 0x00007ffa9e3b8000 	C:\WINDOWS\System32\combase.dll
0x00007ffa9d8d0000 - 0x00007ffa9d942000 	C:\WINDOWS\System32\bcryptPrimitives.dll
0x00007ffa92b90000 - 0x00007ffa92b9a000 	C:\WINDOWS\SYSTEM32\VERSION.dll
0x00007ffa9e590000 - 0x00007ffa9e5bd000 	C:\WINDOWS\System32\IMM32.DLL
0x00007ffa7fe30000 - 0x00007ffa7ff1f000 	C:\Program Files\Java\jdk-10\bin\msvcr120.dll
0x00007ffa7fd80000 - 0x00007ffa7fe26000 	C:\Program Files\Java\jdk-10\bin\msvcp120.dll
0x0000000069c20000 - 0x000000006a68e000 	C:\Program Files\Java\jdk-10\bin\server\jvm.dll
0x00007ffa9eab0000 - 0x00007ffa9eab8000 	C:\WINDOWS\System32\PSAPI.DLL
0x00007ffa91f30000 - 0x00007ffa91f39000 	C:\WINDOWS\SYSTEM32\WSOCK32.dll
0x00007ffa9eac0000 - 0x00007ffa9eb2c000 	C:\WINDOWS\System32\WS2_32.dll
0x00007ffa9a980000 - 0x00007ffa9a9a3000 	C:\WINDOWS\SYSTEM32\WINMM.dll
0x00007ffa9a950000 - 0x00007ffa9a97a000 	C:\WINDOWS\SYSTEM32\WINMMBASE.dll
0x00007ffa9dd40000 - 0x00007ffa9dd8a000 	C:\WINDOWS\System32\cfgmgr32.dll
0x00007ffa95d30000 - 0x00007ffa95d3f000 	C:\Program Files\Java\jdk-10\bin\verify.dll
0x00007ffa9bc90000 - 0x00007ffa9be58000 	C:\WINDOWS\SYSTEM32\DBGHELP.DLL
0x00007ffa91eb0000 - 0x00007ffa91ed9000 	C:\WINDOWS\SYSTEM32\dbgcore.DLL
0x00007ffa8c370000 - 0x00007ffa8c397000 	C:\Program Files\Java\jdk-10\bin\java.dll
0x00007ffa8c350000 - 0x00007ffa8c366000 	C:\Program Files\Java\jdk-10\bin\zip.dll
0x00007ffa8c290000 - 0x00007ffa8c29a000 	C:\Program Files\Java\jdk-10\bin\jimage.dll
0x00007ffa9ee50000 - 0x00007ffaa0286000 	C:\WINDOWS\System32\SHELL32.dll
0x00007ffa9e3c0000 - 0x00007ffa9e466000 	C:\WINDOWS\System32\shcore.dll
0x00007ffa9d180000 - 0x00007ffa9d8c7000 	C:\WINDOWS\System32\windows.storage.dll
0x00007ffa9e5c0000 - 0x00007ffa9e611000 	C:\WINDOWS\System32\shlwapi.dll
0x00007ffa9cf30000 - 0x00007ffa9cf41000 	C:\WINDOWS\System32\kernel.appcore.dll
0x00007ffa9cf70000 - 0x00007ffa9cfbc000 	C:\WINDOWS\System32\powrprof.dll
0x00007ffa9cf50000 - 0x00007ffa9cf6b000 	C:\WINDOWS\System32\profapi.dll
0x00007ffa74f30000 - 0x00007ffa74f4a000 	C:\Program Files\Java\jdk-10\bin\net.dll
0x00007ffa94980000 - 0x00007ffa94a5e000 	C:\WINDOWS\SYSTEM32\WINHTTP.dll
0x00007ffa9c760000 - 0x00007ffa9c7c6000 	C:\WINDOWS\system32\mswsock.dll
0x00007ffa6b910000 - 0x00007ffa6b921000 	C:\Program Files\Java\jdk-10\bin\nio.dll
0x00007ffa7f680000 - 0x00007ffa7f81b000 	C:\Program Files\Java\jdk-10\bin\awt.dll
0x00007ffaa0580000 - 0x00007ffaa0645000 	C:\WINDOWS\System32\OLEAUT32.dll
0x00007ffa9a280000 - 0x00007ffa9a838000 	C:\WINDOWS\SYSTEM32\d2d1.dll
0x00007ffa9db10000 - 0x00007ffa9dcde000 	C:\WINDOWS\System32\CRYPT32.dll
0x00007ffa9cfc0000 - 0x00007ffa9cfd2000 	C:\WINDOWS\System32\MSASN1.dll
0x00007ffa9afd0000 - 0x00007ffa9b058000 	C:\WINDOWS\SYSTEM32\apphelp.dll
0x00007ffa9c920000 - 0x00007ffa9c937000 	C:\WINDOWS\SYSTEM32\CRYPTSP.dll
0x00007ffa9c360000 - 0x00007ffa9c393000 	C:\WINDOWS\system32\rsaenh.dll
0x00007ffa9ca90000 - 0x00007ffa9cab5000 	C:\WINDOWS\SYSTEM32\bcrypt.dll
0x00007ffa9ce60000 - 0x00007ffa9ce89000 	C:\WINDOWS\SYSTEM32\USERENV.dll
0x00007ffa9c940000 - 0x00007ffa9c94b000 	C:\WINDOWS\SYSTEM32\CRYPTBASE.dll
0x00007ffa9c4f0000 - 0x00007ffa9c529000 	C:\WINDOWS\SYSTEM32\IPHLPAPI.DLL
0x00007ffa9e620000 - 0x00007ffa9e628000 	C:\WINDOWS\System32\NSI.dll
0x00007ffa94dc0000 - 0x00007ffa94dd6000 	C:\WINDOWS\SYSTEM32\dhcpcsvc6.DLL
0x00007ffa956d0000 - 0x00007ffa956ea000 	C:\WINDOWS\SYSTEM32\dhcpcsvc.DLL
0x00007ffa95990000 - 0x00007ffa959b6000 	C:\Users\Joe Junior\AppData\Local\Temp\libaparapi_x86_6412988621461842829911.dll
0x00007ffa75840000 - 0x00007ffa758e7000 	C:\WINDOWS\SYSTEM32\MSVCP110.dll
0x00007ffa950f0000 - 0x00007ffa95112000 	C:\WINDOWS\SYSTEM32\OpenCL.dll
0x00007ffa71fa0000 - 0x00007ffa7206e000 	C:\WINDOWS\SYSTEM32\MSVCR110.dll
0x00007ffa71de0000 - 0x00007ffa71f9e000 	C:\WINDOWS\SYSTEM32\IntelOpenCLProfiler.dll
0x00007ffa71ca0000 - 0x00007ffa71d17000 	C:\WINDOWS\SYSTEM32\intelopencl64_2_1.dll
0x00007ffa6df10000 - 0x00007ffa6e0e9000 	C:\Program Files (x86)\Common Files\Intel\OpenCL2.1\bin\x64\intelocl64.dll
0x00007ffa71bf0000 - 0x00007ffa71c9b000 	C:\Program Files (x86)\Common Files\Intel\OpenCL2.1\bin\x64\task_executor64_2_1.dll
0x00007ffa7dd10000 - 0x00007ffa7de2e000 	C:\WINDOWS\SYSTEM32\OPENGL32.dll
0x00007ffa808e0000 - 0x00007ffa8090c000 	C:\WINDOWS\SYSTEM32\GLU32.dll
0x00007ffa6de20000 - 0x00007ffa6df07000 	C:\Program Files (x86)\Common Files\Intel\OpenCL2.1\bin\x64\cpu_device64_2_1.dll
0x00007ffa6dd90000 - 0x00007ffa6de14000 	C:\WINDOWS\System32\DriverStore\FileRepository\ki124164.inf_amd64_85b60d2b8c3af983\IntelOpenCL64.dll
0x00007ffa69bc0000 - 0x00007ffa69d90000 	C:\Program Files (x86)\Common Files\Intel\OpenCL\bin\x64\intelocl64.dll
0x00007ffa6b610000 - 0x00007ffa6b6bb000 	C:\Program Files (x86)\Common Files\Intel\OpenCL\bin\x64\task_executor64.dll
0x00007ffa69ad0000 - 0x00007ffa69bb9000 	C:\Program Files (x86)\Common Files\Intel\OpenCL\bin\x64\cpu_device64.dll
0x00007ffa5b5b0000 - 0x00007ffa5b9ea000 	C:\WINDOWS\System32\DriverStore\FileRepository\ki124164.inf_amd64_85b60d2b8c3af983\igdrcl64.dll
0x00007ffa9b9e0000 - 0x00007ffa9ba8f000 	C:\WINDOWS\SYSTEM32\dxgi.dll
0x00007ffa8f1d0000 - 0x00007ffa8f1f3000 	C:\WINDOWS\system32\igfxdbgxchg64.dll
0x00007ffa8a130000 - 0x00007ffa8a161000 	C:\WINDOWS\SYSTEM32\igfxdbginfo.dll
0x00007ffa8f1b0000 - 0x00007ffa8f1c6000 	C:\Program Files\Java\jdk-10\bin\VCRUNTIME140.dll
0x00007ffa6b570000 - 0x00007ffa6b60c000 	C:\Program Files\Java\jdk-10\bin\MSVCP140.dll
0x00007ffa8a020000 - 0x00007ffa8a052000 	C:\WINDOWS\SYSTEM32\elfdwarf.dll
0x00007ffa5aee0000 - 0x00007ffa5b5a2000 	C:\WINDOWS\System32\DriverStore\FileRepository\ki124164.inf_amd64_85b60d2b8c3af983\igdmcl64.dll
0x00007ffa96060000 - 0x00007ffa97662000 	C:\WINDOWS\System32\DriverStore\FileRepository\ki124164.inf_amd64_85b60d2b8c3af983\igc64.dll
0x00007ffa69a10000 - 0x00007ffa69ac2000 	C:\WINDOWS\System32\DriverStore\FileRepository\ki124164.inf_amd64_85b60d2b8c3af983\igdfcl64.dll
0x00007ffa55430000 - 0x00007ffa57efa000 	C:\WINDOWS\System32\DriverStore\FileRepository\ki124164.inf_amd64_85b60d2b8c3af983\common_clang64.dll
0x00007ffa9eb50000 - 0x00007ffa9ec99000 	C:\WINDOWS\System32\ole32.dll
0x00007ffa9b3c0000 - 0x00007ffa9b3ea000 	C:\WINDOWS\system32\DWMAPI.DLL
0x00007ffa9b150000 - 0x00007ffa9b1e5000 	C:\WINDOWS\system32\uxtheme.dll
0x00007ffa9ece0000 - 0x00007ffa9ee47000 	C:\WINDOWS\System32\MSCTF.dll
0x00007ffa80820000 - 0x00007ffa80885000 	C:\Program Files\Java\jdk-10\bin\fontmanager.dll
0x00007ffa8e600000 - 0x00007ffa8e698000 	C:\WINDOWS\System32\TextInputFramework.dll
0x00007ffa98e70000 - 0x00007ffa9915e000 	C:\WINDOWS\System32\CoreUIComponents.dll
0x00007ffa9a840000 - 0x00007ffa9a91c000 	C:\WINDOWS\System32\CoreMessaging.dll
0x00007ffa9c060000 - 0x00007ffa9c091000 	C:\WINDOWS\SYSTEM32\ntmarta.dll
0x00007ffa98cc0000 - 0x00007ffa98df6000 	C:\WINDOWS\SYSTEM32\wintypes.dll

dbghelp: loaded successfully - version: 4.0.5 - missing functions: none
symbol engine: initialized successfully - sym options: 0x614 - pdb path: .;C:\Program Files\Java\jdk-10\bin;C:\WINDOWS\SYSTEM32;C:\WINDOWS\WinSxS\amd64_microsoft.windows.common-controls_6595b64144ccf1df_6.0.16299.309_none_15cfd4c4935e6b11;C:\Program Files\Java\jdk-10\bin\server;C:\Users\Joe Junior\AppData\Local\Temp;C:\Program Files (x86)\Common Files\Intel\OpenCL2.1\bin\x64;C:\WINDOWS\System32\DriverStore\FileRepository\ki124164.inf_amd64_85b60d2b8c3af983;C:\Program Files (x86)\Common Files\Intel\OpenCL\bin\x64

VM Arguments:
jvm_args: -Dfile.encoding=Cp1252 
java_command: com.dezzy.skorp3.Skorp3
java_class_path (initial): C:\Program Files\Java\jdk-10\lib\jrt-fs.jar;C:\Users\Joe Junior\git\Skorp-3\bin;C:\Users\Joe Junior\.p2\pool\plugins\org.junit.jupiter.api_5.0.0.v20170910-2246.jar;C:\Users\Joe Junior\.p2\pool\plugins\org.junit.jupiter.engine_5.0.0.v20170910-2246.jar;C:\Users\Joe Junior\.p2\pool\plugins\org.junit.jupiter.migrationsupport_5.0.0.v20170910-2246.jar;C:\Users\Joe Junior\.p2\pool\plugins\org.junit.jupiter.params_5.0.0.v20170910-2246.jar;C:\Users\Joe Junior\.p2\pool\plugins\org.junit.platform.commons_1.0.0.v20170910-2246.jar;C:\Users\Joe Junior\.p2\pool\plugins\org.junit.platform.engine_1.0.0.v20170910-2246.jar;C:\Users\Joe Junior\.p2\pool\plugins\org.junit.platform.launcher_1.0.0.v20170910-2246.jar;C:\Users\Joe Junior\.p2\pool\plugins\org.junit.platform.runner_1.0.0.v20170910-2246.jar;C:\Users\Joe Junior\.p2\pool\plugins\org.junit.platform.suite.api_1.0.0.v20170910-2246.jar;C:\Users\Joe Junior\.p2\pool\plugins\org.junit.vintage.engine_4.12.0.v20170910-2246.jar;C:\Users\Joe Junior\.p2\pool\plugins\org.opentest4j_1.0.0.v20170910-2246.jar;C:\Users\Joe Junior\.p2\pool\plugins\org.apiguardian_1.0.0.v20170910-2246.jar;C:\Users\Joe Junior\.p2\pool\plugins\org.junit_4.12.0.v201504281640\junit.jar;C:\Users\Joe Junior\.p2\pool\plugins\org.hamcrest.core_1.3.0.v201303031735.jar;C:\Users\Joe Junior\git\Skorp-3\lib\aparapi\aparapi\1.4.1\aparapi-1.4.1-sources.jar;C:\Users\Joe Junior\git\Skorp-3\lib\aparapi\aparapi\1.4.1\aparapi-1.4.1.jar;C:\Users\Joe Junior\git\Skorp-3\lib\aparapi\aparapi-jni\1.1.2\aparapi-jni-1.1.2.jar
Launcher Type: SUN_STANDARD

Logging:
Log output configuration:
#0: stdout all=warning uptime,level,tags
#1: stderr all=off uptime,level,tags

Environment Variables:
PATH=C:/PROGRA~1/Java/jdk-10/bin/server;C:/PROGRA~1/Java/jdk-10/bin;C:\Program Files\Haskell\bin;C:\Program Files\Haskell Platform\8.2.2\lib\extralibs\bin;C:\Program Files\Haskell Platform\8.2.2\bin;C:\Program Files (x86)\Intel\iCLS Client\;C:\Program Files (x86)\Git\bin;C:\Program Files (x86)\Git\libexec\git-core;C:\Intel\OpenCL\sdk\bin\x64;C:\Intel\OpenCL\sdk\bin\x86;C:\Intel\OpenCL\sdk\bin\Pin;C:\Intel\OpenCL\sdk\bin\GTPin;C:\ProgramData\Oracle\Java\javapath;C:\Program Files\Intel\iCLS Client\;C:\Windows\System32;C:\Windows;C:\Windows\System32\wbem;C:\Windows\System32\WindowsPowerShell\v1.0\;C:\Users\defaultuser0\Documents\Ndless-master\ndless-sdk\toolchain\install\bin;C:\Users\defaultuser0\Documents\Ndless-master\ndless-sdk\toolchain\bin;C:\Users\defaultuser0\Documents\Ndless-master\ndless-sdk\bin;\cygdrive\c\Users\defaultuser0\Documents\Ndless-master\ndless-sdk\toolchain\install\bin;\cygdrive\c\Users\defaultuser0\Documents\Ndless-master\ndless-sdk\bin;\cygdrive\c\Users\defaultuser0\Documents\Ndless-master\ndless-sdk\toolchain\...\bin;C:\Program Files\NASM\;C:\cygwin64\bin;C:\iverilog\bin;C:\iverilog\gtkwave\bin;C:\Program Files\Java\jdk-10\bin;C:\lisp\;C:\Program Files (x86)\Intel\Intel(R) Management Engine Components\DAL;C:\Program Files\Intel\Intel(R) Management Engine Components\DAL;C:\Program Files (x86)\Intel\Intel(R) Management Engine Components\IPT;C:\Program Files\Intel\Intel(R) Management Engine Components\IPT;C:\Leksah\bin\;C:\Program Files\Haskell Platform\8.2.2\mingw\bin;C:\Users\Joe Junior\AppData\Roaming\cabal\bin;C:\Users\Joe Junior\AppData\Roaming\local\bin;C:\Users\Joe Junior\AppData\Local\Microsoft\WindowsApps;C:\Users\Joe Junior\Desktop;
USERNAME=Boii
OS=Windows_NT
PROCESSOR_IDENTIFIER=Intel64 Family 6 Model 78 Stepping 3, GenuineIntel



---------------  S Y S T E M  ---------------

OS: Windows 10 , 64 bit Build 16299 (10.0.16299.15)

CPU:total 4 (initial active 4) (2 cores per cpu, 2 threads per core) family 6 model 78 stepping 3, cmov, cx8, fxsr, mmx, sse, sse2, sse3, ssse3, sse4.1, sse4.2, popcnt, avx, avx2, aes, clmul, erms, 3dnowpref, lzcnt, ht, tsc, tscinvbit, bmi1, bmi2, adx, fma

Memory: 4k page, physical 12470176k(7245044k free), swap 16533408k(10708024k free)

vm_info: Java HotSpot(TM) 64-Bit Server VM (10-ea+39) for windows-amd64 JRE (10-ea+39), built on Jan 11 2018 21:17:33 by "mach5one" with MS VC++ 12.0 (VS2013)

END.
