#
# A fatal error has been detected by the Java Runtime Environment:
#
#  EXCEPTION_ACCESS_VIOLATION (0xc0000005) at pc=0x0000000000000000, pid=3196, tid=3512
#
# JRE version: Java(TM) SE Runtime Environment (10.0+39) (build 10-ea+39)
# Java VM: Java HotSpot(TM) 64-Bit Server VM (10-ea+39, mixed mode, tiered, compressed oops, g1 gc, windows-amd64)
# Problematic frame:
# C  0x0000000000000000
#
# No core dump will be written. Minidumps are not enabled by default on client versions of Windows
#
# If you would like to submit a bug report, please visit:
#   http://bugreport.java.com/bugreport/crash.jsp
#

---------------  S U M M A R Y ------------

Command Line: -Dfile.encoding=Cp1252 com.dezzy.skorp3.Skorp3

Host: Intel(R) Core(TM) i7-6500U CPU @ 2.50GHz, 4 cores, 11G,  Windows 10 , 64 bit Build 16299 (10.0.16299.15)
Time: Thu Apr 05 18:00:25 2018 Eastern Daylight Time elapsed time: 1 seconds (0d 0h 0m 1s)

---------------  T H R E A D  ---------------

Current thread (0x00000233cb890800):  JavaThread "main" [_thread_in_Java, id=3512, stack(0x00000071ef600000,0x00000071ef700000)]

Stack: [0x00000071ef600000,0x00000071ef700000],  sp=0x00000071ef6ff040,  free space=1020k
Native frames: (J=compiled Java code, j=interpreted, Vv=VM code, C=native code)


siginfo: EXCEPTION_ACCESS_VIOLATION (0xc0000005), data execution prevention violation at address 0x0000000000000000


Register to memory mapping:

RIP=0x0000000000000000 is an unknown value
RAX=0x00000007c00005b8 is pointing into metadata
RBX=0x00000233ef220030 is pointing into metadata
RCX=0x000000070d6fa1c0 is an oop
[D 
{0x000000070d6fa1c0} - klass: {type array double}
 - length: 8
RDX=0x0000000000000000 is an unknown value
RSP=0x00000071ef6ff040 is pointing into the stack for thread: 0x00000233cb890800
RBP=0x00000071ef6ff098 is pointing into the stack for thread: 0x00000233cb890800
RSI=0x0000000000000000 is an unknown value
RDI=0x00000000e1adf8e8 is an unknown value
R8 =0x0000000000000008 is an unknown value
R9 =0x00000000000000cb is an unknown value
R10=0x000000006fd7fa30 jvm.dll
R11=0x0000000000000239 is an unknown value
R12=0x0000000000000000 is an unknown value
R13=0x00000071ef6ff048 is pointing into the stack for thread: 0x00000233cb890800
R14=0x0000000000000000 is an unknown value
R15=0x00000233cb890800 is a thread


Registers:
RAX=0x00000007c00005b8, RBX=0x00000233ef220030, RCX=0x000000070d6fa1c0, RDX=0x0000000000000000
RSP=0x00000071ef6ff040, RBP=0x00000071ef6ff098, RSI=0x0000000000000000, RDI=0x00000000e1adf8e8
R8 =0x0000000000000008, R9 =0x00000000000000cb, R10=0x000000006fd7fa30, R11=0x0000000000000239
R12=0x0000000000000000, R13=0x00000071ef6ff048, R14=0x0000000000000000, R15=0x00000233cb890800
RIP=0x0000000000000000, EFLAGS=0x0000000000010246

Top of Stack: (sp=0x00000071ef6ff040)
0x00000071ef6ff040:   00000233d6bb98d0 000000070d6fa1c0
0x00000071ef6ff050:   00000071ef6ff050 00000233f0bd5d53
0x00000071ef6ff060:   00000071ef6ff0e8 00000233f0bdf110
0x00000071ef6ff070:   0000000000000000 000000070cb0de80
0x00000071ef6ff080:   00000233f0bd5e68 00000071ef6ff048
0x00000071ef6ff090:   00000071ef6ff0e8 00000071ef6ff148
0x00000071ef6ff0a0:   00000233d6bba103 0000000000000000
0x00000071ef6ff0b0:   0000000000000000 0000000000000000
0x00000071ef6ff0c0:   0000000000000000 0000000000000000
0x00000071ef6ff0d0:   0000000000000000 0000000000000000
0x00000071ef6ff0e0:   0000000000000000 000000070d6fa888
0x00000071ef6ff0f0:   00000233f0befbb2 000000070d6fa888
0x00000071ef6ff100:   00000071ef6ff0f0 00000233f0bd90bb
0x00000071ef6ff110:   00000071ef6ff170 00000233f0bdf110
0x00000071ef6ff120:   0000000000000000 000000070cb0de80
0x00000071ef6ff130:   00000233f0bd9110 00000071ef6ff0e8 

Instructions: (pc=0x0000000000000000)
0xffffffffffffffe0:   



---------------  P R O C E S S  ---------------

Threads class SMR info:
_java_thread_list=0x00000233efc63f10, length=11, elements={
0x00000233cb890800, 0x00000233efa49000, 0x00000233efa53000, 0x00000233efaa5000,
0x00000233efaa7000, 0x00000233efab2000, 0x00000233efab2800, 0x00000233efabb800,
0x00000233ef21d000, 0x00000233efca3000, 0x00000233efca9800
}

Java Threads: ( => current thread )
=>0x00000233cb890800 JavaThread "main" [_thread_in_Java, id=3512, stack(0x00000071ef600000,0x00000071ef700000)]
  0x00000233efa49000 JavaThread "Reference Handler" daemon [_thread_blocked, id=208, stack(0x00000071f0300000,0x00000071f0400000)]
  0x00000233efa53000 JavaThread "Finalizer" daemon [_thread_blocked, id=12600, stack(0x00000071f0400000,0x00000071f0500000)]
  0x00000233efaa5000 JavaThread "Signal Dispatcher" daemon [_thread_blocked, id=12316, stack(0x00000071f0600000,0x00000071f0700000)]
  0x00000233efaa7000 JavaThread "Attach Listener" daemon [_thread_blocked, id=10488, stack(0x00000071f0700000,0x00000071f0800000)]
  0x00000233efab2000 JavaThread "C2 CompilerThread0" daemon [_thread_blocked, id=2436, stack(0x00000071f0800000,0x00000071f0900000)]
  0x00000233efab2800 JavaThread "C2 CompilerThread1" daemon [_thread_blocked, id=7896, stack(0x00000071f0900000,0x00000071f0a00000)]
  0x00000233efabb800 JavaThread "C1 CompilerThread2" daemon [_thread_blocked, id=10284, stack(0x00000071f0a00000,0x00000071f0b00000)]
  0x00000233ef21d000 JavaThread "Sweeper thread" daemon [_thread_blocked, id=11704, stack(0x00000071f0b00000,0x00000071f0c00000)]
  0x00000233efca3000 JavaThread "Service Thread" daemon [_thread_blocked, id=1952, stack(0x00000071f0c00000,0x00000071f0d00000)]
  0x00000233efca9800 JavaThread "Common-Cleaner" daemon [_thread_blocked, id=5892, stack(0x00000071f0d00000,0x00000071f0e00000)]

Other Threads:
  0x00000233efa44800 VMThread "VM Thread" [stack: 0x00000071f0200000,0x00000071f0300000] [id=5896]
  0x00000233efcaa800 WatcherThread [stack: 0x00000071f0e00000,0x00000071f0f00000] [id=3712]
  0x00000233cb8a8000 GCTaskThread "GC Thread#0" [stack: 0x00000071ef700000,0x00000071ef800000] [id=11944]
  0x00000233cb8aa800 GCTaskThread "GC Thread#1" [stack: 0x00000071ef800000,0x00000071ef900000] [id=13260]
  0x00000233cb8ad000 GCTaskThread "GC Thread#2" [stack: 0x00000071ef900000,0x00000071efa00000] [id=12404]
  0x00000233cb8af800 GCTaskThread "GC Thread#3" [stack: 0x00000071efa00000,0x00000071efb00000] [id=12308]
  0x00000233cb94f800 ConcurrentGCThread "G1 Main Marker" [stack: 0x00000071efb00000,0x00000071efc00000] [id=10536]
  0x00000233cb953800 ConcurrentGCThread "G1 Conc#0" [stack: 0x00000071efc00000,0x00000071efd00000] [id=13072]
  0x00000233ef0c0800 ConcurrentGCThread "G1 Refine#0" [stack: 0x00000071efd00000,0x00000071efe00000] [id=11740]
  0x00000233ef0c3800 ConcurrentGCThread "G1 Refine#1" [stack: 0x00000071efe00000,0x00000071eff00000] [id=11152]
  0x00000233ef0c6000 ConcurrentGCThread "G1 Refine#2" [stack: 0x00000071eff00000,0x00000071f0000000] [id=11996]
  0x00000233ef0c8000 ConcurrentGCThread "G1 Refine#3" [stack: 0x00000071f0000000,0x00000071f0100000] [id=9688]
  0x00000233ef0cc000 ConcurrentGCThread "G1 Young RemSet Sampling" [stack: 0x00000071f0100000,0x00000071f0200000] [id=3996]

Threads with active compile tasks:

VM state:not at safepoint (normal execution)

VM Mutex/Monitor currently owned by a thread: None

Heap address: 0x0000000701a00000, size: 3046 MB, Compressed Oops mode: Zero based, Oop shift amount: 3
Narrow klass base: 0x0000000000000000, Narrow klass shift: 3
Compressed class space size: 1073741824 Address: 0x00000007c0000000

Heap:
 garbage-first heap   total 196608K, used 5874K [0x0000000701a00000, 0x00000007c0000000)
  region size 1024K, 6 young (6144K), 2 survivors (2048K)
 Metaspace       used 14157K, capacity 14396K, committed 14720K, reserved 1062912K
  class space    used 1530K, capacity 1631K, committed 1664K, reserved 1048576K
Heap Regions: E=young(eden), S=young(survivor), O=old, HS=humongous(starts), HC=humongous(continues), CS=collection set, F=free, A=archive, TS=gc time stamp, AC=allocation context, TAMS=top-at-mark-start (previous, next)
|   0|0x0000000701a00000, 0x0000000701abca00, 0x0000000701b00000| 73%| O|  |TS  1|AC  0|TAMS 0x0000000701a00000, 0x0000000701a00000|
|   1|0x0000000701b00000, 0x0000000701b00000, 0x0000000701c00000|  0%| F|  |TS  0|AC  0|TAMS 0x0000000701b00000, 0x0000000701b00000|
|   2|0x0000000701c00000, 0x0000000701c00000, 0x0000000701d00000|  0%| F|  |TS  0|AC  0|TAMS 0x0000000701c00000, 0x0000000701c00000|
|   3|0x0000000701d00000, 0x0000000701d00000, 0x0000000701e00000|  0%| F|  |TS  0|AC  0|TAMS 0x0000000701d00000, 0x0000000701d00000|
|   4|0x0000000701e00000, 0x0000000701e00000, 0x0000000701f00000|  0%| F|  |TS  0|AC  0|TAMS 0x0000000701e00000, 0x0000000701e00000|
|   5|0x0000000701f00000, 0x0000000701f00000, 0x0000000702000000|  0%| F|  |TS  0|AC  0|TAMS 0x0000000701f00000, 0x0000000701f00000|
|   6|0x0000000702000000, 0x0000000702000000, 0x0000000702100000|  0%| F|  |TS  0|AC  0|TAMS 0x0000000702000000, 0x0000000702000000|
|   7|0x0000000702100000, 0x0000000702100000, 0x0000000702200000|  0%| F|  |TS  0|AC  0|TAMS 0x0000000702100000, 0x0000000702100000|
|   8|0x0000000702200000, 0x0000000702200000, 0x0000000702300000|  0%| F|  |TS  0|AC  0|TAMS 0x0000000702200000, 0x0000000702200000|
|   9|0x0000000702300000, 0x0000000702300000, 0x0000000702400000|  0%| F|  |TS  0|AC  0|TAMS 0x0000000702300000, 0x0000000702300000|
|  10|0x0000000702400000, 0x0000000702400000, 0x0000000702500000|  0%| F|  |TS  0|AC  0|TAMS 0x0000000702400000, 0x0000000702400000|
|  11|0x0000000702500000, 0x0000000702500000, 0x0000000702600000|  0%| F|  |TS  0|AC  0|TAMS 0x0000000702500000, 0x0000000702500000|
|  12|0x0000000702600000, 0x0000000702600000, 0x0000000702700000|  0%| F|  |TS  0|AC  0|TAMS 0x0000000702600000, 0x0000000702600000|
|  13|0x0000000702700000, 0x0000000702700000, 0x0000000702800000|  0%| F|  |TS  0|AC  0|TAMS 0x0000000702700000, 0x0000000702700000|
|  14|0x0000000702800000, 0x0000000702800000, 0x0000000702900000|  0%| F|  |TS  0|AC  0|TAMS 0x0000000702800000, 0x0000000702800000|
|  15|0x0000000702900000, 0x0000000702900000, 0x0000000702a00000|  0%| F|  |TS  0|AC  0|TAMS 0x0000000702900000, 0x0000000702900000|
|  16|0x0000000702a00000, 0x0000000702a00000, 0x0000000702b00000|  0%| F|  |TS  0|AC  0|TAMS 0x0000000702a00000, 0x0000000702a00000|
|  17|0x0000000702b00000, 0x0000000702b00000, 0x0000000702c00000|  0%| F|  |TS  0|AC  0|TAMS 0x0000000702b00000, 0x0000000702b00000|
|  18|0x0000000702c00000, 0x0000000702c00000, 0x0000000702d00000|  0%| F|  |TS  0|AC  0|TAMS 0x0000000702c00000, 0x0000000702c00000|
|  19|0x0000000702d00000, 0x0000000702d00000, 0x0000000702e00000|  0%| F|  |TS  0|AC  0|TAMS 0x0000000702d00000, 0x0000000702d00000|
|  20|0x0000000702e00000, 0x0000000702e00000, 0x0000000702f00000|  0%| F|  |TS  0|AC  0|TAMS 0x0000000702e00000, 0x0000000702e00000|
|  21|0x0000000702f00000, 0x0000000702f00000, 0x0000000703000000|  0%| F|  |TS  0|AC  0|TAMS 0x0000000702f00000, 0x0000000702f00000|
|  22|0x0000000703000000, 0x0000000703000000, 0x0000000703100000|  0%| F|  |TS  0|AC  0|TAMS 0x0000000703000000, 0x0000000703000000|
|  23|0x0000000703100000, 0x0000000703100000, 0x0000000703200000|  0%| F|  |TS  0|AC  0|TAMS 0x0000000703100000, 0x0000000703100000|
|  24|0x0000000703200000, 0x0000000703200000, 0x0000000703300000|  0%| F|  |TS  0|AC  0|TAMS 0x0000000703200000, 0x0000000703200000|
|  25|0x0000000703300000, 0x0000000703300000, 0x0000000703400000|  0%| F|  |TS  0|AC  0|TAMS 0x0000000703300000, 0x0000000703300000|
|  26|0x0000000703400000, 0x0000000703400000, 0x0000000703500000|  0%| F|  |TS  0|AC  0|TAMS 0x0000000703400000, 0x0000000703400000|
|  27|0x0000000703500000, 0x0000000703500000, 0x0000000703600000|  0%| F|  |TS  0|AC  0|TAMS 0x0000000703500000, 0x0000000703500000|
|  28|0x0000000703600000, 0x0000000703600000, 0x0000000703700000|  0%| F|  |TS  0|AC  0|TAMS 0x0000000703600000, 0x0000000703600000|
|  29|0x0000000703700000, 0x0000000703700000, 0x0000000703800000|  0%| F|  |TS  0|AC  0|TAMS 0x0000000703700000, 0x0000000703700000|
|  30|0x0000000703800000, 0x0000000703800000, 0x0000000703900000|  0%| F|  |TS  0|AC  0|TAMS 0x0000000703800000, 0x0000000703800000|
|  31|0x0000000703900000, 0x0000000703900000, 0x0000000703a00000|  0%| F|  |TS  0|AC  0|TAMS 0x0000000703900000, 0x0000000703900000|
|  32|0x0000000703a00000, 0x0000000703a00000, 0x0000000703b00000|  0%| F|  |TS  0|AC  0|TAMS 0x0000000703a00000, 0x0000000703a00000|
|  33|0x0000000703b00000, 0x0000000703b00000, 0x0000000703c00000|  0%| F|  |TS  0|AC  0|TAMS 0x0000000703b00000, 0x0000000703b00000|
|  34|0x0000000703c00000, 0x0000000703c00000, 0x0000000703d00000|  0%| F|  |TS  0|AC  0|TAMS 0x0000000703c00000, 0x0000000703c00000|
|  35|0x0000000703d00000, 0x0000000703d00000, 0x0000000703e00000|  0%| F|  |TS  0|AC  0|TAMS 0x0000000703d00000, 0x0000000703d00000|
|  36|0x0000000703e00000, 0x0000000703e00000, 0x0000000703f00000|  0%| F|  |TS  0|AC  0|TAMS 0x0000000703e00000, 0x0000000703e00000|
|  37|0x0000000703f00000, 0x0000000703f00000, 0x0000000704000000|  0%| F|  |TS  0|AC  0|TAMS 0x0000000703f00000, 0x0000000703f00000|
|  38|0x0000000704000000, 0x0000000704000000, 0x0000000704100000|  0%| F|  |TS  0|AC  0|TAMS 0x0000000704000000, 0x0000000704000000|
|  39|0x0000000704100000, 0x0000000704100000, 0x0000000704200000|  0%| F|  |TS  0|AC  0|TAMS 0x0000000704100000, 0x0000000704100000|
|  40|0x0000000704200000, 0x0000000704200000, 0x0000000704300000|  0%| F|  |TS  0|AC  0|TAMS 0x0000000704200000, 0x0000000704200000|
|  41|0x0000000704300000, 0x0000000704300000, 0x0000000704400000|  0%| F|  |TS  0|AC  0|TAMS 0x0000000704300000, 0x0000000704300000|
|  42|0x0000000704400000, 0x0000000704400000, 0x0000000704500000|  0%| F|  |TS  0|AC  0|TAMS 0x0000000704400000, 0x0000000704400000|
|  43|0x0000000704500000, 0x0000000704500000, 0x0000000704600000|  0%| F|  |TS  0|AC  0|TAMS 0x0000000704500000, 0x0000000704500000|
|  44|0x0000000704600000, 0x0000000704600000, 0x0000000704700000|  0%| F|  |TS  0|AC  0|TAMS 0x0000000704600000, 0x0000000704600000|
|  45|0x0000000704700000, 0x0000000704700000, 0x0000000704800000|  0%| F|  |TS  0|AC  0|TAMS 0x0000000704700000, 0x0000000704700000|
|  46|0x0000000704800000, 0x0000000704800000, 0x0000000704900000|  0%| F|  |TS  0|AC  0|TAMS 0x0000000704800000, 0x0000000704800000|
|  47|0x0000000704900000, 0x0000000704900000, 0x0000000704a00000|  0%| F|  |TS  0|AC  0|TAMS 0x0000000704900000, 0x0000000704900000|
|  48|0x0000000704a00000, 0x0000000704a00000, 0x0000000704b00000|  0%| F|  |TS  0|AC  0|TAMS 0x0000000704a00000, 0x0000000704a00000|
|  49|0x0000000704b00000, 0x0000000704b00000, 0x0000000704c00000|  0%| F|  |TS  0|AC  0|TAMS 0x0000000704b00000, 0x0000000704b00000|
|  50|0x0000000704c00000, 0x0000000704c00000, 0x0000000704d00000|  0%| F|  |TS  0|AC  0|TAMS 0x0000000704c00000, 0x0000000704c00000|
|  51|0x0000000704d00000, 0x0000000704d00000, 0x0000000704e00000|  0%| F|  |TS  0|AC  0|TAMS 0x0000000704d00000, 0x0000000704d00000|
|  52|0x0000000704e00000, 0x0000000704e00000, 0x0000000704f00000|  0%| F|  |TS  0|AC  0|TAMS 0x0000000704e00000, 0x0000000704e00000|
|  53|0x0000000704f00000, 0x0000000704f00000, 0x0000000705000000|  0%| F|  |TS  0|AC  0|TAMS 0x0000000704f00000, 0x0000000704f00000|
|  54|0x0000000705000000, 0x0000000705000000, 0x0000000705100000|  0%| F|  |TS  0|AC  0|TAMS 0x0000000705000000, 0x0000000705000000|
|  55|0x0000000705100000, 0x0000000705100000, 0x0000000705200000|  0%| F|  |TS  0|AC  0|TAMS 0x0000000705100000, 0x0000000705100000|
|  56|0x0000000705200000, 0x0000000705200000, 0x0000000705300000|  0%| F|  |TS  0|AC  0|TAMS 0x0000000705200000, 0x0000000705200000|
|  57|0x0000000705300000, 0x0000000705300000, 0x0000000705400000|  0%| F|  |TS  0|AC  0|TAMS 0x0000000705300000, 0x0000000705300000|
|  58|0x0000000705400000, 0x0000000705400000, 0x0000000705500000|  0%| F|  |TS  0|AC  0|TAMS 0x0000000705400000, 0x0000000705400000|
|  59|0x0000000705500000, 0x0000000705500000, 0x0000000705600000|  0%| F|  |TS  0|AC  0|TAMS 0x0000000705500000, 0x0000000705500000|
|  60|0x0000000705600000, 0x0000000705600000, 0x0000000705700000|  0%| F|  |TS  0|AC  0|TAMS 0x0000000705600000, 0x0000000705600000|
|  61|0x0000000705700000, 0x0000000705700000, 0x0000000705800000|  0%| F|  |TS  0|AC  0|TAMS 0x0000000705700000, 0x0000000705700000|
|  62|0x0000000705800000, 0x0000000705800000, 0x0000000705900000|  0%| F|  |TS  0|AC  0|TAMS 0x0000000705800000, 0x0000000705800000|
|  63|0x0000000705900000, 0x0000000705900000, 0x0000000705a00000|  0%| F|  |TS  0|AC  0|TAMS 0x0000000705900000, 0x0000000705900000|
|  64|0x0000000705a00000, 0x0000000705a00000, 0x0000000705b00000|  0%| F|  |TS  0|AC  0|TAMS 0x0000000705a00000, 0x0000000705a00000|
|  65|0x0000000705b00000, 0x0000000705b00000, 0x0000000705c00000|  0%| F|  |TS  0|AC  0|TAMS 0x0000000705b00000, 0x0000000705b00000|
|  66|0x0000000705c00000, 0x0000000705c00000, 0x0000000705d00000|  0%| F|  |TS  0|AC  0|TAMS 0x0000000705c00000, 0x0000000705c00000|
|  67|0x0000000705d00000, 0x0000000705d00000, 0x0000000705e00000|  0%| F|  |TS  0|AC  0|TAMS 0x0000000705d00000, 0x0000000705d00000|
|  68|0x0000000705e00000, 0x0000000705e00000, 0x0000000705f00000|  0%| F|  |TS  0|AC  0|TAMS 0x0000000705e00000, 0x0000000705e00000|
|  69|0x0000000705f00000, 0x0000000705f00000, 0x0000000706000000|  0%| F|  |TS  0|AC  0|TAMS 0x0000000705f00000, 0x0000000705f00000|
|  70|0x0000000706000000, 0x0000000706000000, 0x0000000706100000|  0%| F|  |TS  0|AC  0|TAMS 0x0000000706000000, 0x0000000706000000|
|  71|0x0000000706100000, 0x0000000706100000, 0x0000000706200000|  0%| F|  |TS  0|AC  0|TAMS 0x0000000706100000, 0x0000000706100000|
|  72|0x0000000706200000, 0x0000000706200000, 0x0000000706300000|  0%| F|  |TS  0|AC  0|TAMS 0x0000000706200000, 0x0000000706200000|
|  73|0x0000000706300000, 0x0000000706300000, 0x0000000706400000|  0%| F|  |TS  0|AC  0|TAMS 0x0000000706300000, 0x0000000706300000|
|  74|0x0000000706400000, 0x0000000706400000, 0x0000000706500000|  0%| F|  |TS  0|AC  0|TAMS 0x0000000706400000, 0x0000000706400000|
|  75|0x0000000706500000, 0x0000000706500000, 0x0000000706600000|  0%| F|  |TS  0|AC  0|TAMS 0x0000000706500000, 0x0000000706500000|
|  76|0x0000000706600000, 0x0000000706600000, 0x0000000706700000|  0%| F|  |TS  0|AC  0|TAMS 0x0000000706600000, 0x0000000706600000|
|  77|0x0000000706700000, 0x0000000706700000, 0x0000000706800000|  0%| F|  |TS  0|AC  0|TAMS 0x0000000706700000, 0x0000000706700000|
|  78|0x0000000706800000, 0x0000000706800000, 0x0000000706900000|  0%| F|  |TS  0|AC  0|TAMS 0x0000000706800000, 0x0000000706800000|
|  79|0x0000000706900000, 0x0000000706900000, 0x0000000706a00000|  0%| F|  |TS  0|AC  0|TAMS 0x0000000706900000, 0x0000000706900000|
|  80|0x0000000706a00000, 0x0000000706a00000, 0x0000000706b00000|  0%| F|  |TS  0|AC  0|TAMS 0x0000000706a00000, 0x0000000706a00000|
|  81|0x0000000706b00000, 0x0000000706b00000, 0x0000000706c00000|  0%| F|  |TS  0|AC  0|TAMS 0x0000000706b00000, 0x0000000706b00000|
|  82|0x0000000706c00000, 0x0000000706c00000, 0x0000000706d00000|  0%| F|  |TS  0|AC  0|TAMS 0x0000000706c00000, 0x0000000706c00000|
|  83|0x0000000706d00000, 0x0000000706d00000, 0x0000000706e00000|  0%| F|  |TS  0|AC  0|TAMS 0x0000000706d00000, 0x0000000706d00000|
|  84|0x0000000706e00000, 0x0000000706e00000, 0x0000000706f00000|  0%| F|  |TS  0|AC  0|TAMS 0x0000000706e00000, 0x0000000706e00000|
|  85|0x0000000706f00000, 0x0000000706f00000, 0x0000000707000000|  0%| F|  |TS  0|AC  0|TAMS 0x0000000706f00000, 0x0000000706f00000|
|  86|0x0000000707000000, 0x0000000707000000, 0x0000000707100000|  0%| F|  |TS  0|AC  0|TAMS 0x0000000707000000, 0x0000000707000000|
|  87|0x0000000707100000, 0x0000000707100000, 0x0000000707200000|  0%| F|  |TS  0|AC  0|TAMS 0x0000000707100000, 0x0000000707100000|
|  88|0x0000000707200000, 0x0000000707200000, 0x0000000707300000|  0%| F|  |TS  0|AC  0|TAMS 0x0000000707200000, 0x0000000707200000|
|  89|0x0000000707300000, 0x0000000707300000, 0x0000000707400000|  0%| F|  |TS  0|AC  0|TAMS 0x0000000707300000, 0x0000000707300000|
|  90|0x0000000707400000, 0x0000000707400000, 0x0000000707500000|  0%| F|  |TS  0|AC  0|TAMS 0x0000000707400000, 0x0000000707400000|
|  91|0x0000000707500000, 0x0000000707500000, 0x0000000707600000|  0%| F|  |TS  0|AC  0|TAMS 0x0000000707500000, 0x0000000707500000|
|  92|0x0000000707600000, 0x0000000707600000, 0x0000000707700000|  0%| F|  |TS  0|AC  0|TAMS 0x0000000707600000, 0x0000000707600000|
|  93|0x0000000707700000, 0x0000000707700000, 0x0000000707800000|  0%| F|  |TS  0|AC  0|TAMS 0x0000000707700000, 0x0000000707700000|
|  94|0x0000000707800000, 0x0000000707800000, 0x0000000707900000|  0%| F|  |TS  0|AC  0|TAMS 0x0000000707800000, 0x0000000707800000|
|  95|0x0000000707900000, 0x0000000707900000, 0x0000000707a00000|  0%| F|  |TS  0|AC  0|TAMS 0x0000000707900000, 0x0000000707900000|
|  96|0x0000000707a00000, 0x0000000707a00000, 0x0000000707b00000|  0%| F|  |TS  0|AC  0|TAMS 0x0000000707a00000, 0x0000000707a00000|
|  97|0x0000000707b00000, 0x0000000707b00000, 0x0000000707c00000|  0%| F|  |TS  0|AC  0|TAMS 0x0000000707b00000, 0x0000000707b00000|
|  98|0x0000000707c00000, 0x0000000707c00000, 0x0000000707d00000|  0%| F|  |TS  0|AC  0|TAMS 0x0000000707c00000, 0x0000000707c00000|
|  99|0x0000000707d00000, 0x0000000707d00000, 0x0000000707e00000|  0%| F|  |TS  0|AC  0|TAMS 0x0000000707d00000, 0x0000000707d00000|
| 100|0x0000000707e00000, 0x0000000707e00000, 0x0000000707f00000|  0%| F|  |TS  0|AC  0|TAMS 0x0000000707e00000, 0x0000000707e00000|
| 101|0x0000000707f00000, 0x0000000707f00000, 0x0000000708000000|  0%| F|  |TS  0|AC  0|TAMS 0x0000000707f00000, 0x0000000707f00000|
| 102|0x0000000708000000, 0x0000000708000000, 0x0000000708100000|  0%| F|  |TS  0|AC  0|TAMS 0x0000000708000000, 0x0000000708000000|
| 103|0x0000000708100000, 0x0000000708100000, 0x0000000708200000|  0%| F|  |TS  0|AC  0|TAMS 0x0000000708100000, 0x0000000708100000|
| 104|0x0000000708200000, 0x0000000708200000, 0x0000000708300000|  0%| F|  |TS  0|AC  0|TAMS 0x0000000708200000, 0x0000000708200000|
| 105|0x0000000708300000, 0x0000000708300000, 0x0000000708400000|  0%| F|  |TS  0|AC  0|TAMS 0x0000000708300000, 0x0000000708300000|
| 106|0x0000000708400000, 0x0000000708400000, 0x0000000708500000|  0%| F|  |TS  0|AC  0|TAMS 0x0000000708400000, 0x0000000708400000|
| 107|0x0000000708500000, 0x0000000708500000, 0x0000000708600000|  0%| F|  |TS  0|AC  0|TAMS 0x0000000708500000, 0x0000000708500000|
| 108|0x0000000708600000, 0x0000000708600000, 0x0000000708700000|  0%| F|  |TS  0|AC  0|TAMS 0x0000000708600000, 0x0000000708600000|
| 109|0x0000000708700000, 0x0000000708700000, 0x0000000708800000|  0%| F|  |TS  0|AC  0|TAMS 0x0000000708700000, 0x0000000708700000|
| 110|0x0000000708800000, 0x0000000708800000, 0x0000000708900000|  0%| F|  |TS  0|AC  0|TAMS 0x0000000708800000, 0x0000000708800000|
| 111|0x0000000708900000, 0x0000000708900000, 0x0000000708a00000|  0%| F|  |TS  0|AC  0|TAMS 0x0000000708900000, 0x0000000708900000|
| 112|0x0000000708a00000, 0x0000000708a00000, 0x0000000708b00000|  0%| F|  |TS  0|AC  0|TAMS 0x0000000708a00000, 0x0000000708a00000|
| 113|0x0000000708b00000, 0x0000000708b00000, 0x0000000708c00000|  0%| F|  |TS  0|AC  0|TAMS 0x0000000708b00000, 0x0000000708b00000|
| 114|0x0000000708c00000, 0x0000000708c00000, 0x0000000708d00000|  0%| F|  |TS  0|AC  0|TAMS 0x0000000708c00000, 0x0000000708c00000|
| 115|0x0000000708d00000, 0x0000000708d00000, 0x0000000708e00000|  0%| F|  |TS  0|AC  0|TAMS 0x0000000708d00000, 0x0000000708d00000|
| 116|0x0000000708e00000, 0x0000000708e00000, 0x0000000708f00000|  0%| F|  |TS  0|AC  0|TAMS 0x0000000708e00000, 0x0000000708e00000|
| 117|0x0000000708f00000, 0x0000000708f00000, 0x0000000709000000|  0%| F|  |TS  0|AC  0|TAMS 0x0000000708f00000, 0x0000000708f00000|
| 118|0x0000000709000000, 0x0000000709000000, 0x0000000709100000|  0%| F|  |TS  0|AC  0|TAMS 0x0000000709000000, 0x0000000709000000|
| 119|0x0000000709100000, 0x0000000709100000, 0x0000000709200000|  0%| F|  |TS  0|AC  0|TAMS 0x0000000709100000, 0x0000000709100000|
| 120|0x0000000709200000, 0x0000000709200000, 0x0000000709300000|  0%| F|  |TS  0|AC  0|TAMS 0x0000000709200000, 0x0000000709200000|
| 121|0x0000000709300000, 0x0000000709300000, 0x0000000709400000|  0%| F|  |TS  0|AC  0|TAMS 0x0000000709300000, 0x0000000709300000|
| 122|0x0000000709400000, 0x0000000709400000, 0x0000000709500000|  0%| F|  |TS  0|AC  0|TAMS 0x0000000709400000, 0x0000000709400000|
| 123|0x0000000709500000, 0x0000000709500000, 0x0000000709600000|  0%| F|  |TS  0|AC  0|TAMS 0x0000000709500000, 0x0000000709500000|
| 124|0x0000000709600000, 0x0000000709600000, 0x0000000709700000|  0%| F|  |TS  0|AC  0|TAMS 0x0000000709600000, 0x0000000709600000|
| 125|0x0000000709700000, 0x0000000709700000, 0x0000000709800000|  0%| F|  |TS  0|AC  0|TAMS 0x0000000709700000, 0x0000000709700000|
| 126|0x0000000709800000, 0x0000000709800000, 0x0000000709900000|  0%| F|  |TS  0|AC  0|TAMS 0x0000000709800000, 0x0000000709800000|
| 127|0x0000000709900000, 0x0000000709900000, 0x0000000709a00000|  0%| F|  |TS  0|AC  0|TAMS 0x0000000709900000, 0x0000000709900000|
| 128|0x0000000709a00000, 0x0000000709a00000, 0x0000000709b00000|  0%| F|  |TS  0|AC  0|TAMS 0x0000000709a00000, 0x0000000709a00000|
| 129|0x0000000709b00000, 0x0000000709b00000, 0x0000000709c00000|  0%| F|  |TS  0|AC  0|TAMS 0x0000000709b00000, 0x0000000709b00000|
| 130|0x0000000709c00000, 0x0000000709c00000, 0x0000000709d00000|  0%| F|  |TS  0|AC  0|TAMS 0x0000000709c00000, 0x0000000709c00000|
| 131|0x0000000709d00000, 0x0000000709d00000, 0x0000000709e00000|  0%| F|  |TS  0|AC  0|TAMS 0x0000000709d00000, 0x0000000709d00000|
| 132|0x0000000709e00000, 0x0000000709e00000, 0x0000000709f00000|  0%| F|  |TS  0|AC  0|TAMS 0x0000000709e00000, 0x0000000709e00000|
| 133|0x0000000709f00000, 0x0000000709f00000, 0x000000070a000000|  0%| F|  |TS  0|AC  0|TAMS 0x0000000709f00000, 0x0000000709f00000|
| 134|0x000000070a000000, 0x000000070a000000, 0x000000070a100000|  0%| F|  |TS  0|AC  0|TAMS 0x000000070a000000, 0x000000070a000000|
| 135|0x000000070a100000, 0x000000070a100000, 0x000000070a200000|  0%| F|  |TS  0|AC  0|TAMS 0x000000070a100000, 0x000000070a100000|
| 136|0x000000070a200000, 0x000000070a200000, 0x000000070a300000|  0%| F|  |TS  0|AC  0|TAMS 0x000000070a200000, 0x000000070a200000|
| 137|0x000000070a300000, 0x000000070a300000, 0x000000070a400000|  0%| F|  |TS  0|AC  0|TAMS 0x000000070a300000, 0x000000070a300000|
| 138|0x000000070a400000, 0x000000070a400000, 0x000000070a500000|  0%| F|  |TS  0|AC  0|TAMS 0x000000070a400000, 0x000000070a400000|
| 139|0x000000070a500000, 0x000000070a500000, 0x000000070a600000|  0%| F|  |TS  0|AC  0|TAMS 0x000000070a500000, 0x000000070a500000|
| 140|0x000000070a600000, 0x000000070a600000, 0x000000070a700000|  0%| F|  |TS  0|AC  0|TAMS 0x000000070a600000, 0x000000070a600000|
| 141|0x000000070a700000, 0x000000070a700000, 0x000000070a800000|  0%| F|  |TS  0|AC  0|TAMS 0x000000070a700000, 0x000000070a700000|
| 142|0x000000070a800000, 0x000000070a800000, 0x000000070a900000|  0%| F|  |TS  0|AC  0|TAMS 0x000000070a800000, 0x000000070a800000|
| 143|0x000000070a900000, 0x000000070a900000, 0x000000070aa00000|  0%| F|  |TS  0|AC  0|TAMS 0x000000070a900000, 0x000000070a900000|
| 144|0x000000070aa00000, 0x000000070aa00000, 0x000000070ab00000|  0%| F|  |TS  0|AC  0|TAMS 0x000000070aa00000, 0x000000070aa00000|
| 145|0x000000070ab00000, 0x000000070ab00000, 0x000000070ac00000|  0%| F|  |TS  0|AC  0|TAMS 0x000000070ab00000, 0x000000070ab00000|
| 146|0x000000070ac00000, 0x000000070ac00000, 0x000000070ad00000|  0%| F|  |TS  0|AC  0|TAMS 0x000000070ac00000, 0x000000070ac00000|
| 147|0x000000070ad00000, 0x000000070ad00000, 0x000000070ae00000|  0%| F|  |TS  0|AC  0|TAMS 0x000000070ad00000, 0x000000070ad00000|
| 148|0x000000070ae00000, 0x000000070ae00000, 0x000000070af00000|  0%| F|  |TS  0|AC  0|TAMS 0x000000070ae00000, 0x000000070ae00000|
| 149|0x000000070af00000, 0x000000070af00000, 0x000000070b000000|  0%| F|  |TS  0|AC  0|TAMS 0x000000070af00000, 0x000000070af00000|
| 150|0x000000070b000000, 0x000000070b000000, 0x000000070b100000|  0%| F|  |TS  0|AC  0|TAMS 0x000000070b000000, 0x000000070b000000|
| 151|0x000000070b100000, 0x000000070b100000, 0x000000070b200000|  0%| F|  |TS  0|AC  0|TAMS 0x000000070b100000, 0x000000070b100000|
| 152|0x000000070b200000, 0x000000070b200000, 0x000000070b300000|  0%| F|  |TS  0|AC  0|TAMS 0x000000070b200000, 0x000000070b200000|
| 153|0x000000070b300000, 0x000000070b300000, 0x000000070b400000|  0%| F|  |TS  0|AC  0|TAMS 0x000000070b300000, 0x000000070b300000|
| 154|0x000000070b400000, 0x000000070b400000, 0x000000070b500000|  0%| F|  |TS  0|AC  0|TAMS 0x000000070b400000, 0x000000070b400000|
| 155|0x000000070b500000, 0x000000070b500000, 0x000000070b600000|  0%| F|  |TS  0|AC  0|TAMS 0x000000070b500000, 0x000000070b500000|
| 156|0x000000070b600000, 0x000000070b600000, 0x000000070b700000|  0%| F|  |TS  0|AC  0|TAMS 0x000000070b600000, 0x000000070b600000|
| 157|0x000000070b700000, 0x000000070b700000, 0x000000070b800000|  0%| F|  |TS  0|AC  0|TAMS 0x000000070b700000, 0x000000070b700000|
| 158|0x000000070b800000, 0x000000070b800000, 0x000000070b900000|  0%| F|  |TS  0|AC  0|TAMS 0x000000070b800000, 0x000000070b800000|
| 159|0x000000070b900000, 0x000000070b900000, 0x000000070ba00000|  0%| F|  |TS  0|AC  0|TAMS 0x000000070b900000, 0x000000070b900000|
| 160|0x000000070ba00000, 0x000000070ba00000, 0x000000070bb00000|  0%| F|  |TS  0|AC  0|TAMS 0x000000070ba00000, 0x000000070ba00000|
| 161|0x000000070bb00000, 0x000000070bb00000, 0x000000070bc00000|  0%| F|  |TS  0|AC  0|TAMS 0x000000070bb00000, 0x000000070bb00000|
| 162|0x000000070bc00000, 0x000000070bc00000, 0x000000070bd00000|  0%| F|  |TS  0|AC  0|TAMS 0x000000070bc00000, 0x000000070bc00000|
| 163|0x000000070bd00000, 0x000000070bd00000, 0x000000070be00000|  0%| F|  |TS  0|AC  0|TAMS 0x000000070bd00000, 0x000000070bd00000|
| 164|0x000000070be00000, 0x000000070be00000, 0x000000070bf00000|  0%| F|  |TS  0|AC  0|TAMS 0x000000070be00000, 0x000000070be00000|
| 165|0x000000070bf00000, 0x000000070bf00000, 0x000000070c000000|  0%| F|  |TS  0|AC  0|TAMS 0x000000070bf00000, 0x000000070bf00000|
| 166|0x000000070c000000, 0x000000070c000000, 0x000000070c100000|  0%| F|  |TS  0|AC  0|TAMS 0x000000070c000000, 0x000000070c000000|
| 167|0x000000070c100000, 0x000000070c100000, 0x000000070c200000|  0%| F|  |TS  0|AC  0|TAMS 0x000000070c100000, 0x000000070c100000|
| 168|0x000000070c200000, 0x000000070c200000, 0x000000070c300000|  0%| F|  |TS  0|AC  0|TAMS 0x000000070c200000, 0x000000070c200000|
| 169|0x000000070c300000, 0x000000070c300000, 0x000000070c400000|  0%| F|  |TS  0|AC  0|TAMS 0x000000070c300000, 0x000000070c300000|
| 170|0x000000070c400000, 0x000000070c400000, 0x000000070c500000|  0%| F|  |TS  0|AC  0|TAMS 0x000000070c400000, 0x000000070c400000|
| 171|0x000000070c500000, 0x000000070c500000, 0x000000070c600000|  0%| F|  |TS  0|AC  0|TAMS 0x000000070c500000, 0x000000070c500000|
| 172|0x000000070c600000, 0x000000070c600000, 0x000000070c700000|  0%| F|  |TS  0|AC  0|TAMS 0x000000070c600000, 0x000000070c600000|
| 173|0x000000070c700000, 0x000000070c700000, 0x000000070c800000|  0%| F|  |TS  0|AC  0|TAMS 0x000000070c700000, 0x000000070c700000|
| 174|0x000000070c800000, 0x000000070c800000, 0x000000070c900000|  0%| F|  |TS  0|AC  0|TAMS 0x000000070c800000, 0x000000070c800000|
| 175|0x000000070c900000, 0x000000070c900000, 0x000000070ca00000|  0%| F|  |TS  0|AC  0|TAMS 0x000000070c900000, 0x000000070c900000|
| 176|0x000000070ca00000, 0x000000070cb00000, 0x000000070cb00000|100%| S|CS|TS  1|AC  0|TAMS 0x000000070ca00000, 0x000000070ca00000|
| 177|0x000000070cb00000, 0x000000070cc00000, 0x000000070cc00000|100%| S|CS|TS  1|AC  0|TAMS 0x000000070cb00000, 0x000000070cb00000|
| 178|0x000000070cc00000, 0x000000070cc00000, 0x000000070cd00000|  0%| F|  |TS  1|AC  0|TAMS 0x000000070cc00000, 0x000000070cc00000|
| 179|0x000000070cd00000, 0x000000070cd00000, 0x000000070ce00000|  0%| F|  |TS  1|AC  0|TAMS 0x000000070cd00000, 0x000000070cd00000|
| 180|0x000000070ce00000, 0x000000070ce00000, 0x000000070cf00000|  0%| F|  |TS  1|AC  0|TAMS 0x000000070ce00000, 0x000000070ce00000|
| 181|0x000000070cf00000, 0x000000070cf00000, 0x000000070d000000|  0%| F|  |TS  1|AC  0|TAMS 0x000000070cf00000, 0x000000070cf00000|
| 182|0x000000070d000000, 0x000000070d000000, 0x000000070d100000|  0%| F|  |TS  1|AC  0|TAMS 0x000000070d000000, 0x000000070d000000|
| 183|0x000000070d100000, 0x000000070d100000, 0x000000070d200000|  0%| F|  |TS  1|AC  0|TAMS 0x000000070d100000, 0x000000070d100000|
| 184|0x000000070d200000, 0x000000070d200000, 0x000000070d300000|  0%| F|  |TS  1|AC  0|TAMS 0x000000070d200000, 0x000000070d200000|
| 185|0x000000070d300000, 0x000000070d300000, 0x000000070d400000|  0%| F|  |TS  1|AC  0|TAMS 0x000000070d300000, 0x000000070d300000|
| 186|0x000000070d400000, 0x000000070d400000, 0x000000070d500000|  0%| F|  |TS  1|AC  0|TAMS 0x000000070d400000, 0x000000070d400000|
| 187|0x000000070d500000, 0x000000070d500000, 0x000000070d600000|  0%| F|  |TS  1|AC  0|TAMS 0x000000070d500000, 0x000000070d500000|
| 188|0x000000070d600000, 0x000000070d700000, 0x000000070d700000|100%| E|  |TS  1|AC  0|TAMS 0x000000070d600000, 0x000000070d600000|
| 189|0x000000070d700000, 0x000000070d800000, 0x000000070d800000|100%| E|CS|TS  1|AC  0|TAMS 0x000000070d700000, 0x000000070d700000|
| 190|0x000000070d800000, 0x000000070d900000, 0x000000070d900000|100%| E|CS|TS  1|AC  0|TAMS 0x000000070d800000, 0x000000070d800000|
| 191|0x000000070d900000, 0x000000070da00000, 0x000000070da00000|100%| E|CS|TS  1|AC  0|TAMS 0x000000070d900000, 0x000000070d900000|

Card table byte_map: [0x00000233e61b0000,0x00000233e67b0000] byte_map_base: 0x00000233e29a3000

Marking Bits (Prev, Next): (CMBitMap*) 0x00000233cb94da70, (CMBitMap*) 0x00000233cb94daa8
 Prev Bits: [0x00000233e6db0000, 0x00000233e9d48000)
 Next Bits: [0x00000233e9d50000, 0x00000233ecce8000)

Polling page: 0x00000233c75a0000

CodeHeap 'non-profiled nmethods': size=120064Kb used=427Kb max_used=427Kb free=119636Kb
 bounds [0x00000233de670000, 0x00000233de8e0000, 0x00000233e5bb0000]
CodeHeap 'profiled nmethods': size=120000Kb used=2351Kb max_used=2351Kb free=117649Kb
 bounds [0x00000233d7140000, 0x00000233d73b0000, 0x00000233de670000]
CodeHeap 'non-nmethods': size=5696Kb used=1108Kb max_used=1129Kb free=4587Kb
 bounds [0x00000233d6bb0000, 0x00000233d6e20000, 0x00000233d7140000]
 total_blobs=1972 nmethods=1300 adapters=341
 compilation: enabled

Compilation events (10 events):
Event: 1.536 Thread 0x00000233efabb800 1297       3       com.aparapi.internal.writer.KernelWriter$1::write (10 bytes)
Event: 1.536 Thread 0x00000233efabb800 nmethod 1297 0x00000233d738b710 code [0x00000233d738b8e0, 0x00000233d738baf0]
Event: 1.536 Thread 0x00000233efabb800 1298       1       com.aparapi.internal.instruction.Instruction::getFirstChild (5 bytes)
Event: 1.536 Thread 0x00000233efabb800 nmethod 1298 0x00000233de6d9e90 code [0x00000233de6da040, 0x00000233de6da158]
Event: 1.809 Thread 0x00000233efabb800 1299       1       com.aparapi.internal.kernel.KernelArg::getType (5 bytes)
Event: 1.809 Thread 0x00000233efabb800 nmethod 1299 0x00000233de6da210 code [0x00000233de6da3c0, 0x00000233de6da4d8]
Event: 1.826 Thread 0x00000233efabb800 1300       1       com.aparapi.internal.kernel.KernelArg::setType (6 bytes)
Event: 1.826 Thread 0x00000233efabb800 nmethod 1300 0x00000233de6da590 code [0x00000233de6da740, 0x00000233de6da858]
Event: 1.826 Thread 0x00000233efabb800 1301       1       java.lang.reflect.Field::getName (5 bytes)
Event: 1.826 Thread 0x00000233efabb800 nmethod 1301 0x00000233de6da910 code [0x00000233de6daac0, 0x00000233de6dabd8]

GC Heap History (2 events):
Event: 1.398 GC heap before
{Heap before GC invocations=0 (full 0):
 garbage-first heap   total 196608K, used 14336K [0x0000000701a00000, 0x00000007c0000000)
  region size 1024K, 14 young (14336K), 0 survivors (0K)
 Metaspace       used 13449K, capacity 13726K, committed 14080K, reserved 1062912K
  class space    used 1314K, capacity 1434K, committed 1536K, reserved 1048576K
}
Event: 1.403 GC heap after
{Heap after GC invocations=1 (full 0):
 garbage-first heap   total 196608K, used 2802K [0x0000000701a00000, 0x00000007c0000000)
  region size 1024K, 2 young (2048K), 2 survivors (2048K)
 Metaspace       used 13449K, capacity 13726K, committed 14080K, reserved 1062912K
  class space    used 1314K, capacity 1434K, committed 1536K, reserved 1048576K
}

Deoptimization events (3 events):
Event: 0.104 Thread 0x00000233cb890800 Uncommon trap: reason=unstable_if action=reinterpret pc=0x00000233de674014 method=java.lang.String.hashCode()I @ 14 c2
Event: 0.662 Thread 0x00000233cb890800 Uncommon trap: reason=unstable_if action=reinterpret pc=0x00000233de696bb4 method=java.lang.StringUTF16.compress([CI[BII)I @ 20 c2
Event: 1.380 Thread 0x00000233cb890800 Uncommon trap: reason=unstable_if action=reinterpret pc=0x00000233de6a3f80 method=java.util.concurrent.ConcurrentHashMap.get(Ljava/lang/Object;)Ljava/lang/Object; @ 76 c2

Classes redefined (0 events):
No events

Internal exceptions (10 events):
Event: 0.501 Thread 0x00000233cb890800 Exception <a 'java/lang/NoSuchMethodError'{0x000000070d37ee68}: method resolution failed> (0x000000070d37ee68) thrown at [t:/workspace/open/src/hotspot/share/prims/methodHandles.cpp, line 1184]
Event: 0.502 Thread 0x00000233cb890800 Exception <a 'java/io/FileNotFoundException'{0x000000070d388768}> (0x000000070d388768) thrown at [t:/workspace/open/src/hotspot/share/prims/jni.cpp, line 611]
Event: 0.530 Thread 0x00000233cb890800 Exception <a 'java/lang/NoSuchMethodError'{0x000000070d3b4ae8}: java.lang.invoke.DirectMethodHandle$Holder.invokeStatic(Ljava/lang/Object;Ljava/lang/Object;)I> (0x000000070d3b4ae8) thrown at [t:/workspace/open/src/hotspot/share/interpreter/linkResolver.cp
Event: 0.533 Thread 0x00000233cb890800 Exception <a 'java/lang/NoSuchMethodError'{0x000000070d3c17b0}: java.lang.Object.of([Ljava/lang/Object;)Ljava/util/stream/Stream;> (0x000000070d3c17b0) thrown at [t:/workspace/open/src/hotspot/share/interpreter/linkResolver.cpp, line 741]
Event: 0.813 Thread 0x00000233cb890800 Exception <a 'java/lang/NoSuchMethodError'{0x000000070d0afba0}: java.lang.invoke.DirectMethodHandle$Holder.invokeSpecial(Ljava/lang/Object;Ljava/lang/Object;Ljava/lang/Object;Ljava/lang/Object;Ljava/lang/Object;Ljava/lang/Object;Ljava/lang/Object;Ljava/la
Event: 0.813 Thread 0x00000233cb890800 Exception <a 'java/lang/NoSuchMethodError'{0x000000070d0b3d00}: java.lang.invoke.Invokers$Holder.invoke_MT(Ljava/lang/Object;Ljava/lang/Object;Ljava/lang/Object;Ljava/lang/Object;Ljava/lang/Object;Ljava/lang/Object;Ljava/lang/Object;Ljava/lang/Object;Ljav
Event: 0.843 Thread 0x00000233cb890800 Exception <a 'java/lang/NoSuchMethodError'{0x000000070cf680c8}: method resolution failed> (0x000000070cf680c8) thrown at [t:/workspace/open/src/hotspot/share/prims/methodHandles.cpp, line 1184]
Event: 0.844 Thread 0x00000233cb890800 Exception <a 'java/lang/NoSuchMethodError'{0x000000070cf6b4f0}: java.lang.invoke.DirectMethodHandle$Holder.invokeStaticInit(Ljava/lang/Object;IIII)Ljava/lang/Object;> (0x000000070cf6b4f0) thrown at [t:/workspace/open/src/hotspot/share/interpreter/linkReso
Event: 0.947 Thread 0x00000233cb890800 Exception <a 'java/lang/NoSuchMethodError'{0x000000070cfcb438}: method resolution failed> (0x000000070cfcb438) thrown at [t:/workspace/open/src/hotspot/share/prims/methodHandles.cpp, line 1184]
Event: 0.947 Thread 0x00000233cb890800 Exception <a 'java/lang/NoSuchMethodError'{0x000000070cfcea30}: java.lang.invoke.DirectMethodHandle$Holder.invokeStaticInit(Ljava/lang/Object;Ljava/lang/Object;IIII)Ljava/lang/Object;> (0x000000070cfcea30) thrown at [t:/workspace/open/src/hotspot/share/in

Events (10 events):
Event: 1.534 loading class com/aparapi/internal/model/Optional$Some
Event: 1.534 loading class com/aparapi/internal/model/Optional$Some done
Event: 1.535 loading class java/util/Vector$Itr
Event: 1.535 loading class java/util/Vector$Itr done
Event: 1.808 loading class jdk/internal/reflect/UnsafeFieldAccessorFactory
Event: 1.808 loading class jdk/internal/reflect/UnsafeFieldAccessorFactory done
Event: 1.808 loading class jdk/internal/reflect/UnsafeQualifiedObjectFieldAccessorImpl
Event: 1.808 loading class jdk/internal/reflect/UnsafeQualifiedFieldAccessorImpl
Event: 1.808 loading class jdk/internal/reflect/UnsafeQualifiedFieldAccessorImpl done
Event: 1.808 loading class jdk/internal/reflect/UnsafeQualifiedObjectFieldAccessorImpl done


Dynamic libraries:
0x00007ff64ac00000 - 0x00007ff64ac3e000 	C:\Program Files\Java\jdk-10\bin\javaw.exe
0x00007ffe07710000 - 0x00007ffe078f0000 	C:\WINDOWS\SYSTEM32\ntdll.dll
0x00007ffe05c10000 - 0x00007ffe05cbe000 	C:\WINDOWS\System32\KERNEL32.DLL
0x00007ffe04220000 - 0x00007ffe04486000 	C:\WINDOWS\System32\KERNELBASE.dll
0x00007ffe04f50000 - 0x00007ffe04ff1000 	C:\WINDOWS\System32\ADVAPI32.dll
0x00007ffe04be0000 - 0x00007ffe04c7d000 	C:\WINDOWS\System32\msvcrt.dll
0x00007ffe058e0000 - 0x00007ffe0593b000 	C:\WINDOWS\System32\sechost.dll
0x00007ffe05760000 - 0x00007ffe0587f000 	C:\WINDOWS\System32\RPCRT4.dll
0x00007ffe05170000 - 0x00007ffe052ff000 	C:\WINDOWS\System32\USER32.dll
0x00007ffe03b10000 - 0x00007ffe03b30000 	C:\WINDOWS\System32\win32u.dll
0x00007ffe05df0000 - 0x00007ffe05e18000 	C:\WINDOWS\System32\GDI32.dll
0x00007ffe03d00000 - 0x00007ffe03e93000 	C:\WINDOWS\System32\gdi32full.dll
0x00007ffe04070000 - 0x00007ffe0410b000 	C:\WINDOWS\System32\msvcp_win.dll
0x00007ffe03b30000 - 0x00007ffe03c26000 	C:\WINDOWS\System32\ucrtbase.dll
0x00007ffdf9910000 - 0x00007ffdf9b79000 	C:\WINDOWS\WinSxS\amd64_microsoft.windows.common-controls_6595b64144ccf1df_6.0.16299.309_none_15cfd4c4935e6b11\COMCTL32.dll
0x00007ffe05f60000 - 0x00007ffe06268000 	C:\WINDOWS\System32\combase.dll
0x00007ffe03c30000 - 0x00007ffe03ca2000 	C:\WINDOWS\System32\bcryptPrimitives.dll
0x00007ffdf9b90000 - 0x00007ffdf9b9a000 	C:\WINDOWS\SYSTEM32\VERSION.dll
0x00007ffe06270000 - 0x00007ffe0629d000 	C:\WINDOWS\System32\IMM32.DLL
0x00007ffde0a60000 - 0x00007ffde0b4f000 	C:\Program Files\Java\jdk-10\bin\msvcr120.dll
0x00007ffde7b40000 - 0x00007ffde7be6000 	C:\Program Files\Java\jdk-10\bin\msvcp120.dll
0x000000006f3c0000 - 0x000000006fe2e000 	C:\Program Files\Java\jdk-10\bin\server\jvm.dll
0x00007ffe05ab0000 - 0x00007ffe05ab8000 	C:\WINDOWS\System32\PSAPI.DLL
0x00007ffdf7b60000 - 0x00007ffdf7b69000 	C:\WINDOWS\SYSTEM32\WSOCK32.dll
0x00007ffe05940000 - 0x00007ffe059ac000 	C:\WINDOWS\System32\WS2_32.dll
0x00007ffdffff0000 - 0x00007ffe00013000 	C:\WINDOWS\SYSTEM32\WINMM.dll
0x00007ffdfffc0000 - 0x00007ffdfffea000 	C:\WINDOWS\SYSTEM32\WINMMBASE.dll
0x00007ffe03cb0000 - 0x00007ffe03cfa000 	C:\WINDOWS\System32\cfgmgr32.dll
0x00007ffdfc350000 - 0x00007ffdfc35f000 	C:\Program Files\Java\jdk-10\bin\verify.dll
0x00007ffe02510000 - 0x00007ffe026d8000 	C:\WINDOWS\SYSTEM32\DBGHELP.DLL
0x00007ffdf7cb0000 - 0x00007ffdf7cd9000 	C:\WINDOWS\SYSTEM32\dbgcore.DLL
0x00007ffdf4bc0000 - 0x00007ffdf4be7000 	C:\Program Files\Java\jdk-10\bin\java.dll
0x00007ffdf3690000 - 0x00007ffdf36a6000 	C:\Program Files\Java\jdk-10\bin\zip.dll
0x00007ffdfbfa0000 - 0x00007ffdfbfaa000 	C:\Program Files\Java\jdk-10\bin\jimage.dll
0x00007ffe062a0000 - 0x00007ffe076d6000 	C:\WINDOWS\System32\SHELL32.dll
0x00007ffe04c80000 - 0x00007ffe04d26000 	C:\WINDOWS\System32\shcore.dll
0x00007ffe04490000 - 0x00007ffe04bd7000 	C:\WINDOWS\System32\windows.storage.dll
0x00007ffe059b0000 - 0x00007ffe05a01000 	C:\WINDOWS\System32\shlwapi.dll
0x00007ffe03af0000 - 0x00007ffe03b01000 	C:\WINDOWS\System32\kernel.appcore.dll
0x00007ffe03aa0000 - 0x00007ffe03aec000 	C:\WINDOWS\System32\powrprof.dll
0x00007ffe03a80000 - 0x00007ffe03a9b000 	C:\WINDOWS\System32\profapi.dll
0x00007ffdf00f0000 - 0x00007ffdf010a000 	C:\Program Files\Java\jdk-10\bin\net.dll
0x00007ffdfae60000 - 0x00007ffdfaf3e000 	C:\WINDOWS\SYSTEM32\WINHTTP.dll
0x00007ffe032f0000 - 0x00007ffe03356000 	C:\WINDOWS\system32\mswsock.dll
0x00007ffdefea0000 - 0x00007ffdefeb1000 	C:\Program Files\Java\jdk-10\bin\nio.dll
0x00007ffdda890000 - 0x00007ffddaa2b000 	C:\Program Files\Java\jdk-10\bin\awt.dll
0x00007ffe05d20000 - 0x00007ffe05de5000 	C:\WINDOWS\System32\OLEAUT32.dll
0x00007ffe008e0000 - 0x00007ffe00e98000 	C:\WINDOWS\SYSTEM32\d2d1.dll
0x00007ffe03ea0000 - 0x00007ffe0406e000 	C:\WINDOWS\System32\CRYPT32.dll
0x00007ffe03a60000 - 0x00007ffe03a72000 	C:\WINDOWS\System32\MSASN1.dll
0x00007ffe01690000 - 0x00007ffe01718000 	C:\WINDOWS\SYSTEM32\apphelp.dll
0x00007ffe034b0000 - 0x00007ffe034c7000 	C:\WINDOWS\SYSTEM32\CRYPTSP.dll
0x00007ffe02e90000 - 0x00007ffe02ec3000 	C:\WINDOWS\system32\rsaenh.dll
0x00007ffe035c0000 - 0x00007ffe035e5000 	C:\WINDOWS\SYSTEM32\bcrypt.dll
0x00007ffe03960000 - 0x00007ffe03989000 	C:\WINDOWS\SYSTEM32\USERENV.dll
0x00007ffe034d0000 - 0x00007ffe034db000 	C:\WINDOWS\SYSTEM32\CRYPTBASE.dll
0x00007ffe03020000 - 0x00007ffe03059000 	C:\WINDOWS\SYSTEM32\IPHLPAPI.DLL
0x00007ffe05f50000 - 0x00007ffe05f58000 	C:\WINDOWS\System32\NSI.dll
0x00007ffdfbc40000 - 0x00007ffdfbc56000 	C:\WINDOWS\SYSTEM32\dhcpcsvc6.DLL
0x00007ffdfbc80000 - 0x00007ffdfbc9a000 	C:\WINDOWS\SYSTEM32\dhcpcsvc.DLL
0x00007ffdf9ea0000 - 0x00007ffdf9ec6000 	C:\Users\Joe Junior\AppData\Local\Temp\libaparapi_x86_642133432801329091855.dll
0x00007ffdf3720000 - 0x00007ffdf3742000 	C:\WINDOWS\SYSTEM32\OpenCL.dll
0x00007ffde0c40000 - 0x00007ffde0d0e000 	C:\WINDOWS\SYSTEM32\MSVCR110.dll
0x00007ffddd6d0000 - 0x00007ffddd777000 	C:\WINDOWS\SYSTEM32\MSVCP110.dll
0x00007ffdd9e70000 - 0x00007ffdda02e000 	C:\WINDOWS\SYSTEM32\IntelOpenCLProfiler.dll
0x00007ffde0980000 - 0x00007ffde09f7000 	C:\WINDOWS\SYSTEM32\intelopencl64_2_1.dll
0x00007ffdd4670000 - 0x00007ffdd4849000 	C:\Program Files (x86)\Common Files\Intel\OpenCL2.1\bin\x64\intelocl64.dll
0x00007ffde0170000 - 0x00007ffde028e000 	C:\WINDOWS\SYSTEM32\OPENGL32.dll
0x00007ffdda7e0000 - 0x00007ffdda88b000 	C:\Program Files (x86)\Common Files\Intel\OpenCL2.1\bin\x64\task_executor64_2_1.dll
0x00007ffde00e0000 - 0x00007ffde010c000 	C:\WINDOWS\SYSTEM32\GLU32.dll
0x00007ffdd4580000 - 0x00007ffdd4667000 	C:\Program Files (x86)\Common Files\Intel\OpenCL2.1\bin\x64\cpu_device64_2_1.dll
0x00007ffdda6f0000 - 0x00007ffdda774000 	C:\WINDOWS\System32\DriverStore\FileRepository\ki124164.inf_amd64_85b60d2b8c3af983\IntelOpenCL64.dll
0x00007ffdd3750000 - 0x00007ffdd3920000 	C:\Program Files (x86)\Common Files\Intel\OpenCL\bin\x64\intelocl64.dll
0x00007ffdd36a0000 - 0x00007ffdd374b000 	C:\Program Files (x86)\Common Files\Intel\OpenCL\bin\x64\task_executor64.dll
0x00007ffdd35b0000 - 0x00007ffdd3699000 	C:\Program Files (x86)\Common Files\Intel\OpenCL\bin\x64\cpu_device64.dll
0x00007ffdcd7a0000 - 0x00007ffdcdbda000 	C:\WINDOWS\System32\DriverStore\FileRepository\ki124164.inf_amd64_85b60d2b8c3af983\igdrcl64.dll
0x00007ffe028c0000 - 0x00007ffe0296f000 	C:\WINDOWS\SYSTEM32\dxgi.dll
0x00007ffdf36f0000 - 0x00007ffdf3713000 	C:\WINDOWS\system32\igfxdbgxchg64.dll
0x00007ffdf9e80000 - 0x00007ffdf9e96000 	C:\Program Files\Java\jdk-10\bin\VCRUNTIME140.dll
0x00007ffdf36b0000 - 0x00007ffdf36e1000 	C:\WINDOWS\SYSTEM32\igfxdbginfo.dll
0x00007ffdd99f0000 - 0x00007ffdd9a8c000 	C:\Program Files\Java\jdk-10\bin\MSVCP140.dll
0x00007ffde8380000 - 0x00007ffde83b2000 	C:\WINDOWS\SYSTEM32\elfdwarf.dll
0x00007ffdc6900000 - 0x00007ffdc6fc2000 	C:\WINDOWS\System32\DriverStore\FileRepository\ki124164.inf_amd64_85b60d2b8c3af983\igdmcl64.dll
0x00007ffdfc520000 - 0x00007ffdfdb22000 	C:\WINDOWS\System32\DriverStore\FileRepository\ki124164.inf_amd64_85b60d2b8c3af983\igc64.dll
0x00007ffdd3340000 - 0x00007ffdd33f2000 	C:\WINDOWS\System32\DriverStore\FileRepository\ki124164.inf_amd64_85b60d2b8c3af983\igdfcl64.dll
0x00007ffdb4330000 - 0x00007ffdb6dfa000 	C:\WINDOWS\System32\DriverStore\FileRepository\ki124164.inf_amd64_85b60d2b8c3af983\common_clang64.dll
0x00007ffe05ac0000 - 0x00007ffe05c09000 	C:\WINDOWS\System32\ole32.dll

dbghelp: loaded successfully - version: 4.0.5 - missing functions: none
symbol engine: initialized successfully - sym options: 0x614 - pdb path: .;C:\Program Files\Java\jdk-10\bin;C:\WINDOWS\SYSTEM32;C:\WINDOWS\WinSxS\amd64_microsoft.windows.common-controls_6595b64144ccf1df_6.0.16299.309_none_15cfd4c4935e6b11;C:\Program Files\Java\jdk-10\bin\server;C:\Users\Joe Junior\AppData\Local\Temp;C:\Program Files (x86)\Common Files\Intel\OpenCL2.1\bin\x64;C:\WINDOWS\System32\DriverStore\FileRepository\ki124164.inf_amd64_85b60d2b8c3af983;C:\Program Files (x86)\Common Files\Intel\OpenCL\bin\x64

VM Arguments:
jvm_args: -Dfile.encoding=Cp1252 
java_command: com.dezzy.skorp3.Skorp3
java_class_path (initial): C:\Program Files\Java\jdk-10\lib\jrt-fs.jar;C:\Users\Joe Junior\git\Skorp-3\bin;C:\Users\Joe Junior\.p2\pool\plugins\org.junit.jupiter.api_5.0.0.v20170910-2246.jar;C:\Users\Joe Junior\.p2\pool\plugins\org.junit.jupiter.engine_5.0.0.v20170910-2246.jar;C:\Users\Joe Junior\.p2\pool\plugins\org.junit.jupiter.migrationsupport_5.0.0.v20170910-2246.jar;C:\Users\Joe Junior\.p2\pool\plugins\org.junit.jupiter.params_5.0.0.v20170910-2246.jar;C:\Users\Joe Junior\.p2\pool\plugins\org.junit.platform.commons_1.0.0.v20170910-2246.jar;C:\Users\Joe Junior\.p2\pool\plugins\org.junit.platform.engine_1.0.0.v20170910-2246.jar;C:\Users\Joe Junior\.p2\pool\plugins\org.junit.platform.launcher_1.0.0.v20170910-2246.jar;C:\Users\Joe Junior\.p2\pool\plugins\org.junit.platform.runner_1.0.0.v20170910-2246.jar;C:\Users\Joe Junior\.p2\pool\plugins\org.junit.platform.suite.api_1.0.0.v20170910-2246.jar;C:\Users\Joe Junior\.p2\pool\plugins\org.junit.vintage.engine_4.12.0.v20170910-2246.jar;C:\Users\Joe Junior\.p2\pool\plugins\org.opentest4j_1.0.0.v20170910-2246.jar;C:\Users\Joe Junior\.p2\pool\plugins\org.apiguardian_1.0.0.v20170910-2246.jar;C:\Users\Joe Junior\.p2\pool\plugins\org.junit_4.12.0.v201504281640\junit.jar;C:\Users\Joe Junior\.p2\pool\plugins\org.hamcrest.core_1.3.0.v201303031735.jar;C:\Users\Joe Junior\git\Skorp-3\lib\aparapi\aparapi\1.4.1\aparapi-1.4.1-sources.jar;C:\Users\Joe Junior\git\Skorp-3\lib\aparapi\aparapi\1.4.1\aparapi-1.4.1.jar;C:\Users\Joe Junior\git\Skorp-3\lib\aparapi\aparapi-jni\1.1.2\aparapi-jni-1.1.2.jar
Launcher Type: SUN_STANDARD

Logging:
Log output configuration:
#0: stdout all=warning uptime,level,tags
#1: stderr all=off uptime,level,tags

Environment Variables:
PATH=C:/PROGRA~1/Java/jdk-10/bin/server;C:/PROGRA~1/Java/jdk-10/bin;C:\WINDOWS;C:\WINDOWS;C:\WINDOWS;C:\Program Files\Haskell\bin;C:\Program Files\Haskell Platform\8.2.2\lib\extralibs\bin;C:\Program Files\Haskell Platform\8.2.2\bin;C:\Program Files (x86)\Intel\iCLS Client\;C:\Program Files (x86)\Git\bin;C:\Program Files (x86)\Git\libexec\git-core;C:\Intel\OpenCL\sdk\bin\x64;C:\Intel\OpenCL\sdk\bin\x86;C:\Intel\OpenCL\sdk\bin\Pin;C:\Intel\OpenCL\sdk\bin\GTPin;C:\ProgramData\Oracle\Java\javapath;C:\Program Files\Intel\iCLS Client\;C:\Windows\System32;C:\Windows;C:\Windows\System32\wbem;C:\Windows\System32\WindowsPowerShell\v1.0\;C:\Users\defaultuser0\Documents\Ndless-master\ndless-sdk\toolchain\install\bin;C:\Users\defaultuser0\Documents\Ndless-master\ndless-sdk\toolchain\bin;C:\Users\defaultuser0\Documents\Ndless-master\ndless-sdk\bin;\cygdrive\c\Users\defaultuser0\Documents\Ndless-master\ndless-sdk\toolchain\install\bin;\cygdrive\c\Users\defaultuser0\Documents\Ndless-master\ndless-sdk\bin;\cygdrive\c\Users\defaultuser0\Documents\Ndless-master\ndless-sdk\toolchain\...\bin;C:\Program Files\NASM\;C:\cygwin64\bin;C:\iverilog\bin;C:\iverilog\gtkwave\bin;C:\Program Files\Java\jdk-10\bin;C:\lisp\;C:\Program Files (x86)\Intel\Intel(R) Management Engine Components\DAL;C:\Program Files\Intel\Intel(R) Management Engine Components\DAL;C:\Program Files (x86)\Intel\Intel(R) Management Engine Components\IPT;C:\Program Files\Intel\Intel(R) Management Engine Components\IPT;C:\Leksah\bin\;C:\Program Files\Haskell Platform\8.2.2\mingw\bin;C:\Users\Joe Junior\AppData\Roaming\cabal\bin;C:\Users\Joe Junior\AppData\Roaming\local\bin;C:\Users\Joe Junior\AppData\Local\Microsoft\WindowsApps;C:\Users\Joe Junior\Desktop;
USERNAME=Boii
OS=Windows_NT
PROCESSOR_IDENTIFIER=Intel64 Family 6 Model 78 Stepping 3, GenuineIntel



---------------  S Y S T E M  ---------------

OS: Windows 10 , 64 bit Build 16299 (10.0.16299.15)

CPU:total 4 (initial active 4) (2 cores per cpu, 2 threads per core) family 6 model 78 stepping 3, cmov, cx8, fxsr, mmx, sse, sse2, sse3, ssse3, sse4.1, sse4.2, popcnt, avx, avx2, aes, clmul, erms, 3dnowpref, lzcnt, ht, tsc, tscinvbit, bmi1, bmi2, adx, fma

Memory: 4k page, physical 12470176k(6776280k free), swap 16533408k(10433176k free)

vm_info: Java HotSpot(TM) 64-Bit Server VM (10-ea+39) for windows-amd64 JRE (10-ea+39), built on Jan 11 2018 21:17:33 by "mach5one" with MS VC++ 12.0 (VS2013)

END.
