#
# A fatal error has been detected by the Java Runtime Environment:
#
#  EXCEPTION_ACCESS_VIOLATION (0xc0000005) at pc=0x000000070cb72390, pid=4772, tid=8072
#
# JRE version: Java(TM) SE Runtime Environment (10.0+39) (build 10-ea+39)
# Java VM: Java HotSpot(TM) 64-Bit Server VM (10-ea+39, mixed mode, tiered, compressed oops, g1 gc, windows-amd64)
# Problematic frame:
# C  0x000000070cb72390
#
# No core dump will be written. Minidumps are not enabled by default on client versions of Windows
#
# If you would like to submit a bug report, please visit:
#   http://bugreport.java.com/bugreport/crash.jsp
#

---------------  S U M M A R Y ------------

Command Line: -Dfile.encoding=Cp1252 com.dezzy.skorp3.Skorp3

Host: Intel(R) Core(TM) i7-6500U CPU @ 2.50GHz, 4 cores, 11G,  Windows 10 , 64 bit Build 16299 (10.0.16299.15)
Time: Wed Apr 04 16:19:21 2018 Eastern Daylight Time elapsed time: 1 seconds (0d 0h 0m 1s)

---------------  T H R E A D  ---------------

Current thread (0x000001f7a2801800):  JavaThread "main" [_thread_in_Java, id=8072, stack(0x0000002d56000000,0x0000002d56100000)]

Stack: [0x0000002d56000000,0x0000002d56100000],  sp=0x0000002d560fefa0,  free space=1019k
Native frames: (J=compiled Java code, j=interpreted, Vv=VM code, C=native code)
C  0x000000070cb72390


siginfo: EXCEPTION_ACCESS_VIOLATION (0xc0000005), data execution prevention violation at address 0x000000070cb72390


Register to memory mapping:

RIP=0x000000070cb72390 is an oop
java.lang.Class 
{0x000000070cb72390} - klass: 'java/lang/Class'
RAX=0x00000007c00005b8 is pointing into metadata
RBX=0x000001f7c7fe60c0 is an unknown value
RCX=0x000000070d505dc0 is an oop
[D 
{0x000000070d505dc0} - klass: {type array double}
 - length: 8
RDX=0x0000000000000000 is an unknown value
RSP=0x0000002d560fefa0 is pointing into the stack for thread: 0x000001f7a2801800
RBP=0x0000002d560ff008 is pointing into the stack for thread: 0x000001f7a2801800
RSI=0x000001f7cb0e6440 is pointing into metadata
RDI=0x000001f7af2f9c10 is at code_begin+1040 in an Interpreter codelet
invoke return entry points  [0x000001f7af2f9800, 0x000001f7af2fa1e0]  2528 bytes
R8 =0x0000000000000005 is an unknown value
R9 =0x00000000000000de is an unknown value
R10=0x000000006a5dfa30 jvm.dll
R11=0x0000002d560fed98 is pointing into the stack for thread: 0x000001f7a2801800
R12=0x0000000000000000 is an unknown value
R13=0x0000002d560fefa8 is pointing into the stack for thread: 0x000001f7a2801800
R14=0x0000000000000000 is an unknown value
R15=0x000001f7a2801800 is a thread


Registers:
RAX=0x00000007c00005b8, RBX=0x000001f7c7fe60c0, RCX=0x000000070d505dc0, RDX=0x0000000000000000
RSP=0x0000002d560fefa0, RBP=0x0000002d560ff008, RSI=0x000001f7cb0e6440, RDI=0x000001f7af2f9c10
R8 =0x0000000000000005, R9 =0x00000000000000de, R10=0x000000006a5dfa30, R11=0x0000002d560fed98
R12=0x0000000000000000, R13=0x0000002d560fefa8, R14=0x0000000000000000, R15=0x000001f7a2801800
RIP=0x000000070cb72390, EFLAGS=0x0000000000010246

Top of Stack: (sp=0x0000002d560fefa0)
0x0000002d560fefa0:   000001f7af2f98d0 000000070d505dc0
0x0000002d560fefb0:   000001f7c9b2fbb2 000000070d506488
0x0000002d560fefc0:   0000002d560fefb0 000001f7c9b190aa
0x0000002d560fefd0:   0000002d560ff030 000001f7c9b1f110
0x0000002d560fefe0:   0000000000000000 000000070cb0de80
0x0000002d560feff0:   000001f7c9b19110 0000002d560fefa8
0x0000002d560ff000:   0000002d560ff028 0000002d560ff0a0
0x0000002d560ff010:   000001f7af2f9e80 0000000000000000
0x0000002d560ff020:   000000070d505dc0 000000070d506758
0x0000002d560ff030:   000000070d506488 000000070d5066a0
0x0000002d560ff040:   000000070d5066a0 0000002d560ff098
0x0000002d560ff050:   000000070d506488 0000002d560ff038
0x0000002d560ff060:   000001f7c9b18efc 0000002d560ff108
0x0000002d560ff070:   000001f7c9b1f110 0000000000000000
0x0000002d560ff080:   000000070cb0de80 000001f7c9b18fc0
0x0000002d560ff090:   0000002d560ff028 0000002d560ff0f0 

Instructions: (pc=0x000000070cb72390)
0x000000070cb72370:   a0 1a 00 c0 07 00 00 00 20 36 01 c0 07 00 00 00
0x000000070cb72380:   00 00 00 00 0e 00 00 00 00 00 00 00 00 00 00 00
0x000000070cb72390:   09 fd 0b 9e 65 00 00 00 cc 03 00 f8 00 00 00 00
0x000000070cb723a0:   00 00 00 00 00 00 00 00 1d b8 96 e1 00 00 00 00 



---------------  P R O C E S S  ---------------

Threads class SMR info:
_java_thread_list=0x000001f7c8b8da60, length=11, elements={
0x000001f7a2801800, 0x000001f7c898b800, 0x000001f7c8995000, 0x000001f7c815b800,
0x000001f7c815d800, 0x000001f7c815e800, 0x000001f7c89fa800, 0x000001f7c8a23800,
0x000001f7c8a6d000, 0x000001f7c8bbe800, 0x000001f7c8bc5800
}

Java Threads: ( => current thread )
=>0x000001f7a2801800 JavaThread "main" [_thread_in_Java, id=8072, stack(0x0000002d56000000,0x0000002d56100000)]
  0x000001f7c898b800 JavaThread "Reference Handler" daemon [_thread_blocked, id=10796, stack(0x0000002d56d00000,0x0000002d56e00000)]
  0x000001f7c8995000 JavaThread "Finalizer" daemon [_thread_blocked, id=9160, stack(0x0000002d56e00000,0x0000002d56f00000)]
  0x000001f7c815b800 JavaThread "Signal Dispatcher" daemon [_thread_blocked, id=5304, stack(0x0000002d57000000,0x0000002d57100000)]
  0x000001f7c815d800 JavaThread "Attach Listener" daemon [_thread_blocked, id=8304, stack(0x0000002d57100000,0x0000002d57200000)]
  0x000001f7c815e800 JavaThread "C2 CompilerThread0" daemon [_thread_blocked, id=5008, stack(0x0000002d57200000,0x0000002d57300000)]
  0x000001f7c89fa800 JavaThread "C2 CompilerThread1" daemon [_thread_blocked, id=5656, stack(0x0000002d57300000,0x0000002d57400000)]
  0x000001f7c8a23800 JavaThread "C1 CompilerThread2" daemon [_thread_blocked, id=76, stack(0x0000002d57400000,0x0000002d57500000)]
  0x000001f7c8a6d000 JavaThread "Sweeper thread" daemon [_thread_blocked, id=12460, stack(0x0000002d57500000,0x0000002d57600000)]
  0x000001f7c8bbe800 JavaThread "Service Thread" daemon [_thread_blocked, id=10704, stack(0x0000002d57600000,0x0000002d57700000)]
  0x000001f7c8bc5800 JavaThread "Common-Cleaner" daemon [_thread_blocked, id=3312, stack(0x0000002d57700000,0x0000002d57800000)]

Other Threads:
  0x000001f7c8986800 VMThread "VM Thread" [stack: 0x0000002d56c00000,0x0000002d56d00000] [id=1600]
  0x000001f7c8bc6800 WatcherThread [stack: 0x0000002d57800000,0x0000002d57900000] [id=11592]
  0x000001f7a281a000 GCTaskThread "GC Thread#0" [stack: 0x0000002d56100000,0x0000002d56200000] [id=6744]
  0x000001f7a281d000 GCTaskThread "GC Thread#1" [stack: 0x0000002d56200000,0x0000002d56300000] [id=12512]
  0x000001f7a281f800 GCTaskThread "GC Thread#2" [stack: 0x0000002d56300000,0x0000002d56400000] [id=1436]
  0x000001f7a2821800 GCTaskThread "GC Thread#3" [stack: 0x0000002d56400000,0x0000002d56500000] [id=8280]
  0x000001f7a28c0800 ConcurrentGCThread "G1 Main Marker" [stack: 0x0000002d56500000,0x0000002d56600000] [id=5376]
  0x000001f7a28c4800 ConcurrentGCThread "G1 Conc#0" [stack: 0x0000002d56600000,0x0000002d56700000] [id=10828]
  0x000001f7c8001800 ConcurrentGCThread "G1 Refine#0" [stack: 0x0000002d56700000,0x0000002d56800000] [id=11428]
  0x000001f7c8005000 ConcurrentGCThread "G1 Refine#1" [stack: 0x0000002d56800000,0x0000002d56900000] [id=1428]
  0x000001f7c8007000 ConcurrentGCThread "G1 Refine#2" [stack: 0x0000002d56900000,0x0000002d56a00000] [id=6096]
  0x000001f7c8009000 ConcurrentGCThread "G1 Refine#3" [stack: 0x0000002d56a00000,0x0000002d56b00000] [id=6128]
  0x000001f7c800d800 ConcurrentGCThread "G1 Young RemSet Sampling" [stack: 0x0000002d56b00000,0x0000002d56c00000] [id=5516]

Threads with active compile tasks:

VM state:not at safepoint (normal execution)

VM Mutex/Monitor currently owned by a thread: None

Heap address: 0x0000000701a00000, size: 3046 MB, Compressed Oops mode: Zero based, Oop shift amount: 3
Narrow klass base: 0x0000000000000000, Narrow klass shift: 3
Compressed class space size: 1073741824 Address: 0x00000007c0000000

Heap:
 garbage-first heap   total 196608K, used 6870K [0x0000000701a00000, 0x00000007c0000000)
  region size 1024K, 7 young (7168K), 2 survivors (2048K)
 Metaspace       used 14175K, capacity 14461K, committed 14720K, reserved 1062912K
  class space    used 1531K, capacity 1631K, committed 1664K, reserved 1048576K
Heap Regions: E=young(eden), S=young(survivor), O=old, HS=humongous(starts), HC=humongous(continues), CS=collection set, F=free, A=archive, TS=gc time stamp, AC=allocation context, TAMS=top-at-mark-start (previous, next)
|   0|0x0000000701a00000, 0x0000000701ab5800, 0x0000000701b00000| 70%| O|  |TS  1|AC  0|TAMS 0x0000000701a00000, 0x0000000701a00000|
|   1|0x0000000701b00000, 0x0000000701b00000, 0x0000000701c00000|  0%| F|  |TS  0|AC  0|TAMS 0x0000000701b00000, 0x0000000701b00000|
|   2|0x0000000701c00000, 0x0000000701c00000, 0x0000000701d00000|  0%| F|  |TS  0|AC  0|TAMS 0x0000000701c00000, 0x0000000701c00000|
|   3|0x0000000701d00000, 0x0000000701d00000, 0x0000000701e00000|  0%| F|  |TS  0|AC  0|TAMS 0x0000000701d00000, 0x0000000701d00000|
|   4|0x0000000701e00000, 0x0000000701e00000, 0x0000000701f00000|  0%| F|  |TS  0|AC  0|TAMS 0x0000000701e00000, 0x0000000701e00000|
|   5|0x0000000701f00000, 0x0000000701f00000, 0x0000000702000000|  0%| F|  |TS  0|AC  0|TAMS 0x0000000701f00000, 0x0000000701f00000|
|   6|0x0000000702000000, 0x0000000702000000, 0x0000000702100000|  0%| F|  |TS  0|AC  0|TAMS 0x0000000702000000, 0x0000000702000000|
|   7|0x0000000702100000, 0x0000000702100000, 0x0000000702200000|  0%| F|  |TS  0|AC  0|TAMS 0x0000000702100000, 0x0000000702100000|
|   8|0x0000000702200000, 0x0000000702200000, 0x0000000702300000|  0%| F|  |TS  0|AC  0|TAMS 0x0000000702200000, 0x0000000702200000|
|   9|0x0000000702300000, 0x0000000702300000, 0x0000000702400000|  0%| F|  |TS  0|AC  0|TAMS 0x0000000702300000, 0x0000000702300000|
|  10|0x0000000702400000, 0x0000000702400000, 0x0000000702500000|  0%| F|  |TS  0|AC  0|TAMS 0x0000000702400000, 0x0000000702400000|
|  11|0x0000000702500000, 0x0000000702500000, 0x0000000702600000|  0%| F|  |TS  0|AC  0|TAMS 0x0000000702500000, 0x0000000702500000|
|  12|0x0000000702600000, 0x0000000702600000, 0x0000000702700000|  0%| F|  |TS  0|AC  0|TAMS 0x0000000702600000, 0x0000000702600000|
|  13|0x0000000702700000, 0x0000000702700000, 0x0000000702800000|  0%| F|  |TS  0|AC  0|TAMS 0x0000000702700000, 0x0000000702700000|
|  14|0x0000000702800000, 0x0000000702800000, 0x0000000702900000|  0%| F|  |TS  0|AC  0|TAMS 0x0000000702800000, 0x0000000702800000|
|  15|0x0000000702900000, 0x0000000702900000, 0x0000000702a00000|  0%| F|  |TS  0|AC  0|TAMS 0x0000000702900000, 0x0000000702900000|
|  16|0x0000000702a00000, 0x0000000702a00000, 0x0000000702b00000|  0%| F|  |TS  0|AC  0|TAMS 0x0000000702a00000, 0x0000000702a00000|
|  17|0x0000000702b00000, 0x0000000702b00000, 0x0000000702c00000|  0%| F|  |TS  0|AC  0|TAMS 0x0000000702b00000, 0x0000000702b00000|
|  18|0x0000000702c00000, 0x0000000702c00000, 0x0000000702d00000|  0%| F|  |TS  0|AC  0|TAMS 0x0000000702c00000, 0x0000000702c00000|
|  19|0x0000000702d00000, 0x0000000702d00000, 0x0000000702e00000|  0%| F|  |TS  0|AC  0|TAMS 0x0000000702d00000, 0x0000000702d00000|
|  20|0x0000000702e00000, 0x0000000702e00000, 0x0000000702f00000|  0%| F|  |TS  0|AC  0|TAMS 0x0000000702e00000, 0x0000000702e00000|
|  21|0x0000000702f00000, 0x0000000702f00000, 0x0000000703000000|  0%| F|  |TS  0|AC  0|TAMS 0x0000000702f00000, 0x0000000702f00000|
|  22|0x0000000703000000, 0x0000000703000000, 0x0000000703100000|  0%| F|  |TS  0|AC  0|TAMS 0x0000000703000000, 0x0000000703000000|
|  23|0x0000000703100000, 0x0000000703100000, 0x0000000703200000|  0%| F|  |TS  0|AC  0|TAMS 0x0000000703100000, 0x0000000703100000|
|  24|0x0000000703200000, 0x0000000703200000, 0x0000000703300000|  0%| F|  |TS  0|AC  0|TAMS 0x0000000703200000, 0x0000000703200000|
|  25|0x0000000703300000, 0x0000000703300000, 0x0000000703400000|  0%| F|  |TS  0|AC  0|TAMS 0x0000000703300000, 0x0000000703300000|
|  26|0x0000000703400000, 0x0000000703400000, 0x0000000703500000|  0%| F|  |TS  0|AC  0|TAMS 0x0000000703400000, 0x0000000703400000|
|  27|0x0000000703500000, 0x0000000703500000, 0x0000000703600000|  0%| F|  |TS  0|AC  0|TAMS 0x0000000703500000, 0x0000000703500000|
|  28|0x0000000703600000, 0x0000000703600000, 0x0000000703700000|  0%| F|  |TS  0|AC  0|TAMS 0x0000000703600000, 0x0000000703600000|
|  29|0x0000000703700000, 0x0000000703700000, 0x0000000703800000|  0%| F|  |TS  0|AC  0|TAMS 0x0000000703700000, 0x0000000703700000|
|  30|0x0000000703800000, 0x0000000703800000, 0x0000000703900000|  0%| F|  |TS  0|AC  0|TAMS 0x0000000703800000, 0x0000000703800000|
|  31|0x0000000703900000, 0x0000000703900000, 0x0000000703a00000|  0%| F|  |TS  0|AC  0|TAMS 0x0000000703900000, 0x0000000703900000|
|  32|0x0000000703a00000, 0x0000000703a00000, 0x0000000703b00000|  0%| F|  |TS  0|AC  0|TAMS 0x0000000703a00000, 0x0000000703a00000|
|  33|0x0000000703b00000, 0x0000000703b00000, 0x0000000703c00000|  0%| F|  |TS  0|AC  0|TAMS 0x0000000703b00000, 0x0000000703b00000|
|  34|0x0000000703c00000, 0x0000000703c00000, 0x0000000703d00000|  0%| F|  |TS  0|AC  0|TAMS 0x0000000703c00000, 0x0000000703c00000|
|  35|0x0000000703d00000, 0x0000000703d00000, 0x0000000703e00000|  0%| F|  |TS  0|AC  0|TAMS 0x0000000703d00000, 0x0000000703d00000|
|  36|0x0000000703e00000, 0x0000000703e00000, 0x0000000703f00000|  0%| F|  |TS  0|AC  0|TAMS 0x0000000703e00000, 0x0000000703e00000|
|  37|0x0000000703f00000, 0x0000000703f00000, 0x0000000704000000|  0%| F|  |TS  0|AC  0|TAMS 0x0000000703f00000, 0x0000000703f00000|
|  38|0x0000000704000000, 0x0000000704000000, 0x0000000704100000|  0%| F|  |TS  0|AC  0|TAMS 0x0000000704000000, 0x0000000704000000|
|  39|0x0000000704100000, 0x0000000704100000, 0x0000000704200000|  0%| F|  |TS  0|AC  0|TAMS 0x0000000704100000, 0x0000000704100000|
|  40|0x0000000704200000, 0x0000000704200000, 0x0000000704300000|  0%| F|  |TS  0|AC  0|TAMS 0x0000000704200000, 0x0000000704200000|
|  41|0x0000000704300000, 0x0000000704300000, 0x0000000704400000|  0%| F|  |TS  0|AC  0|TAMS 0x0000000704300000, 0x0000000704300000|
|  42|0x0000000704400000, 0x0000000704400000, 0x0000000704500000|  0%| F|  |TS  0|AC  0|TAMS 0x0000000704400000, 0x0000000704400000|
|  43|0x0000000704500000, 0x0000000704500000, 0x0000000704600000|  0%| F|  |TS  0|AC  0|TAMS 0x0000000704500000, 0x0000000704500000|
|  44|0x0000000704600000, 0x0000000704600000, 0x0000000704700000|  0%| F|  |TS  0|AC  0|TAMS 0x0000000704600000, 0x0000000704600000|
|  45|0x0000000704700000, 0x0000000704700000, 0x0000000704800000|  0%| F|  |TS  0|AC  0|TAMS 0x0000000704700000, 0x0000000704700000|
|  46|0x0000000704800000, 0x0000000704800000, 0x0000000704900000|  0%| F|  |TS  0|AC  0|TAMS 0x0000000704800000, 0x0000000704800000|
|  47|0x0000000704900000, 0x0000000704900000, 0x0000000704a00000|  0%| F|  |TS  0|AC  0|TAMS 0x0000000704900000, 0x0000000704900000|
|  48|0x0000000704a00000, 0x0000000704a00000, 0x0000000704b00000|  0%| F|  |TS  0|AC  0|TAMS 0x0000000704a00000, 0x0000000704a00000|
|  49|0x0000000704b00000, 0x0000000704b00000, 0x0000000704c00000|  0%| F|  |TS  0|AC  0|TAMS 0x0000000704b00000, 0x0000000704b00000|
|  50|0x0000000704c00000, 0x0000000704c00000, 0x0000000704d00000|  0%| F|  |TS  0|AC  0|TAMS 0x0000000704c00000, 0x0000000704c00000|
|  51|0x0000000704d00000, 0x0000000704d00000, 0x0000000704e00000|  0%| F|  |TS  0|AC  0|TAMS 0x0000000704d00000, 0x0000000704d00000|
|  52|0x0000000704e00000, 0x0000000704e00000, 0x0000000704f00000|  0%| F|  |TS  0|AC  0|TAMS 0x0000000704e00000, 0x0000000704e00000|
|  53|0x0000000704f00000, 0x0000000704f00000, 0x0000000705000000|  0%| F|  |TS  0|AC  0|TAMS 0x0000000704f00000, 0x0000000704f00000|
|  54|0x0000000705000000, 0x0000000705000000, 0x0000000705100000|  0%| F|  |TS  0|AC  0|TAMS 0x0000000705000000, 0x0000000705000000|
|  55|0x0000000705100000, 0x0000000705100000, 0x0000000705200000|  0%| F|  |TS  0|AC  0|TAMS 0x0000000705100000, 0x0000000705100000|
|  56|0x0000000705200000, 0x0000000705200000, 0x0000000705300000|  0%| F|  |TS  0|AC  0|TAMS 0x0000000705200000, 0x0000000705200000|
|  57|0x0000000705300000, 0x0000000705300000, 0x0000000705400000|  0%| F|  |TS  0|AC  0|TAMS 0x0000000705300000, 0x0000000705300000|
|  58|0x0000000705400000, 0x0000000705400000, 0x0000000705500000|  0%| F|  |TS  0|AC  0|TAMS 0x0000000705400000, 0x0000000705400000|
|  59|0x0000000705500000, 0x0000000705500000, 0x0000000705600000|  0%| F|  |TS  0|AC  0|TAMS 0x0000000705500000, 0x0000000705500000|
|  60|0x0000000705600000, 0x0000000705600000, 0x0000000705700000|  0%| F|  |TS  0|AC  0|TAMS 0x0000000705600000, 0x0000000705600000|
|  61|0x0000000705700000, 0x0000000705700000, 0x0000000705800000|  0%| F|  |TS  0|AC  0|TAMS 0x0000000705700000, 0x0000000705700000|
|  62|0x0000000705800000, 0x0000000705800000, 0x0000000705900000|  0%| F|  |TS  0|AC  0|TAMS 0x0000000705800000, 0x0000000705800000|
|  63|0x0000000705900000, 0x0000000705900000, 0x0000000705a00000|  0%| F|  |TS  0|AC  0|TAMS 0x0000000705900000, 0x0000000705900000|
|  64|0x0000000705a00000, 0x0000000705a00000, 0x0000000705b00000|  0%| F|  |TS  0|AC  0|TAMS 0x0000000705a00000, 0x0000000705a00000|
|  65|0x0000000705b00000, 0x0000000705b00000, 0x0000000705c00000|  0%| F|  |TS  0|AC  0|TAMS 0x0000000705b00000, 0x0000000705b00000|
|  66|0x0000000705c00000, 0x0000000705c00000, 0x0000000705d00000|  0%| F|  |TS  0|AC  0|TAMS 0x0000000705c00000, 0x0000000705c00000|
|  67|0x0000000705d00000, 0x0000000705d00000, 0x0000000705e00000|  0%| F|  |TS  0|AC  0|TAMS 0x0000000705d00000, 0x0000000705d00000|
|  68|0x0000000705e00000, 0x0000000705e00000, 0x0000000705f00000|  0%| F|  |TS  0|AC  0|TAMS 0x0000000705e00000, 0x0000000705e00000|
|  69|0x0000000705f00000, 0x0000000705f00000, 0x0000000706000000|  0%| F|  |TS  0|AC  0|TAMS 0x0000000705f00000, 0x0000000705f00000|
|  70|0x0000000706000000, 0x0000000706000000, 0x0000000706100000|  0%| F|  |TS  0|AC  0|TAMS 0x0000000706000000, 0x0000000706000000|
|  71|0x0000000706100000, 0x0000000706100000, 0x0000000706200000|  0%| F|  |TS  0|AC  0|TAMS 0x0000000706100000, 0x0000000706100000|
|  72|0x0000000706200000, 0x0000000706200000, 0x0000000706300000|  0%| F|  |TS  0|AC  0|TAMS 0x0000000706200000, 0x0000000706200000|
|  73|0x0000000706300000, 0x0000000706300000, 0x0000000706400000|  0%| F|  |TS  0|AC  0|TAMS 0x0000000706300000, 0x0000000706300000|
|  74|0x0000000706400000, 0x0000000706400000, 0x0000000706500000|  0%| F|  |TS  0|AC  0|TAMS 0x0000000706400000, 0x0000000706400000|
|  75|0x0000000706500000, 0x0000000706500000, 0x0000000706600000|  0%| F|  |TS  0|AC  0|TAMS 0x0000000706500000, 0x0000000706500000|
|  76|0x0000000706600000, 0x0000000706600000, 0x0000000706700000|  0%| F|  |TS  0|AC  0|TAMS 0x0000000706600000, 0x0000000706600000|
|  77|0x0000000706700000, 0x0000000706700000, 0x0000000706800000|  0%| F|  |TS  0|AC  0|TAMS 0x0000000706700000, 0x0000000706700000|
|  78|0x0000000706800000, 0x0000000706800000, 0x0000000706900000|  0%| F|  |TS  0|AC  0|TAMS 0x0000000706800000, 0x0000000706800000|
|  79|0x0000000706900000, 0x0000000706900000, 0x0000000706a00000|  0%| F|  |TS  0|AC  0|TAMS 0x0000000706900000, 0x0000000706900000|
|  80|0x0000000706a00000, 0x0000000706a00000, 0x0000000706b00000|  0%| F|  |TS  0|AC  0|TAMS 0x0000000706a00000, 0x0000000706a00000|
|  81|0x0000000706b00000, 0x0000000706b00000, 0x0000000706c00000|  0%| F|  |TS  0|AC  0|TAMS 0x0000000706b00000, 0x0000000706b00000|
|  82|0x0000000706c00000, 0x0000000706c00000, 0x0000000706d00000|  0%| F|  |TS  0|AC  0|TAMS 0x0000000706c00000, 0x0000000706c00000|
|  83|0x0000000706d00000, 0x0000000706d00000, 0x0000000706e00000|  0%| F|  |TS  0|AC  0|TAMS 0x0000000706d00000, 0x0000000706d00000|
|  84|0x0000000706e00000, 0x0000000706e00000, 0x0000000706f00000|  0%| F|  |TS  0|AC  0|TAMS 0x0000000706e00000, 0x0000000706e00000|
|  85|0x0000000706f00000, 0x0000000706f00000, 0x0000000707000000|  0%| F|  |TS  0|AC  0|TAMS 0x0000000706f00000, 0x0000000706f00000|
|  86|0x0000000707000000, 0x0000000707000000, 0x0000000707100000|  0%| F|  |TS  0|AC  0|TAMS 0x0000000707000000, 0x0000000707000000|
|  87|0x0000000707100000, 0x0000000707100000, 0x0000000707200000|  0%| F|  |TS  0|AC  0|TAMS 0x0000000707100000, 0x0000000707100000|
|  88|0x0000000707200000, 0x0000000707200000, 0x0000000707300000|  0%| F|  |TS  0|AC  0|TAMS 0x0000000707200000, 0x0000000707200000|
|  89|0x0000000707300000, 0x0000000707300000, 0x0000000707400000|  0%| F|  |TS  0|AC  0|TAMS 0x0000000707300000, 0x0000000707300000|
|  90|0x0000000707400000, 0x0000000707400000, 0x0000000707500000|  0%| F|  |TS  0|AC  0|TAMS 0x0000000707400000, 0x0000000707400000|
|  91|0x0000000707500000, 0x0000000707500000, 0x0000000707600000|  0%| F|  |TS  0|AC  0|TAMS 0x0000000707500000, 0x0000000707500000|
|  92|0x0000000707600000, 0x0000000707600000, 0x0000000707700000|  0%| F|  |TS  0|AC  0|TAMS 0x0000000707600000, 0x0000000707600000|
|  93|0x0000000707700000, 0x0000000707700000, 0x0000000707800000|  0%| F|  |TS  0|AC  0|TAMS 0x0000000707700000, 0x0000000707700000|
|  94|0x0000000707800000, 0x0000000707800000, 0x0000000707900000|  0%| F|  |TS  0|AC  0|TAMS 0x0000000707800000, 0x0000000707800000|
|  95|0x0000000707900000, 0x0000000707900000, 0x0000000707a00000|  0%| F|  |TS  0|AC  0|TAMS 0x0000000707900000, 0x0000000707900000|
|  96|0x0000000707a00000, 0x0000000707a00000, 0x0000000707b00000|  0%| F|  |TS  0|AC  0|TAMS 0x0000000707a00000, 0x0000000707a00000|
|  97|0x0000000707b00000, 0x0000000707b00000, 0x0000000707c00000|  0%| F|  |TS  0|AC  0|TAMS 0x0000000707b00000, 0x0000000707b00000|
|  98|0x0000000707c00000, 0x0000000707c00000, 0x0000000707d00000|  0%| F|  |TS  0|AC  0|TAMS 0x0000000707c00000, 0x0000000707c00000|
|  99|0x0000000707d00000, 0x0000000707d00000, 0x0000000707e00000|  0%| F|  |TS  0|AC  0|TAMS 0x0000000707d00000, 0x0000000707d00000|
| 100|0x0000000707e00000, 0x0000000707e00000, 0x0000000707f00000|  0%| F|  |TS  0|AC  0|TAMS 0x0000000707e00000, 0x0000000707e00000|
| 101|0x0000000707f00000, 0x0000000707f00000, 0x0000000708000000|  0%| F|  |TS  0|AC  0|TAMS 0x0000000707f00000, 0x0000000707f00000|
| 102|0x0000000708000000, 0x0000000708000000, 0x0000000708100000|  0%| F|  |TS  0|AC  0|TAMS 0x0000000708000000, 0x0000000708000000|
| 103|0x0000000708100000, 0x0000000708100000, 0x0000000708200000|  0%| F|  |TS  0|AC  0|TAMS 0x0000000708100000, 0x0000000708100000|
| 104|0x0000000708200000, 0x0000000708200000, 0x0000000708300000|  0%| F|  |TS  0|AC  0|TAMS 0x0000000708200000, 0x0000000708200000|
| 105|0x0000000708300000, 0x0000000708300000, 0x0000000708400000|  0%| F|  |TS  0|AC  0|TAMS 0x0000000708300000, 0x0000000708300000|
| 106|0x0000000708400000, 0x0000000708400000, 0x0000000708500000|  0%| F|  |TS  0|AC  0|TAMS 0x0000000708400000, 0x0000000708400000|
| 107|0x0000000708500000, 0x0000000708500000, 0x0000000708600000|  0%| F|  |TS  0|AC  0|TAMS 0x0000000708500000, 0x0000000708500000|
| 108|0x0000000708600000, 0x0000000708600000, 0x0000000708700000|  0%| F|  |TS  0|AC  0|TAMS 0x0000000708600000, 0x0000000708600000|
| 109|0x0000000708700000, 0x0000000708700000, 0x0000000708800000|  0%| F|  |TS  0|AC  0|TAMS 0x0000000708700000, 0x0000000708700000|
| 110|0x0000000708800000, 0x0000000708800000, 0x0000000708900000|  0%| F|  |TS  0|AC  0|TAMS 0x0000000708800000, 0x0000000708800000|
| 111|0x0000000708900000, 0x0000000708900000, 0x0000000708a00000|  0%| F|  |TS  0|AC  0|TAMS 0x0000000708900000, 0x0000000708900000|
| 112|0x0000000708a00000, 0x0000000708a00000, 0x0000000708b00000|  0%| F|  |TS  0|AC  0|TAMS 0x0000000708a00000, 0x0000000708a00000|
| 113|0x0000000708b00000, 0x0000000708b00000, 0x0000000708c00000|  0%| F|  |TS  0|AC  0|TAMS 0x0000000708b00000, 0x0000000708b00000|
| 114|0x0000000708c00000, 0x0000000708c00000, 0x0000000708d00000|  0%| F|  |TS  0|AC  0|TAMS 0x0000000708c00000, 0x0000000708c00000|
| 115|0x0000000708d00000, 0x0000000708d00000, 0x0000000708e00000|  0%| F|  |TS  0|AC  0|TAMS 0x0000000708d00000, 0x0000000708d00000|
| 116|0x0000000708e00000, 0x0000000708e00000, 0x0000000708f00000|  0%| F|  |TS  0|AC  0|TAMS 0x0000000708e00000, 0x0000000708e00000|
| 117|0x0000000708f00000, 0x0000000708f00000, 0x0000000709000000|  0%| F|  |TS  0|AC  0|TAMS 0x0000000708f00000, 0x0000000708f00000|
| 118|0x0000000709000000, 0x0000000709000000, 0x0000000709100000|  0%| F|  |TS  0|AC  0|TAMS 0x0000000709000000, 0x0000000709000000|
| 119|0x0000000709100000, 0x0000000709100000, 0x0000000709200000|  0%| F|  |TS  0|AC  0|TAMS 0x0000000709100000, 0x0000000709100000|
| 120|0x0000000709200000, 0x0000000709200000, 0x0000000709300000|  0%| F|  |TS  0|AC  0|TAMS 0x0000000709200000, 0x0000000709200000|
| 121|0x0000000709300000, 0x0000000709300000, 0x0000000709400000|  0%| F|  |TS  0|AC  0|TAMS 0x0000000709300000, 0x0000000709300000|
| 122|0x0000000709400000, 0x0000000709400000, 0x0000000709500000|  0%| F|  |TS  0|AC  0|TAMS 0x0000000709400000, 0x0000000709400000|
| 123|0x0000000709500000, 0x0000000709500000, 0x0000000709600000|  0%| F|  |TS  0|AC  0|TAMS 0x0000000709500000, 0x0000000709500000|
| 124|0x0000000709600000, 0x0000000709600000, 0x0000000709700000|  0%| F|  |TS  0|AC  0|TAMS 0x0000000709600000, 0x0000000709600000|
| 125|0x0000000709700000, 0x0000000709700000, 0x0000000709800000|  0%| F|  |TS  0|AC  0|TAMS 0x0000000709700000, 0x0000000709700000|
| 126|0x0000000709800000, 0x0000000709800000, 0x0000000709900000|  0%| F|  |TS  0|AC  0|TAMS 0x0000000709800000, 0x0000000709800000|
| 127|0x0000000709900000, 0x0000000709900000, 0x0000000709a00000|  0%| F|  |TS  0|AC  0|TAMS 0x0000000709900000, 0x0000000709900000|
| 128|0x0000000709a00000, 0x0000000709a00000, 0x0000000709b00000|  0%| F|  |TS  0|AC  0|TAMS 0x0000000709a00000, 0x0000000709a00000|
| 129|0x0000000709b00000, 0x0000000709b00000, 0x0000000709c00000|  0%| F|  |TS  0|AC  0|TAMS 0x0000000709b00000, 0x0000000709b00000|
| 130|0x0000000709c00000, 0x0000000709c00000, 0x0000000709d00000|  0%| F|  |TS  0|AC  0|TAMS 0x0000000709c00000, 0x0000000709c00000|
| 131|0x0000000709d00000, 0x0000000709d00000, 0x0000000709e00000|  0%| F|  |TS  0|AC  0|TAMS 0x0000000709d00000, 0x0000000709d00000|
| 132|0x0000000709e00000, 0x0000000709e00000, 0x0000000709f00000|  0%| F|  |TS  0|AC  0|TAMS 0x0000000709e00000, 0x0000000709e00000|
| 133|0x0000000709f00000, 0x0000000709f00000, 0x000000070a000000|  0%| F|  |TS  0|AC  0|TAMS 0x0000000709f00000, 0x0000000709f00000|
| 134|0x000000070a000000, 0x000000070a000000, 0x000000070a100000|  0%| F|  |TS  0|AC  0|TAMS 0x000000070a000000, 0x000000070a000000|
| 135|0x000000070a100000, 0x000000070a100000, 0x000000070a200000|  0%| F|  |TS  0|AC  0|TAMS 0x000000070a100000, 0x000000070a100000|
| 136|0x000000070a200000, 0x000000070a200000, 0x000000070a300000|  0%| F|  |TS  0|AC  0|TAMS 0x000000070a200000, 0x000000070a200000|
| 137|0x000000070a300000, 0x000000070a300000, 0x000000070a400000|  0%| F|  |TS  0|AC  0|TAMS 0x000000070a300000, 0x000000070a300000|
| 138|0x000000070a400000, 0x000000070a400000, 0x000000070a500000|  0%| F|  |TS  0|AC  0|TAMS 0x000000070a400000, 0x000000070a400000|
| 139|0x000000070a500000, 0x000000070a500000, 0x000000070a600000|  0%| F|  |TS  0|AC  0|TAMS 0x000000070a500000, 0x000000070a500000|
| 140|0x000000070a600000, 0x000000070a600000, 0x000000070a700000|  0%| F|  |TS  0|AC  0|TAMS 0x000000070a600000, 0x000000070a600000|
| 141|0x000000070a700000, 0x000000070a700000, 0x000000070a800000|  0%| F|  |TS  0|AC  0|TAMS 0x000000070a700000, 0x000000070a700000|
| 142|0x000000070a800000, 0x000000070a800000, 0x000000070a900000|  0%| F|  |TS  0|AC  0|TAMS 0x000000070a800000, 0x000000070a800000|
| 143|0x000000070a900000, 0x000000070a900000, 0x000000070aa00000|  0%| F|  |TS  0|AC  0|TAMS 0x000000070a900000, 0x000000070a900000|
| 144|0x000000070aa00000, 0x000000070aa00000, 0x000000070ab00000|  0%| F|  |TS  0|AC  0|TAMS 0x000000070aa00000, 0x000000070aa00000|
| 145|0x000000070ab00000, 0x000000070ab00000, 0x000000070ac00000|  0%| F|  |TS  0|AC  0|TAMS 0x000000070ab00000, 0x000000070ab00000|
| 146|0x000000070ac00000, 0x000000070ac00000, 0x000000070ad00000|  0%| F|  |TS  0|AC  0|TAMS 0x000000070ac00000, 0x000000070ac00000|
| 147|0x000000070ad00000, 0x000000070ad00000, 0x000000070ae00000|  0%| F|  |TS  0|AC  0|TAMS 0x000000070ad00000, 0x000000070ad00000|
| 148|0x000000070ae00000, 0x000000070ae00000, 0x000000070af00000|  0%| F|  |TS  0|AC  0|TAMS 0x000000070ae00000, 0x000000070ae00000|
| 149|0x000000070af00000, 0x000000070af00000, 0x000000070b000000|  0%| F|  |TS  0|AC  0|TAMS 0x000000070af00000, 0x000000070af00000|
| 150|0x000000070b000000, 0x000000070b000000, 0x000000070b100000|  0%| F|  |TS  0|AC  0|TAMS 0x000000070b000000, 0x000000070b000000|
| 151|0x000000070b100000, 0x000000070b100000, 0x000000070b200000|  0%| F|  |TS  0|AC  0|TAMS 0x000000070b100000, 0x000000070b100000|
| 152|0x000000070b200000, 0x000000070b200000, 0x000000070b300000|  0%| F|  |TS  0|AC  0|TAMS 0x000000070b200000, 0x000000070b200000|
| 153|0x000000070b300000, 0x000000070b300000, 0x000000070b400000|  0%| F|  |TS  0|AC  0|TAMS 0x000000070b300000, 0x000000070b300000|
| 154|0x000000070b400000, 0x000000070b400000, 0x000000070b500000|  0%| F|  |TS  0|AC  0|TAMS 0x000000070b400000, 0x000000070b400000|
| 155|0x000000070b500000, 0x000000070b500000, 0x000000070b600000|  0%| F|  |TS  0|AC  0|TAMS 0x000000070b500000, 0x000000070b500000|
| 156|0x000000070b600000, 0x000000070b600000, 0x000000070b700000|  0%| F|  |TS  0|AC  0|TAMS 0x000000070b600000, 0x000000070b600000|
| 157|0x000000070b700000, 0x000000070b700000, 0x000000070b800000|  0%| F|  |TS  0|AC  0|TAMS 0x000000070b700000, 0x000000070b700000|
| 158|0x000000070b800000, 0x000000070b800000, 0x000000070b900000|  0%| F|  |TS  0|AC  0|TAMS 0x000000070b800000, 0x000000070b800000|
| 159|0x000000070b900000, 0x000000070b900000, 0x000000070ba00000|  0%| F|  |TS  0|AC  0|TAMS 0x000000070b900000, 0x000000070b900000|
| 160|0x000000070ba00000, 0x000000070ba00000, 0x000000070bb00000|  0%| F|  |TS  0|AC  0|TAMS 0x000000070ba00000, 0x000000070ba00000|
| 161|0x000000070bb00000, 0x000000070bb00000, 0x000000070bc00000|  0%| F|  |TS  0|AC  0|TAMS 0x000000070bb00000, 0x000000070bb00000|
| 162|0x000000070bc00000, 0x000000070bc00000, 0x000000070bd00000|  0%| F|  |TS  0|AC  0|TAMS 0x000000070bc00000, 0x000000070bc00000|
| 163|0x000000070bd00000, 0x000000070bd00000, 0x000000070be00000|  0%| F|  |TS  0|AC  0|TAMS 0x000000070bd00000, 0x000000070bd00000|
| 164|0x000000070be00000, 0x000000070be00000, 0x000000070bf00000|  0%| F|  |TS  0|AC  0|TAMS 0x000000070be00000, 0x000000070be00000|
| 165|0x000000070bf00000, 0x000000070bf00000, 0x000000070c000000|  0%| F|  |TS  0|AC  0|TAMS 0x000000070bf00000, 0x000000070bf00000|
| 166|0x000000070c000000, 0x000000070c000000, 0x000000070c100000|  0%| F|  |TS  0|AC  0|TAMS 0x000000070c000000, 0x000000070c000000|
| 167|0x000000070c100000, 0x000000070c100000, 0x000000070c200000|  0%| F|  |TS  0|AC  0|TAMS 0x000000070c100000, 0x000000070c100000|
| 168|0x000000070c200000, 0x000000070c200000, 0x000000070c300000|  0%| F|  |TS  0|AC  0|TAMS 0x000000070c200000, 0x000000070c200000|
| 169|0x000000070c300000, 0x000000070c300000, 0x000000070c400000|  0%| F|  |TS  0|AC  0|TAMS 0x000000070c300000, 0x000000070c300000|
| 170|0x000000070c400000, 0x000000070c400000, 0x000000070c500000|  0%| F|  |TS  0|AC  0|TAMS 0x000000070c400000, 0x000000070c400000|
| 171|0x000000070c500000, 0x000000070c500000, 0x000000070c600000|  0%| F|  |TS  0|AC  0|TAMS 0x000000070c500000, 0x000000070c500000|
| 172|0x000000070c600000, 0x000000070c600000, 0x000000070c700000|  0%| F|  |TS  0|AC  0|TAMS 0x000000070c600000, 0x000000070c600000|
| 173|0x000000070c700000, 0x000000070c700000, 0x000000070c800000|  0%| F|  |TS  0|AC  0|TAMS 0x000000070c700000, 0x000000070c700000|
| 174|0x000000070c800000, 0x000000070c800000, 0x000000070c900000|  0%| F|  |TS  0|AC  0|TAMS 0x000000070c800000, 0x000000070c800000|
| 175|0x000000070c900000, 0x000000070c900000, 0x000000070ca00000|  0%| F|  |TS  0|AC  0|TAMS 0x000000070c900000, 0x000000070c900000|
| 176|0x000000070ca00000, 0x000000070cb00000, 0x000000070cb00000|100%| S|CS|TS  1|AC  0|TAMS 0x000000070ca00000, 0x000000070ca00000|
| 177|0x000000070cb00000, 0x000000070cc00000, 0x000000070cc00000|100%| S|CS|TS  1|AC  0|TAMS 0x000000070cb00000, 0x000000070cb00000|
| 178|0x000000070cc00000, 0x000000070cc00000, 0x000000070cd00000|  0%| F|  |TS  1|AC  0|TAMS 0x000000070cc00000, 0x000000070cc00000|
| 179|0x000000070cd00000, 0x000000070cd00000, 0x000000070ce00000|  0%| F|  |TS  1|AC  0|TAMS 0x000000070cd00000, 0x000000070cd00000|
| 180|0x000000070ce00000, 0x000000070ce00000, 0x000000070cf00000|  0%| F|  |TS  1|AC  0|TAMS 0x000000070ce00000, 0x000000070ce00000|
| 181|0x000000070cf00000, 0x000000070cf00000, 0x000000070d000000|  0%| F|  |TS  1|AC  0|TAMS 0x000000070cf00000, 0x000000070cf00000|
| 182|0x000000070d000000, 0x000000070d000000, 0x000000070d100000|  0%| F|  |TS  1|AC  0|TAMS 0x000000070d000000, 0x000000070d000000|
| 183|0x000000070d100000, 0x000000070d100000, 0x000000070d200000|  0%| F|  |TS  1|AC  0|TAMS 0x000000070d100000, 0x000000070d100000|
| 184|0x000000070d200000, 0x000000070d200000, 0x000000070d300000|  0%| F|  |TS  1|AC  0|TAMS 0x000000070d200000, 0x000000070d200000|
| 185|0x000000070d300000, 0x000000070d300000, 0x000000070d400000|  0%| F|  |TS  1|AC  0|TAMS 0x000000070d300000, 0x000000070d300000|
| 186|0x000000070d400000, 0x000000070d400000, 0x000000070d500000|  0%| F|  |TS  1|AC  0|TAMS 0x000000070d400000, 0x000000070d400000|
| 187|0x000000070d500000, 0x000000070d580800, 0x000000070d600000| 50%| E|  |TS  1|AC  0|TAMS 0x000000070d500000, 0x000000070d500000|
| 188|0x000000070d600000, 0x000000070d700000, 0x000000070d700000|100%| E|CS|TS  1|AC  0|TAMS 0x000000070d600000, 0x000000070d600000|
| 189|0x000000070d700000, 0x000000070d800000, 0x000000070d800000|100%| E|CS|TS  1|AC  0|TAMS 0x000000070d700000, 0x000000070d700000|
| 190|0x000000070d800000, 0x000000070d900000, 0x000000070d900000|100%| E|CS|TS  1|AC  0|TAMS 0x000000070d800000, 0x000000070d800000|
| 191|0x000000070d900000, 0x000000070da00000, 0x000000070da00000|100%| E|CS|TS  1|AC  0|TAMS 0x000000070d900000, 0x000000070d900000|

Card table byte_map: [0x000001f7bef20000,0x000001f7bf520000] byte_map_base: 0x000001f7bb713000

Marking Bits (Prev, Next): (CMBitMap*) 0x000001f7a28bfaa0, (CMBitMap*) 0x000001f7a28bfad8
 Prev Bits: [0x000001f7bfb20000, 0x000001f7c2ab8000)
 Next Bits: [0x000001f7c2ac0000, 0x000001f7c5a58000)

Polling page: 0x000001f7a04d0000

CodeHeap 'non-profiled nmethods': size=120064Kb used=427Kb max_used=427Kb free=119636Kb
 bounds [0x000001f7b6db0000, 0x000001f7b7020000, 0x000001f7be2f0000]
CodeHeap 'profiled nmethods': size=120000Kb used=2316Kb max_used=2316Kb free=117683Kb
 bounds [0x000001f7af880000, 0x000001f7afaf0000, 0x000001f7b6db0000]
CodeHeap 'non-nmethods': size=5696Kb used=1109Kb max_used=1128Kb free=4586Kb
 bounds [0x000001f7af2f0000, 0x000001f7af560000, 0x000001f7af880000]
 total_blobs=1970 nmethods=1293 adapters=342
 compilation: enabled

Compilation events (10 events):
Event: 1.633 Thread 0x000001f7c8a23800 1290       3       jdk.internal.math.FDBigInteger::mult (64 bytes)
Event: 1.633 Thread 0x000001f7c8a23800 nmethod 1290 0x000001f7afac2010 code [0x000001f7afac21e0, 0x000001f7afac2478]
Event: 1.633 Thread 0x000001f7c8a23800 1291       3       jdk.internal.math.FDBigInteger::<init> (30 bytes)
Event: 1.633 Thread 0x000001f7c8a23800 nmethod 1291 0x000001f7afac2690 code [0x000001f7afac2860, 0x000001f7afac2ad0]
Event: 1.633 Thread 0x000001f7c8a23800 1292       3       jdk.internal.math.FDBigInteger::trimLeadingZeros (57 bytes)
Event: 1.634 Thread 0x000001f7c8a23800 nmethod 1292 0x000001f7afac2c10 code [0x000001f7afac2de0, 0x000001f7afac3118]
Event: 1.645 Thread 0x000001f7c8a23800 1293       1       com.aparapi.internal.kernel.KernelArg::setType (6 bytes)
Event: 1.645 Thread 0x000001f7c8a23800 nmethod 1293 0x000001f7b6e1a710 code [0x000001f7b6e1a8c0, 0x000001f7b6e1a9d8]
Event: 1.645 Thread 0x000001f7c8a23800 1294       1       java.lang.reflect.Field::getName (5 bytes)
Event: 1.645 Thread 0x000001f7c8a23800 nmethod 1294 0x000001f7b6e1aa90 code [0x000001f7b6e1ac40, 0x000001f7b6e1ad58]

GC Heap History (2 events):
Event: 1.280 GC heap before
{Heap before GC invocations=0 (full 0):
 garbage-first heap   total 196608K, used 14336K [0x0000000701a00000, 0x00000007c0000000)
  region size 1024K, 14 young (14336K), 0 survivors (0K)
 Metaspace       used 13445K, capacity 13726K, committed 14080K, reserved 1062912K
  class space    used 1314K, capacity 1434K, committed 1536K, reserved 1048576K
}
Event: 1.287 GC heap after
{Heap after GC invocations=1 (full 0):
 garbage-first heap   total 196608K, used 2774K [0x0000000701a00000, 0x00000007c0000000)
  region size 1024K, 2 young (2048K), 2 survivors (2048K)
 Metaspace       used 13445K, capacity 13726K, committed 14080K, reserved 1062912K
  class space    used 1314K, capacity 1434K, committed 1536K, reserved 1048576K
}

Deoptimization events (3 events):
Event: 0.131 Thread 0x000001f7a2801800 Uncommon trap: reason=unstable_if action=reinterpret pc=0x000001f7b6db3e94 method=java.lang.String.hashCode()I @ 14 c2
Event: 0.652 Thread 0x000001f7a2801800 Uncommon trap: reason=unstable_if action=reinterpret pc=0x000001f7b6dd6eb4 method=java.lang.StringUTF16.compress([CI[BII)I @ 20 c2
Event: 1.261 Thread 0x000001f7a2801800 Uncommon trap: reason=unstable_if action=reinterpret pc=0x000001f7b6de7474 method=java.util.concurrent.ConcurrentHashMap.get(Ljava/lang/Object;)Ljava/lang/Object; @ 76 c2

Classes redefined (0 events):
No events

Internal exceptions (10 events):
Event: 0.532 Thread 0x000001f7a2801800 Exception <a 'java/lang/NoSuchMethodError'{0x000000070d37ebe8}: method resolution failed> (0x000000070d37ebe8) thrown at [t:/workspace/open/src/hotspot/share/prims/methodHandles.cpp, line 1184]
Event: 0.533 Thread 0x000001f7a2801800 Exception <a 'java/io/FileNotFoundException'{0x000000070d3884e8}> (0x000000070d3884e8) thrown at [t:/workspace/open/src/hotspot/share/prims/jni.cpp, line 611]
Event: 0.558 Thread 0x000001f7a2801800 Exception <a 'java/lang/NoSuchMethodError'{0x000000070d3b4820}: java.lang.invoke.DirectMethodHandle$Holder.invokeStatic(Ljava/lang/Object;Ljava/lang/Object;)I> (0x000000070d3b4820) thrown at [t:/workspace/open/src/hotspot/share/interpreter/linkResolver.cp
Event: 0.560 Thread 0x000001f7a2801800 Exception <a 'java/lang/NoSuchMethodError'{0x000000070d3c14e8}: java.lang.Object.of([Ljava/lang/Object;)Ljava/util/stream/Stream;> (0x000000070d3c14e8) thrown at [t:/workspace/open/src/hotspot/share/interpreter/linkResolver.cpp, line 741]
Event: 0.762 Thread 0x000001f7a2801800 Exception <a 'java/lang/NoSuchMethodError'{0x000000070d0af840}: java.lang.invoke.DirectMethodHandle$Holder.invokeSpecial(Ljava/lang/Object;Ljava/lang/Object;Ljava/lang/Object;Ljava/lang/Object;Ljava/lang/Object;Ljava/lang/Object;Ljava/lang/Object;Ljava/la
Event: 0.762 Thread 0x000001f7a2801800 Exception <a 'java/lang/NoSuchMethodError'{0x000000070d0b39a0}: java.lang.invoke.Invokers$Holder.invoke_MT(Ljava/lang/Object;Ljava/lang/Object;Ljava/lang/Object;Ljava/lang/Object;Ljava/lang/Object;Ljava/lang/Object;Ljava/lang/Object;Ljava/lang/Object;Ljav
Event: 0.800 Thread 0x000001f7a2801800 Exception <a 'java/lang/NoSuchMethodError'{0x000000070cf680c8}: method resolution failed> (0x000000070cf680c8) thrown at [t:/workspace/open/src/hotspot/share/prims/methodHandles.cpp, line 1184]
Event: 0.800 Thread 0x000001f7a2801800 Exception <a 'java/lang/NoSuchMethodError'{0x000000070cf6b4f0}: java.lang.invoke.DirectMethodHandle$Holder.invokeStaticInit(Ljava/lang/Object;IIII)Ljava/lang/Object;> (0x000000070cf6b4f0) thrown at [t:/workspace/open/src/hotspot/share/interpreter/linkReso
Event: 0.936 Thread 0x000001f7a2801800 Exception <a 'java/lang/NoSuchMethodError'{0x000000070cfca428}: method resolution failed> (0x000000070cfca428) thrown at [t:/workspace/open/src/hotspot/share/prims/methodHandles.cpp, line 1184]
Event: 0.937 Thread 0x000001f7a2801800 Exception <a 'java/lang/NoSuchMethodError'{0x000000070cfcda20}: java.lang.invoke.DirectMethodHandle$Holder.invokeStaticInit(Ljava/lang/Object;Ljava/lang/Object;IIII)Ljava/lang/Object;> (0x000000070cfcda20) thrown at [t:/workspace/open/src/hotspot/share/in

Events (10 events):
Event: 1.398 loading class java/util/Vector$Itr
Event: 1.399 loading class java/util/Vector$Itr done
Event: 1.627 loading class jdk/internal/reflect/UnsafeFieldAccessorFactory
Event: 1.627 loading class jdk/internal/reflect/UnsafeFieldAccessorFactory done
Event: 1.627 loading class jdk/internal/reflect/UnsafeQualifiedObjectFieldAccessorImpl
Event: 1.627 loading class jdk/internal/reflect/UnsafeQualifiedFieldAccessorImpl
Event: 1.627 loading class jdk/internal/reflect/UnsafeQualifiedFieldAccessorImpl done
Event: 1.627 loading class jdk/internal/reflect/UnsafeQualifiedObjectFieldAccessorImpl done
Event: 1.632 loading class jdk/internal/math/FDBigInteger
Event: 1.633 loading class jdk/internal/math/FDBigInteger done


Dynamic libraries:
0x00007ff793590000 - 0x00007ff7935ce000 	C:\Program Files\Java\jdk-10\bin\javaw.exe
0x00007ffaa0be0000 - 0x00007ffaa0dc0000 	C:\WINDOWS\SYSTEM32\ntdll.dll
0x00007ffa9e6d0000 - 0x00007ffa9e77e000 	C:\WINDOWS\System32\KERNEL32.DLL
0x00007ffa9de40000 - 0x00007ffa9e0a6000 	C:\WINDOWS\System32\KERNELBASE.dll
0x00007ffaa0aa0000 - 0x00007ffaa0b41000 	C:\WINDOWS\System32\ADVAPI32.dll
0x00007ffaa0460000 - 0x00007ffaa04fd000 	C:\WINDOWS\System32\msvcrt.dll
0x00007ffaa03a0000 - 0x00007ffaa03fb000 	C:\WINDOWS\System32\sechost.dll
0x00007ffa9e470000 - 0x00007ffa9e58f000 	C:\WINDOWS\System32\RPCRT4.dll
0x00007ffa9e780000 - 0x00007ffa9e90f000 	C:\WINDOWS\System32\USER32.dll
0x00007ffa9da50000 - 0x00007ffa9da70000 	C:\WINDOWS\System32\win32u.dll
0x00007ffa9ecb0000 - 0x00007ffa9ecd8000 	C:\WINDOWS\System32\GDI32.dll
0x00007ffa9cfe0000 - 0x00007ffa9d173000 	C:\WINDOWS\System32\gdi32full.dll
0x00007ffa9da70000 - 0x00007ffa9db0b000 	C:\WINDOWS\System32\msvcp_win.dll
0x00007ffa9d950000 - 0x00007ffa9da46000 	C:\WINDOWS\System32\ucrtbase.dll
0x00007ffa92740000 - 0x00007ffa929a9000 	C:\WINDOWS\WinSxS\amd64_microsoft.windows.common-controls_6595b64144ccf1df_6.0.16299.309_none_15cfd4c4935e6b11\COMCTL32.dll
0x00007ffa92b90000 - 0x00007ffa92b9a000 	C:\WINDOWS\SYSTEM32\VERSION.dll
0x00007ffa9e0b0000 - 0x00007ffa9e3b8000 	C:\WINDOWS\System32\combase.dll
0x00007ffa9d8d0000 - 0x00007ffa9d942000 	C:\WINDOWS\System32\bcryptPrimitives.dll
0x00007ffa9e590000 - 0x00007ffa9e5bd000 	C:\WINDOWS\System32\IMM32.DLL
0x00007ffa7fe30000 - 0x00007ffa7ff1f000 	C:\Program Files\Java\jdk-10\bin\msvcr120.dll
0x00007ffa88ea0000 - 0x00007ffa88f46000 	C:\Program Files\Java\jdk-10\bin\msvcp120.dll
0x0000000069c20000 - 0x000000006a68e000 	C:\Program Files\Java\jdk-10\bin\server\jvm.dll
0x00007ffa9eab0000 - 0x00007ffa9eab8000 	C:\WINDOWS\System32\PSAPI.DLL
0x00007ffa91f30000 - 0x00007ffa91f39000 	C:\WINDOWS\SYSTEM32\WSOCK32.dll
0x00007ffa9eac0000 - 0x00007ffa9eb2c000 	C:\WINDOWS\System32\WS2_32.dll
0x00007ffa9a980000 - 0x00007ffa9a9a3000 	C:\WINDOWS\SYSTEM32\WINMM.dll
0x00007ffa9a950000 - 0x00007ffa9a97a000 	C:\WINDOWS\SYSTEM32\WINMMBASE.dll
0x00007ffa9dd40000 - 0x00007ffa9dd8a000 	C:\WINDOWS\System32\cfgmgr32.dll
0x00007ffa95d30000 - 0x00007ffa95d3f000 	C:\Program Files\Java\jdk-10\bin\verify.dll
0x00007ffa9bc90000 - 0x00007ffa9be58000 	C:\WINDOWS\SYSTEM32\DBGHELP.DLL
0x00007ffa91eb0000 - 0x00007ffa91ed9000 	C:\WINDOWS\SYSTEM32\dbgcore.DLL
0x00007ffa8c370000 - 0x00007ffa8c397000 	C:\Program Files\Java\jdk-10\bin\java.dll
0x00007ffa8c350000 - 0x00007ffa8c366000 	C:\Program Files\Java\jdk-10\bin\zip.dll
0x00007ffa8c290000 - 0x00007ffa8c29a000 	C:\Program Files\Java\jdk-10\bin\jimage.dll
0x00007ffa9ee50000 - 0x00007ffaa0286000 	C:\WINDOWS\System32\SHELL32.dll
0x00007ffa9e3c0000 - 0x00007ffa9e466000 	C:\WINDOWS\System32\shcore.dll
0x00007ffa9d180000 - 0x00007ffa9d8c7000 	C:\WINDOWS\System32\windows.storage.dll
0x00007ffa9e5c0000 - 0x00007ffa9e611000 	C:\WINDOWS\System32\shlwapi.dll
0x00007ffa9cf30000 - 0x00007ffa9cf41000 	C:\WINDOWS\System32\kernel.appcore.dll
0x00007ffa9cf70000 - 0x00007ffa9cfbc000 	C:\WINDOWS\System32\powrprof.dll
0x00007ffa9cf50000 - 0x00007ffa9cf6b000 	C:\WINDOWS\System32\profapi.dll
0x00007ffa74f30000 - 0x00007ffa74f4a000 	C:\Program Files\Java\jdk-10\bin\net.dll
0x00007ffa94980000 - 0x00007ffa94a5e000 	C:\WINDOWS\SYSTEM32\WINHTTP.dll
0x00007ffa9c760000 - 0x00007ffa9c7c6000 	C:\WINDOWS\system32\mswsock.dll
0x00007ffa6b910000 - 0x00007ffa6b921000 	C:\Program Files\Java\jdk-10\bin\nio.dll
0x00007ffa6dda0000 - 0x00007ffa6df3b000 	C:\Program Files\Java\jdk-10\bin\awt.dll
0x00007ffaa0580000 - 0x00007ffaa0645000 	C:\WINDOWS\System32\OLEAUT32.dll
0x00007ffa9a280000 - 0x00007ffa9a838000 	C:\WINDOWS\SYSTEM32\d2d1.dll
0x00007ffa9db10000 - 0x00007ffa9dcde000 	C:\WINDOWS\System32\CRYPT32.dll
0x00007ffa9cfc0000 - 0x00007ffa9cfd2000 	C:\WINDOWS\System32\MSASN1.dll
0x00007ffa9afd0000 - 0x00007ffa9b058000 	C:\WINDOWS\SYSTEM32\apphelp.dll
0x00007ffa9c920000 - 0x00007ffa9c937000 	C:\WINDOWS\SYSTEM32\CRYPTSP.dll
0x00007ffa9c360000 - 0x00007ffa9c393000 	C:\WINDOWS\system32\rsaenh.dll
0x00007ffa9ca90000 - 0x00007ffa9cab5000 	C:\WINDOWS\SYSTEM32\bcrypt.dll
0x00007ffa9ce60000 - 0x00007ffa9ce89000 	C:\WINDOWS\SYSTEM32\USERENV.dll
0x00007ffa9c940000 - 0x00007ffa9c94b000 	C:\WINDOWS\SYSTEM32\CRYPTBASE.dll
0x00007ffa9c4f0000 - 0x00007ffa9c529000 	C:\WINDOWS\SYSTEM32\IPHLPAPI.DLL
0x00007ffa9e620000 - 0x00007ffa9e628000 	C:\WINDOWS\System32\NSI.dll
0x00007ffa94dc0000 - 0x00007ffa94dd6000 	C:\WINDOWS\SYSTEM32\dhcpcsvc6.DLL
0x00007ffa956d0000 - 0x00007ffa956ea000 	C:\WINDOWS\SYSTEM32\dhcpcsvc.DLL
0x00007ffa95930000 - 0x00007ffa95956000 	C:\Users\Joe Junior\AppData\Local\Temp\libaparapi_x86_64911543467385648833.dll
0x00007ffa7f670000 - 0x00007ffa7f73e000 	C:\WINDOWS\SYSTEM32\MSVCR110.dll
0x00007ffa8a140000 - 0x00007ffa8a162000 	C:\WINDOWS\SYSTEM32\OpenCL.dll
0x00007ffa6c700000 - 0x00007ffa6c7a7000 	C:\WINDOWS\SYSTEM32\MSVCP110.dll
0x00007ffa5b3e0000 - 0x00007ffa5b59e000 	C:\WINDOWS\SYSTEM32\IntelOpenCLProfiler.dll
0x00007ffa6dd20000 - 0x00007ffa6dd97000 	C:\WINDOWS\SYSTEM32\intelopencl64_2_1.dll
0x00007ffa5b200000 - 0x00007ffa5b3d9000 	C:\Program Files (x86)\Common Files\Intel\OpenCL2.1\bin\x64\intelocl64.dll
0x00007ffa6ae30000 - 0x00007ffa6aedb000 	C:\Program Files (x86)\Common Files\Intel\OpenCL2.1\bin\x64\task_executor64_2_1.dll
0x00007ffa7dd10000 - 0x00007ffa7de2e000 	C:\WINDOWS\SYSTEM32\OPENGL32.dll
0x00007ffa808e0000 - 0x00007ffa8090c000 	C:\WINDOWS\SYSTEM32\GLU32.dll
0x00007ffa699d0000 - 0x00007ffa69ab7000 	C:\Program Files (x86)\Common Files\Intel\OpenCL2.1\bin\x64\cpu_device64_2_1.dll
0x00007ffa6ada0000 - 0x00007ffa6ae24000 	C:\WINDOWS\System32\DriverStore\FileRepository\ki124164.inf_amd64_85b60d2b8c3af983\IntelOpenCL64.dll
0x00007ffa5b030000 - 0x00007ffa5b200000 	C:\Program Files (x86)\Common Files\Intel\OpenCL\bin\x64\intelocl64.dll
0x00007ffa5f710000 - 0x00007ffa5f7bb000 	C:\Program Files (x86)\Common Files\Intel\OpenCL\bin\x64\task_executor64.dll
0x00007ffa5af40000 - 0x00007ffa5b029000 	C:\Program Files (x86)\Common Files\Intel\OpenCL\bin\x64\cpu_device64.dll
0x00007ffa5a600000 - 0x00007ffa5aa3a000 	C:\WINDOWS\System32\DriverStore\FileRepository\ki124164.inf_amd64_85b60d2b8c3af983\igdrcl64.dll
0x00007ffa9b9e0000 - 0x00007ffa9ba8f000 	C:\WINDOWS\SYSTEM32\dxgi.dll
0x00007ffa88e70000 - 0x00007ffa88e93000 	C:\WINDOWS\system32\igfxdbgxchg64.dll
0x00007ffa95850000 - 0x00007ffa95866000 	C:\Program Files\Java\jdk-10\bin\VCRUNTIME140.dll
0x00007ffa63750000 - 0x00007ffa637ec000 	C:\Program Files\Java\jdk-10\bin\MSVCP140.dll
0x00007ffa81060000 - 0x00007ffa81091000 	C:\WINDOWS\SYSTEM32\igfxdbginfo.dll
0x00007ffa7f630000 - 0x00007ffa7f662000 	C:\WINDOWS\SYSTEM32\elfdwarf.dll
0x00007ffa59f30000 - 0x00007ffa5a5f2000 	C:\WINDOWS\System32\DriverStore\FileRepository\ki124164.inf_amd64_85b60d2b8c3af983\igdmcl64.dll
0x00007ffa96060000 - 0x00007ffa97662000 	C:\WINDOWS\System32\DriverStore\FileRepository\ki124164.inf_amd64_85b60d2b8c3af983\igc64.dll
0x00007ffa5f650000 - 0x00007ffa5f702000 	C:\WINDOWS\System32\DriverStore\FileRepository\ki124164.inf_amd64_85b60d2b8c3af983\igdfcl64.dll
0x00007ffa55430000 - 0x00007ffa57efa000 	C:\WINDOWS\System32\DriverStore\FileRepository\ki124164.inf_amd64_85b60d2b8c3af983\common_clang64.dll
0x00007ffa9eb50000 - 0x00007ffa9ec99000 	C:\WINDOWS\System32\ole32.dll

dbghelp: loaded successfully - version: 4.0.5 - missing functions: none
symbol engine: initialized successfully - sym options: 0x614 - pdb path: .;C:\Program Files\Java\jdk-10\bin;C:\WINDOWS\SYSTEM32;C:\WINDOWS\WinSxS\amd64_microsoft.windows.common-controls_6595b64144ccf1df_6.0.16299.309_none_15cfd4c4935e6b11;C:\Program Files\Java\jdk-10\bin\server;C:\Users\Joe Junior\AppData\Local\Temp;C:\Program Files (x86)\Common Files\Intel\OpenCL2.1\bin\x64;C:\WINDOWS\System32\DriverStore\FileRepository\ki124164.inf_amd64_85b60d2b8c3af983;C:\Program Files (x86)\Common Files\Intel\OpenCL\bin\x64

VM Arguments:
jvm_args: -Dfile.encoding=Cp1252 
java_command: com.dezzy.skorp3.Skorp3
java_class_path (initial): C:\Program Files\Java\jdk-10\lib\jrt-fs.jar;C:\Users\Joe Junior\git\Skorp-3\bin;C:\Users\Joe Junior\.p2\pool\plugins\org.junit.jupiter.api_5.0.0.v20170910-2246.jar;C:\Users\Joe Junior\.p2\pool\plugins\org.junit.jupiter.engine_5.0.0.v20170910-2246.jar;C:\Users\Joe Junior\.p2\pool\plugins\org.junit.jupiter.migrationsupport_5.0.0.v20170910-2246.jar;C:\Users\Joe Junior\.p2\pool\plugins\org.junit.jupiter.params_5.0.0.v20170910-2246.jar;C:\Users\Joe Junior\.p2\pool\plugins\org.junit.platform.commons_1.0.0.v20170910-2246.jar;C:\Users\Joe Junior\.p2\pool\plugins\org.junit.platform.engine_1.0.0.v20170910-2246.jar;C:\Users\Joe Junior\.p2\pool\plugins\org.junit.platform.launcher_1.0.0.v20170910-2246.jar;C:\Users\Joe Junior\.p2\pool\plugins\org.junit.platform.runner_1.0.0.v20170910-2246.jar;C:\Users\Joe Junior\.p2\pool\plugins\org.junit.platform.suite.api_1.0.0.v20170910-2246.jar;C:\Users\Joe Junior\.p2\pool\plugins\org.junit.vintage.engine_4.12.0.v20170910-2246.jar;C:\Users\Joe Junior\.p2\pool\plugins\org.opentest4j_1.0.0.v20170910-2246.jar;C:\Users\Joe Junior\.p2\pool\plugins\org.apiguardian_1.0.0.v20170910-2246.jar;C:\Users\Joe Junior\.p2\pool\plugins\org.junit_4.12.0.v201504281640\junit.jar;C:\Users\Joe Junior\.p2\pool\plugins\org.hamcrest.core_1.3.0.v201303031735.jar;C:\Users\Joe Junior\git\Skorp-3\lib\aparapi\aparapi\1.4.1\aparapi-1.4.1-sources.jar;C:\Users\Joe Junior\git\Skorp-3\lib\aparapi\aparapi\1.4.1\aparapi-1.4.1.jar;C:\Users\Joe Junior\git\Skorp-3\lib\aparapi\aparapi-jni\1.1.2\aparapi-jni-1.1.2.jar
Launcher Type: SUN_STANDARD

Logging:
Log output configuration:
#0: stdout all=warning uptime,level,tags
#1: stderr all=off uptime,level,tags

Environment Variables:
PATH=C:/PROGRA~1/Java/jdk-10/bin/server;C:/PROGRA~1/Java/jdk-10/bin;C:\Program Files\Haskell\bin;C:\Program Files\Haskell Platform\8.2.2\lib\extralibs\bin;C:\Program Files\Haskell Platform\8.2.2\bin;C:\Program Files (x86)\Intel\iCLS Client\;C:\Program Files (x86)\Git\bin;C:\Program Files (x86)\Git\libexec\git-core;C:\Intel\OpenCL\sdk\bin\x64;C:\Intel\OpenCL\sdk\bin\x86;C:\Intel\OpenCL\sdk\bin\Pin;C:\Intel\OpenCL\sdk\bin\GTPin;C:\ProgramData\Oracle\Java\javapath;C:\Program Files\Intel\iCLS Client\;C:\Windows\System32;C:\Windows;C:\Windows\System32\wbem;C:\Windows\System32\WindowsPowerShell\v1.0\;C:\Users\defaultuser0\Documents\Ndless-master\ndless-sdk\toolchain\install\bin;C:\Users\defaultuser0\Documents\Ndless-master\ndless-sdk\toolchain\bin;C:\Users\defaultuser0\Documents\Ndless-master\ndless-sdk\bin;\cygdrive\c\Users\defaultuser0\Documents\Ndless-master\ndless-sdk\toolchain\install\bin;\cygdrive\c\Users\defaultuser0\Documents\Ndless-master\ndless-sdk\bin;\cygdrive\c\Users\defaultuser0\Documents\Ndless-master\ndless-sdk\toolchain\...\bin;C:\Program Files\NASM\;C:\cygwin64\bin;C:\iverilog\bin;C:\iverilog\gtkwave\bin;C:\Program Files\Java\jdk-10\bin;C:\lisp\;C:\Program Files (x86)\Intel\Intel(R) Management Engine Components\DAL;C:\Program Files\Intel\Intel(R) Management Engine Components\DAL;C:\Program Files (x86)\Intel\Intel(R) Management Engine Components\IPT;C:\Program Files\Intel\Intel(R) Management Engine Components\IPT;C:\Leksah\bin\;C:\Program Files\Haskell Platform\8.2.2\mingw\bin;C:\Users\Joe Junior\AppData\Roaming\cabal\bin;C:\Users\Joe Junior\AppData\Roaming\local\bin;C:\Users\Joe Junior\AppData\Local\Microsoft\WindowsApps;C:\Users\Joe Junior\Desktop;
USERNAME=Boii
OS=Windows_NT
PROCESSOR_IDENTIFIER=Intel64 Family 6 Model 78 Stepping 3, GenuineIntel



---------------  S Y S T E M  ---------------

OS: Windows 10 , 64 bit Build 16299 (10.0.16299.15)

CPU:total 4 (initial active 4) (2 cores per cpu, 2 threads per core) family 6 model 78 stepping 3, cmov, cx8, fxsr, mmx, sse, sse2, sse3, ssse3, sse4.1, sse4.2, popcnt, avx, avx2, aes, clmul, erms, 3dnowpref, lzcnt, ht, tsc, tscinvbit, bmi1, bmi2, adx, fma

Memory: 4k page, physical 12470176k(6851288k free), swap 16533408k(10506764k free)

vm_info: Java HotSpot(TM) 64-Bit Server VM (10-ea+39) for windows-amd64 JRE (10-ea+39), built on Jan 11 2018 21:17:33 by "mach5one" with MS VC++ 12.0 (VS2013)

END.
